SF:lib/repository/result/result_mixin.dart
DA:6,0
DA:8,0
DA:14,0
DA:18,0
DA:19,0
DA:23,0
DA:24,0
DA:29,0
DA:30,0
DA:34,0
DA:35,0
DA:39,0
DA:40,0
DA:45,0
DA:57,0
DA:82,0
DA:85,0
DA:89,0
DA:92,0
DA:93,0
DA:94,0
DA:95,0
DA:106,347
DA:111,0
DA:113,0
DA:116,0
DA:119,0
DA:120,0
DA:121,0
DA:124,0
DA:126,0
DA:130,0
DA:134,0
DA:136,7
DA:142,14
DA:145,0
DA:151,0
DA:154,0
DA:162,0
DA:164,0
DA:167,0
DA:173,0
DA:176,0
DA:182,0
DA:185,0
DA:193,0
DA:195,0
DA:206,0
DA:208,0
DA:225,0
DA:228,0
DA:232,0
DA:235,0
DA:242,380
DA:247,0
DA:249,0
DA:252,0
DA:255,0
DA:256,0
DA:257,0
DA:260,0
DA:262,0
DA:266,0
DA:270,0
DA:272,4
DA:278,8
DA:281,0
DA:287,0
DA:290,0
DA:298,0
DA:300,0
DA:303,0
DA:309,0
DA:312,0
DA:318,0
DA:321,0
DA:329,0
DA:331,0
DA:342,0
DA:344,0
LF:80
LH:6
end_of_record
SF:lib/repository/remote_config_repository.dart
DA:6,1
DA:8,2
DA:9,2
DA:11,1
DA:12,2
DA:13,1
DA:20,1
DA:21,3
DA:22,1
DA:23,1
DA:27,1
DA:28,4
DA:31,1
DA:32,2
DA:35,4
DA:36,4
LF:16
LH:16
end_of_record
SF:lib/core/remote_config_core.dart
DA:5,2
DA:6,2
DA:7,2
DA:8,2
LF:4
LH:4
end_of_record
SF:lib/extension/remote_config_key_extension.dart
DA:4,3
DA:5,6
LF:2
LH:2
end_of_record
SF:lib/repository/auth_repository.dart
DA:7,1
DA:11,1
DA:13,2
DA:14,1
DA:17,0
DA:19,1
DA:22,1
DA:23,1
DA:27,0
DA:29,0
DA:30,0
DA:31,0
DA:34,0
DA:36,0
DA:38,0
DA:39,0
DA:40,0
DA:41,0
DA:45,0
DA:47,0
DA:48,0
DA:49,0
DA:52,0
DA:54,0
DA:56,0
DA:57,0
DA:58,0
DA:59,0
DA:63,1
DA:65,2
DA:68,1
DA:69,1
DA:73,1
DA:77,2
DA:79,1
DA:81,1
DA:82,1
DA:83,0
DA:85,1
DA:88,1
DA:91,1
DA:94,1
DA:98,1
DA:102,1
DA:104,2
DA:106,1
DA:108,1
DA:109,1
DA:110,1
DA:113,1
DA:117,1
DA:121,0
DA:122,0
DA:124,0
DA:126,0
DA:128,0
LF:56
LH:29
end_of_record
SF:lib/app/flavors.dart
DA:6,0
DA:8,0
DA:10,0
DA:12,0
LF:4
LH:0
end_of_record
SF:lib/app/my_app.dart
DA:9,34
DA:10,0
DA:12,0
DA:13,0
DA:14,0
DA:16,0
DA:17,0
DA:19,0
DA:20,0
DA:21,0
LF:10
LH:1
end_of_record
SF:lib/provider/keep_alive/app_router/app_router_provider.g.dart
DA:9,0
DA:13,0
LF:2
LH:0
end_of_record
SF:lib/provider/keep_alive/app_router/app_router_provider.dart
DA:6,0
DA:7,0
LF:2
LH:0
end_of_record
SF:lib/provider/keep_alive/notifier/local_setting/local_setting.dart
DA:9,0
DA:11,0
DA:12,0
DA:13,0
DA:14,0
DA:20,0
DA:21,0
DA:22,0
DA:25,0
DA:26,0
DA:27,0
LF:11
LH:0
end_of_record
SF:lib/provider/keep_alive/notifier/local_setting/local_setting.g.dart
DA:9,0
DA:13,0
DA:14,0
LF:3
LH:0
end_of_record
SF:lib/ui_core/theme_ui_core.dart
DA:5,0
DA:6,0
DA:11,0
DA:12,0
DA:21,0
DA:22,0
DA:25,0
DA:28,0
LF:8
LH:0
end_of_record
SF:lib/app/router/app_router.dart
DA:25,0
DA:27,0
DA:29,0
DA:30,0
DA:33,0
DA:34,0
DA:35,0
DA:38,0
DA:39,0
DA:42,0
DA:43,0
DA:44,0
DA:45,0
DA:46,0
DA:47,0
DA:48,0
DA:49,0
DA:50,0
DA:51,0
DA:52,0
DA:55,0
DA:56,0
DA:57,0
DA:58,0
LF:24
LH:0
end_of_record
SF:lib/provider/keep_alive/notifier/remote_config/remote_config_provider.dart
DA:11,0
DA:12,0
DA:13,0
DA:15,0
DA:16,0
DA:17,0
DA:18,0
DA:21,0
DA:22,0
DA:23,0
DA:24,0
LF:11
LH:0
end_of_record
SF:lib/provider/keep_alive/notifier/remote_config/remote_config_provider.g.dart
DA:9,0
DA:14,0
DA:15,0
LF:3
LH:0
end_of_record
SF:lib/views/accounts_page.dart
DA:15,34
DA:18,0
DA:20,0
DA:21,0
DA:22,0
DA:23,0
DA:24,0
DA:26,0
DA:27,0
DA:28,0
DA:29,0
DA:30,0
DA:31,0
DA:32,0
DA:34,0
DA:35,0
DA:36,0
DA:38,0
DA:39,0
DA:42,0
DA:43,0
DA:44,0
DA:45,0
DA:46,0
DA:48,0
DA:49,0
DA:53,0
DA:60,0
DA:63,0
LF:29
LH:1
end_of_record
SF:lib/views/admin_page.dart
DA:10,34
DA:12,0
DA:14,0
DA:16,0
DA:17,0
DA:18,0
DA:19,0
DA:20,0
DA:22,0
DA:23,0
DA:27,0
DA:29,0
DA:31,0
DA:32,0
DA:37,0
DA:38,0
LF:16
LH:1
end_of_record
SF:lib/views/auth/login_page.dart
DA:11,34
DA:13,0
DA:15,0
DA:16,0
DA:17,0
DA:18,0
DA:19,0
DA:20,0
DA:21,0
DA:22,0
DA:23,0
DA:24,0
DA:25,0
DA:28,0
DA:34,0
DA:35,0
DA:36,0
DA:37,0
DA:38,0
DA:39,0
DA:42,0
LF:21
LH:1
end_of_record
SF:lib/views/auth/logouted_page.dart
DA:7,34
DA:9,0
LF:2
LH:1
end_of_record
SF:lib/views/auth/reauthenticate_to_delete_page.dart
DA:13,34
DA:15,0
DA:17,0
DA:18,0
DA:19,0
DA:20,0
DA:21,0
DA:22,0
DA:23,0
DA:24,0
DA:25,0
DA:26,0
DA:27,0
DA:29,0
DA:31,0
DA:37,0
DA:40,0
DA:41,0
DA:42,0
DA:43,0
DA:44,0
DA:45,0
DA:47,0
DA:49,0
DA:53,0
LF:25
LH:1
end_of_record
SF:lib/views/auth/user_deleted_page.dart
DA:7,34
DA:9,0
LF:2
LH:1
end_of_record
SF:lib/views/maintenance/maintenance_page.dart
DA:10,34
DA:12,0
DA:14,0
DA:15,0
DA:16,0
DA:18,0
DA:20,0
DA:21,0
DA:22,0
DA:24,0
LF:10
LH:1
end_of_record
SF:lib/views/check_page/first_page.dart
DA:10,34
DA:12,0
DA:14,0
DA:15,0
LF:4
LH:1
end_of_record
SF:lib/views/create_post/create_post_page.dart
DA:21,0
DA:27,0
DA:29,0
DA:30,0
DA:31,0
DA:32,0
DA:33,0
DA:35,0
DA:36,0
DA:38,0
DA:41,0
DA:43,0
DA:44,0
DA:45,0
DA:49,0
DA:50,0
DA:59,0
DA:60,0
DA:61,0
DA:64,0
DA:70,0
DA:71,0
DA:72,0
DA:75,0
DA:78,0
DA:79,0
DA:80,0
DA:81,0
DA:82,0
DA:83,0
DA:85,0
DA:86,0
DA:92,0
DA:93,0
DA:97,0
DA:102,0
DA:103,0
DA:108,0
DA:109,0
DA:112,0
DA:113,0
DA:114,0
DA:116,0
DA:117,0
DA:121,0
DA:131,0
DA:132,0
DA:137,0
DA:138,0
DA:144,0
DA:145,0
DA:146,0
DA:148,0
DA:149,0
DA:161,0
DA:162,0
DA:164,0
DA:165,0
DA:168,0
DA:169,0
DA:170,0
DA:172,0
DA:173,0
DA:174,0
DA:175,0
DA:185,0
DA:186,0
DA:187,0
DA:188,0
DA:189,0
DA:190,0
DA:191,0
DA:195,0
DA:196,0
DA:197,0
DA:198,0
DA:206,0
DA:208,0
DA:209,0
DA:210,0
DA:211,0
DA:218,34
DA:219,0
DA:221,0
DA:222,0
DA:223,0
DA:225,0
LF:87
LH:1
end_of_record
SF:lib/views/edit_page.dart
DA:22,34
DA:25,0
DA:28,0
DA:29,0
DA:30,0
DA:32,0
DA:33,0
DA:34,0
DA:35,0
DA:40,0
DA:41,0
DA:43,0
DA:44,0
DA:45,0
DA:47,0
DA:48,0
DA:52,0
DA:53,0
DA:61,0
DA:62,0
DA:64,0
DA:65,0
DA:68,0
DA:69,0
DA:70,0
DA:72,0
DA:73,0
DA:81,0
DA:82,0
DA:83,0
DA:85,0
DA:86,0
DA:90,0
DA:92,0
DA:93,0
DA:94,0
DA:102,0
DA:103,0
DA:104,0
DA:105,0
DA:106,0
DA:108,0
DA:109,0
DA:114,0
DA:115,0
DA:116,0
DA:118,0
DA:120,0
DA:122,0
DA:125,0
DA:126,0
DA:127,0
DA:128,0
DA:129,0
DA:130,0
DA:131,0
DA:132,0
DA:133,0
DA:134,0
DA:135,0
DA:136,0
DA:141,0
DA:142,0
DA:150,0
DA:152,0
DA:153,0
DA:155,0
DA:157,0
DA:161,0
DA:162,0
LF:70
LH:1
end_of_record
SF:lib/views/generate_image/generate_image_page.dart
DA:19,34
DA:21,0
DA:23,0
DA:24,0
DA:25,0
DA:26,0
DA:27,0
DA:28,0
DA:30,0
DA:31,0
DA:32,0
DA:33,0
DA:35,0
DA:37,0
DA:39,0
DA:44,0
DA:47,0
DA:48,0
DA:51,0
DA:52,0
DA:53,0
DA:55,0
DA:56,0
DA:57,0
DA:59,0
DA:61,0
DA:66,0
DA:68,0
DA:69,0
DA:70,0
DA:71,0
DA:73,0
DA:74,0
DA:75,0
DA:77,0
DA:78,0
DA:86,0
DA:87,0
LF:38
LH:1
end_of_record
SF:lib/views/main/subscribe/subscribe_page.dart
DA:8,34
DA:10,0
LF:2
LH:1
end_of_record
SF:lib/views/mute/mute_posts/mute_posts_page.dart
DA:10,34
DA:12,0
DA:14,0
DA:15,0
DA:16,0
DA:18,0
DA:19,0
DA:20,0
DA:22,0
DA:23,0
DA:24,0
LF:11
LH:1
end_of_record
SF:lib/views/mute/mute_users/mute_users_page.dart
DA:15,34
DA:17,0
DA:19,0
DA:20,0
DA:21,0
DA:22,0
DA:23,0
DA:25,0
DA:26,0
DA:27,0
DA:28,0
DA:29,0
DA:30,0
DA:31,0
DA:32,0
DA:33,0
DA:34,0
DA:35,0
DA:39,0
DA:41,0
DA:42,0
DA:43,0
DA:44,0
DA:45,0
DA:47,0
LF:25
LH:1
end_of_record
SF:lib/views/chat/chat_page.dart
DA:33,0
DA:43,0
DA:44,0
DA:46,0
DA:48,0
DA:49,0
DA:50,0
DA:52,0
DA:53,0
DA:54,0
DA:57,0
DA:58,0
DA:59,0
DA:60,0
DA:61,0
DA:64,0
DA:65,0
DA:67,0
DA:70,0
DA:71,0
DA:72,0
DA:73,0
DA:74,0
DA:76,0
DA:80,0
DA:82,0
DA:83,0
DA:84,0
DA:86,0
DA:88,0
DA:89,0
DA:90,0
DA:91,0
DA:93,0
DA:94,0
DA:95,0
DA:97,0
DA:98,0
DA:100,0
DA:101,0
DA:102,0
DA:103,0
DA:104,0
DA:105,0
DA:107,0
DA:110,0
DA:111,0
DA:112,0
DA:121,0
DA:122,0
DA:123,0
DA:124,0
DA:126,0
DA:128,0
DA:129,0
DA:131,0
DA:132,0
DA:134,0
DA:137,0
DA:142,0
DA:143,0
DA:144,0
DA:151,0
DA:153,0
DA:154,0
DA:155,0
DA:158,0
DA:159,0
DA:160,0
DA:161,0
DA:162,0
DA:167,0
DA:168,0
DA:177,0
DA:178,0
DA:180,0
DA:182,0
DA:183,0
DA:184,0
DA:186,0
DA:187,0
DA:188,0
DA:190,0
DA:191,0
DA:193,0
DA:195,0
DA:197,0
DA:199,0
DA:200,0
DA:205,0
DA:206,0
DA:208,0
DA:210,0
DA:211,0
DA:212,0
DA:213,0
DA:216,0
DA:217,0
DA:218,0
DA:222,0
DA:223,0
DA:225,0
DA:226,0
DA:227,0
LF:104
LH:0
end_of_record
SF:lib/views/user_profile_page.dart
DA:10,0
DA:13,0
DA:14,0
DA:16,0
DA:17,0
DA:18,0
DA:19,0
DA:20,0
DA:22,0
DA:23,0
DA:25,0
DA:27,0
DA:28,0
LF:13
LH:0
end_of_record
SF:lib/app/run_app.dart
DA:13,0
DA:14,0
DA:15,0
DA:16,0
DA:17,0
DA:18,0
DA:19,0
DA:20,0
DA:21,0
DA:29,0
DA:31,0
DA:32,0
DA:33,0
DA:34,0
LF:14
LH:0
end_of_record
SF:lib/gen/firebase_options_dev.dart
DA:18,0
DA:20,0
DA:25,0
DA:26,0
DA:28,0
DA:30,0
DA:31,0
DA:35,0
DA:36,0
DA:40,0
DA:41,0
DA:46,0
LF:12
LH:0
end_of_record
SF:lib/gen/firebase_options_prod.dart
DA:18,0
DA:20,0
DA:25,0
DA:26,0
DA:28,0
DA:30,0
DA:31,0
DA:35,0
DA:36,0
DA:40,0
DA:41,0
DA:46,0
LF:12
LH:0
end_of_record
SF:lib/provider/overrides/prefs/prefs_provider.g.dart
DA:9,0
DA:13,0
LF:2
LH:0
end_of_record
SF:lib/provider/overrides/prefs/prefs_provider.dart
DA:6,0
DA:7,0
LF:2
LH:0
end_of_record
SF:lib/consts/form_consts.dart
DA:40,0
DA:41,0
LF:2
LH:0
end_of_record
SF:lib/consts/generate_image_constants.dart
DA:6,0
DA:8,0
DA:10,0
DA:12,0
LF:4
LH:0
end_of_record
SF:lib/consts/iap_constants/subscription_constants.dart
DA:3,0
DA:4,0
DA:5,0
DA:6,0
DA:7,0
DA:8,0
DA:9,0
DA:10,0
DA:11,0
DA:12,0
DA:13,0
DA:14,0
LF:12
LH:0
end_of_record
SF:lib/core/auth_core.dart
DA:5,1
DA:8,1
DA:15,1
DA:16,1
DA:18,1
DA:20,1
DA:22,1
LF:7
LH:7
end_of_record
SF:lib/core/aws_s3_core.dart
DA:2,2
DA:3,1
DA:4,1
LF:3
LH:3
end_of_record
SF:lib/core/credential_core.dart
DA:8,0
DA:9,0
DA:10,0
DA:16,0
DA:17,0
DA:18,0
DA:19,0
DA:24,0
DA:25,0
DA:27,0
DA:30,0
DA:32,0
DA:33,0
DA:34,0
LF:14
LH:0
end_of_record
SF:lib/core/date_core.dart
DA:2,1
DA:3,1
DA:4,1
DA:7,1
DA:8,1
DA:9,2
DA:12,1
DA:13,1
DA:14,2
LF:9
LH:9
end_of_record
SF:lib/core/id_core.dart
DA:4,2
DA:6,2
LF:2
LH:2
end_of_record
SF:lib/core/json_core.dart
DA:4,1
DA:5,1
DA:6,1
LF:3
LH:3
end_of_record
SF:lib/core/purchases_core.dart
DA:10,0
DA:11,0
DA:12,0
DA:13,0
DA:14,0
DA:16,0
DA:18,0
DA:19,0
DA:21,0
DA:22,0
DA:23,0
DA:26,0
DA:27,0
DA:29,0
DA:30,0
DA:31,0
DA:32,0
DA:35,0
DA:36,0
DA:37,0
DA:38,0
DA:41,0
DA:46,0
DA:47,0
DA:50,0
DA:58,0
DA:62,0
DA:63,0
DA:64,0
DA:66,0
DA:69,0
DA:73,0
DA:80,0
DA:81,0
DA:82,0
DA:87,0
DA:91,0
DA:95,1
DA:97,2
DA:98,1
DA:99,2
LF:41
LH:4
end_of_record
SF:lib/model/rest_api/verify_purchase/verified_purchase.dart
DA:15,2
DA:22,2
DA:23,2
DA:24,0
DA:25,0
DA:28,0
DA:29,0
DA:30,0
DA:31,0
DA:32,0
DA:33,0
DA:36,0
DA:37,0
DA:38,0
DA:40,0
DA:44,0
DA:45,0
DA:46,0
DA:47,0
DA:50,0
DA:51,0
DA:52,0
DA:55,0
DA:56,0
DA:57,0
DA:58,0
DA:61,0
DA:62,0
DA:65,0
DA:66,0
DA:67,0
DA:69,0
DA:73,0
DA:74,0
DA:75,0
DA:77,0
DA:81,0
DA:82,0
DA:83,0
DA:84,0
DA:86,0
DA:88,0
DA:89,0
DA:91,0
DA:93,0
LF:45
LH:3
end_of_record
SF:lib/model/rest_api/verify_purchase/verified_purchase.g.dart
DA:9,2
DA:10,2
DA:11,2
DA:12,2
DA:13,2
DA:14,2
DA:17,1
DA:18,1
DA:19,1
DA:20,1
DA:21,1
DA:22,1
LF:12
LH:12
end_of_record
SF:lib/core/route_core.dart
DA:7,0
DA:8,0
DA:11,0
DA:12,0
DA:15,0
DA:16,0
LF:6
LH:0
end_of_record
SF:lib/model/database_schema/post/post.dart
DA:14,3
DA:38,2
DA:39,0
DA:48,0
DA:49,0
DA:52,0
DA:53,0
DA:55,0
DA:56,0
DA:61,0
DA:62,0
DA:63,3
DA:64,0
DA:65,0
DA:66,0
DA:67,0
DA:68,0
DA:70,0
DA:73,0
DA:74,0
DA:75,0
DA:76,0
DA:77,0
DA:79,0
DA:82,0
DA:83,0
DA:85,0
DA:86,0
DA:87,0
DA:88,0
DA:89,0
DA:92,0
DA:93,0
DA:95,0
DA:96,0
DA:102,0
DA:103,0
LF:37
LH:3
end_of_record
SF:lib/model/database_schema/post/post.g.dart
DA:9,2
DA:10,2
DA:11,1
DA:12,1
DA:13,1
DA:15,1
DA:16,1
DA:17,1
DA:19,1
DA:21,4
DA:23,1
DA:24,2
DA:25,2
DA:27,1
DA:28,1
DA:29,1
DA:31,2
DA:32,2
DA:33,1
DA:34,2
DA:35,2
DA:36,1
DA:37,1
DA:38,1
DA:39,1
DA:40,2
DA:43,0
DA:44,0
DA:45,0
DA:46,0
DA:47,0
DA:48,0
DA:49,0
DA:50,0
DA:51,0
DA:52,0
DA:53,0
DA:54,0
DA:55,0
DA:56,0
DA:57,0
DA:58,0
DA:59,0
DA:60,0
DA:61,0
DA:62,0
DA:63,0
DA:64,0
LF:48
LH:26
end_of_record
SF:lib/core/search_core.dart
DA:4,2
DA:5,2
DA:6,2
DA:7,4
DA:8,2
DA:13,2
DA:14,2
DA:15,2
DA:16,4
DA:19,4
DA:20,2
DA:21,2
DA:25,2
DA:26,1
DA:30,2
DA:32,2
DA:33,2
DA:34,1
DA:37,8
DA:38,4
DA:39,2
DA:40,2
LF:22
LH:22
end_of_record
SF:lib/core/url_redirector.dart
DA:6,3
DA:7,0
DA:8,0
DA:12,3
DA:13,0
DA:14,0
DA:18,3
DA:19,0
DA:20,0
LF:9
LH:3
end_of_record
SF:lib/extension/custom_date_time_formatting.dart
DA:3,1
DA:4,3
DA:5,3
DA:6,1
DA:10,1
DA:11,9
DA:15,1
DA:17,4
DA:20,1
DA:21,1
DA:22,1
DA:23,1
DA:24,7
DA:25,2
DA:27,2
DA:29,2
DA:30,1
DA:31,2
DA:32,5
DA:34,8
LF:20
LH:20
end_of_record
SF:lib/extension/double_extensions.dart
DA:2,2
DA:3,2
DA:8,6
LF:3
LH:3
end_of_record
SF:lib/extension/number_format_extension.dart
DA:2,1
DA:3,1
DA:4,3
DA:5,1
DA:6,3
DA:7,1
DA:8,3
DA:10,1
LF:8
LH:8
end_of_record
SF:lib/extension/purchase_details_extension.dart
DA:4,2
DA:5,2
DA:6,2
DA:7,2
DA:8,2
DA:9,2
DA:10,4
DA:11,4
DA:12,4
DA:14,2
DA:15,4
DA:16,2
DA:20,1
DA:21,4
DA:22,3
DA:23,3
DA:24,5
LF:17
LH:17
end_of_record
SF:lib/extension/shared_preferences_extension.dart
DA:6,1
DA:7,1
DA:11,1
DA:15,2
DA:16,2
DA:20,2
DA:21,6
DA:25,1
DA:26,1
DA:30,1
DA:34,1
DA:35,1
DA:36,1
DA:39,2
DA:43,2
DA:44,2
DA:47,1
DA:48,1
DA:49,1
LF:19
LH:19
end_of_record
SF:lib/extension/string_extension.dart
DA:6,1
DA:7,2
DA:8,1
DA:9,2
DA:13,2
DA:14,4
DA:15,2
LF:7
LH:7
end_of_record
SF:lib/model/database_schema/custom_complete_text/custom_complete_text.dart
DA:7,0
DA:10,0
DA:11,0
LF:3
LH:0
end_of_record
SF:lib/model/database_schema/custom_complete_text/custom_complete_text.g.dart
DA:9,0
DA:10,0
DA:12,0
DA:13,0
LF:4
LH:0
end_of_record
SF:lib/model/database_schema/detected_image/detected_image.dart
DA:9,4
DA:16,1
DA:17,1
DA:18,0
DA:19,0
LF:5
LH:3
end_of_record
SF:lib/model/database_schema/detected_image/detected_image.g.dart
DA:9,1
DA:10,1
DA:11,1
DA:13,1
DA:14,0
DA:15,0
DA:17,1
DA:18,1
DA:21,2
DA:22,2
DA:23,2
DA:24,2
DA:25,2
DA:26,2
LF:14
LH:12
end_of_record
SF:lib/model/database_schema/moderation_label/moderation_label.dart
DA:13,0
DA:14,0
LF:2
LH:0
end_of_record
SF:lib/model/database_schema/moderation_label/moderation_label.g.dart
DA:9,0
DA:10,0
DA:11,0
DA:12,0
DA:13,0
DA:16,0
DA:17,0
DA:18,0
DA:19,0
DA:20,0
LF:10
LH:0
end_of_record
SF:lib/model/database_schema/detected_text/detected_text.dart
DA:19,2
DA:20,2
LF:2
LH:2
end_of_record
SF:lib/model/database_schema/detected_text/detected_text.g.dart
DA:9,2
DA:10,2
DA:11,2
DA:12,3
DA:13,3
DA:14,2
DA:15,2
DA:18,1
DA:19,1
DA:20,1
DA:21,1
DA:22,1
DA:23,1
DA:24,1
LF:14
LH:14
end_of_record
SF:lib/model/database_schema/follower/follower.dart
DA:9,1
DA:15,0
DA:16,0
DA:17,0
DA:18,0
DA:19,0
DA:25,0
LF:7
LH:1
end_of_record
SF:lib/model/database_schema/follower/follower.g.dart
DA:9,0
DA:10,0
DA:11,0
DA:12,0
DA:15,2
DA:16,1
DA:17,1
DA:18,1
LF:8
LH:4
end_of_record
SF:lib/model/database_schema/image_info/original_image_info.dart
DA:4,0
DA:7,0
DA:8,0
DA:9,0
LF:4
LH:0
end_of_record
SF:lib/model/database_schema/post_like/post_like.dart
DA:16,0
DA:17,0
DA:18,1
DA:19,1
DA:21,1
DA:22,1
DA:24,1
LF:7
LH:5
end_of_record
SF:lib/model/database_schema/post_like/post_like.g.dart
DA:9,0
DA:10,0
DA:11,0
DA:12,0
DA:13,0
DA:16,2
DA:17,1
DA:18,1
DA:19,1
DA:20,1
LF:10
LH:5
end_of_record
SF:lib/model/database_schema/post_mute/post_mute.dart
DA:15,0
DA:16,0
DA:17,1
DA:18,1
DA:20,1
DA:21,1
LF:6
LH:4
end_of_record
SF:lib/model/database_schema/post_mute/post_mute.g.dart
DA:9,0
DA:10,0
DA:11,0
DA:12,0
DA:15,0
DA:16,0
DA:17,0
DA:18,0
LF:8
LH:0
end_of_record
SF:lib/model/database_schema/private_user/private_user.dart
DA:10,0
DA:22,0
DA:23,0
DA:24,0
DA:25,0
DA:26,0
DA:27,0
LF:7
LH:0
end_of_record
SF:lib/model/database_schema/private_user/private_user.g.dart
DA:9,0
DA:10,0
DA:11,0
DA:12,0
DA:13,0
DA:14,0
DA:15,0
DA:16,0
DA:17,0
DA:18,0
DA:21,0
DA:22,0
DA:23,0
DA:24,0
DA:25,0
DA:26,0
DA:27,0
DA:28,0
DA:29,0
DA:30,0
DA:31,0
LF:21
LH:0
end_of_record
SF:lib/model/database_schema/public_user/public_user.dart
DA:13,1
DA:38,0
DA:39,0
DA:40,0
DA:46,0
DA:47,0
DA:51,0
DA:52,0
DA:57,0
DA:58,0
DA:61,0
DA:62,0
DA:65,0
DA:66,0
DA:67,0
DA:68,0
DA:69,3
DA:71,0
DA:72,1
DA:73,3
DA:75,2
DA:76,0
DA:77,0
DA:78,0
DA:79,0
DA:80,0
DA:81,0
DA:83,0
DA:84,0
DA:85,0
DA:87,0
DA:88,0
DA:90,0
DA:91,0
DA:92,0
DA:93,0
DA:94,0
DA:97,0
DA:98,0
DA:99,0
DA:101,0
DA:102,0
DA:104,0
LF:43
LH:5
end_of_record
SF:lib/model/database_schema/public_user/public_user.g.dart
DA:9,0
DA:10,0
DA:11,0
DA:12,0
DA:13,0
DA:14,0
DA:15,0
DA:16,0
DA:17,0
DA:18,0
DA:19,0
DA:21,0
DA:22,0
DA:23,0
DA:25,0
DA:26,0
DA:27,0
DA:28,0
DA:29,0
DA:30,0
DA:31,0
DA:32,0
DA:33,0
DA:35,0
DA:36,0
DA:37,0
DA:41,0
DA:42,0
DA:43,0
DA:44,0
DA:45,0
DA:46,0
DA:47,0
DA:48,0
DA:49,0
DA:50,0
DA:51,0
DA:52,0
DA:53,0
DA:54,0
DA:55,0
DA:56,0
DA:57,0
DA:58,0
DA:59,0
DA:60,0
DA:61,0
DA:62,0
DA:63,0
LF:49
LH:0
end_of_record
SF:lib/model/database_schema/text_message/text_message.dart
DA:15,1
DA:23,0
DA:24,0
DA:25,1
DA:26,1
DA:27,1
DA:28,1
DA:29,1
DA:30,2
DA:31,1
DA:34,1
DA:35,1
DA:36,1
DA:37,1
DA:38,1
DA:39,2
DA:43,2
DA:44,2
DA:45,1
DA:46,1
DA:47,1
DA:48,3
DA:51,2
DA:52,3
DA:53,0
DA:55,0
DA:56,0
DA:58,0
DA:59,0
LF:29
LH:22
end_of_record
SF:lib/model/database_schema/text_message/text_message.g.dart
DA:9,0
DA:10,0
DA:11,0
DA:12,0
DA:13,0
DA:14,0
DA:17,0
DA:18,0
DA:19,0
DA:20,0
DA:21,0
DA:22,0
DA:23,0
LF:13
LH:0
end_of_record
SF:lib/model/local_schema/save_text_msg/save_text_msg.dart
DA:9,1
DA:17,1
DA:18,1
DA:19,2
DA:20,2
DA:21,1
DA:22,1
DA:23,1
DA:24,2
LF:9
LH:9
end_of_record
SF:lib/model/local_schema/save_text_msg/save_text_msg.g.dart
DA:9,2
DA:10,2
DA:11,1
DA:12,1
DA:13,1
DA:14,1
DA:17,1
DA:18,1
DA:19,2
DA:20,1
DA:21,1
DA:22,1
DA:23,1
LF:13
LH:13
end_of_record
SF:lib/model/database_schema/timeline/timeline.dart
DA:14,0
DA:15,0
LF:2
LH:0
end_of_record
SF:lib/model/database_schema/timeline/timeline.g.dart
DA:9,0
DA:10,0
DA:11,0
DA:12,0
DA:13,0
DA:16,0
DA:17,0
DA:18,0
DA:19,0
DA:20,0
LF:10
LH:0
end_of_record
SF:lib/model/database_schema/tokens/following_token/following_token.dart
DA:12,1
DA:19,0
DA:20,0
DA:21,0
DA:22,0
DA:23,0
DA:24,0
DA:28,0
DA:31,0
LF:9
LH:1
end_of_record
SF:lib/model/database_schema/tokens/following_token/following_token.g.dart
DA:9,0
DA:10,0
DA:11,0
DA:12,0
DA:13,0
DA:14,0
DA:17,1
DA:18,1
DA:19,1
DA:20,1
DA:21,1
DA:22,1
LF:12
LH:6
end_of_record
SF:lib/model/database_schema/tokens/like_post_token/like_post_token.dart
DA:20,0
DA:21,0
DA:22,0
DA:23,0
DA:25,0
DA:26,0
DA:28,0
DA:29,0
DA:30,0
LF:9
LH:0
end_of_record
SF:lib/model/database_schema/tokens/like_post_token/like_post_token.g.dart
DA:9,0
DA:10,0
DA:11,0
DA:12,0
DA:13,0
DA:14,0
DA:15,0
DA:16,0
DA:19,1
DA:20,1
DA:21,1
DA:22,1
DA:23,1
DA:24,1
DA:25,1
DA:26,1
LF:16
LH:8
end_of_record
SF:lib/model/database_schema/tokens/mute_post_token/mute_post_token.dart
DA:19,0
DA:20,0
DA:21,0
DA:22,0
DA:24,0
DA:26,0
DA:27,0
DA:28,0
LF:8
LH:0
end_of_record
SF:lib/model/database_schema/tokens/mute_post_token/mute_post_token.g.dart
DA:9,0
DA:10,0
DA:11,0
DA:12,0
DA:13,0
DA:14,0
DA:15,0
DA:18,0
DA:19,0
DA:20,0
DA:21,0
DA:22,0
DA:23,0
DA:24,0
LF:14
LH:0
end_of_record
SF:lib/model/database_schema/tokens/mute_user_token/mute_user_token.dart
DA:20,0
DA:21,0
DA:22,0
DA:23,0
DA:24,0
DA:26,0
DA:28,0
DA:29,0
LF:8
LH:0
end_of_record
SF:lib/model/database_schema/tokens/mute_user_token/mute_user_token.g.dart
DA:9,0
DA:10,0
DA:11,0
DA:12,0
DA:13,0
DA:14,0
DA:15,0
DA:18,0
DA:19,0
DA:20,0
DA:21,0
DA:22,0
DA:23,0
DA:24,0
LF:14
LH:0
end_of_record
SF:lib/model/database_schema/user_mute/user_mute.dart
DA:15,0
DA:16,0
DA:17,1
DA:18,1
DA:19,1
DA:21,1
LF:6
LH:4
end_of_record
SF:lib/model/database_schema/user_mute/user_mute.g.dart
DA:9,0
DA:10,0
DA:11,0
DA:12,0
DA:15,0
DA:16,0
DA:17,0
DA:18,0
LF:8
LH:0
end_of_record
SF:lib/model/database_schema/user_update_log/user_update_log.dart
DA:19,0
DA:20,0
DA:21,1
DA:27,1
DA:28,1
DA:29,1
DA:30,1
DA:31,1
DA:33,2
LF:9
LH:7
end_of_record
SF:lib/model/database_schema/user_update_log/user_update_log.g.dart
DA:9,0
DA:10,0
DA:11,0
DA:12,0
DA:13,0
DA:14,0
DA:15,0
DA:16,0
DA:19,1
DA:20,1
DA:21,1
DA:22,1
DA:23,1
DA:24,1
DA:25,1
DA:26,1
LF:16
LH:8
end_of_record
SF:lib/model/global/current_user/current_user/current_user_state.dart
DA:9,0
DA:15,0
DA:16,0
DA:17,0
DA:18,0
LF:5
LH:0
end_of_record
SF:lib/model/global/current_user/current_user/current_user_state.g.dart
DA:9,0
DA:10,0
DA:12,0
DA:14,0
DA:16,0
DA:18,0
DA:19,0
DA:21,0
DA:24,0
DA:25,0
DA:26,0
DA:27,0
DA:28,0
LF:13
LH:0
end_of_record
SF:lib/model/global/local_setting/local_setting_state.dart
DA:8,0
DA:13,0
DA:14,0
LF:3
LH:0
end_of_record
SF:lib/model/global/local_setting/local_setting_state.g.dart
DA:9,0
DA:10,0
DA:11,0
DA:12,0
DA:15,0
DA:16,0
DA:17,0
DA:18,0
LF:8
LH:0
end_of_record
SF:lib/model/global/remote_config/remote_config_state.dart
DA:9,0
DA:14,0
DA:15,0
DA:16,0
DA:17,0
LF:5
LH:0
end_of_record
SF:lib/model/global/remote_config/remote_config_state.g.dart
DA:9,0
DA:10,0
DA:11,0
DA:12,0
DA:15,0
DA:16,0
DA:17,0
DA:18,0
LF:8
LH:0
end_of_record
SF:lib/model/global/tokens/tokens_state.dart
DA:12,0
DA:20,0
DA:21,0
DA:22,0
DA:23,0
DA:25,0
DA:27,0
DA:29,0
DA:31,0
DA:32,0
DA:33,0
LF:11
LH:0
end_of_record
SF:lib/model/global/tokens/tokens_state.g.dart
DA:9,0
DA:11,0
DA:12,0
DA:13,0
DA:16,0
DA:17,0
DA:18,0
DA:21,0
DA:22,0
DA:23,0
DA:26,0
DA:27,0
DA:28,0
DA:31,0
DA:32,0
DA:33,0
DA:37,0
DA:38,0
DA:39,0
DA:40,0
DA:41,0
DA:42,0
DA:43,0
LF:23
LH:0
end_of_record
SF:lib/model/rest_api/delete_object/request/delete_object_request.dart
DA:8,0
DA:11,0
DA:12,0
LF:3
LH:0
end_of_record
SF:lib/model/rest_api/delete_object/request/delete_object_request.g.dart
DA:9,0
DA:10,0
DA:12,0
DA:14,0
LF:4
LH:0
end_of_record
SF:lib/model/rest_api/delete_object/response/delete_object_response.dart
DA:8,2
DA:11,1
DA:12,1
LF:3
LH:3
end_of_record
SF:lib/model/rest_api/delete_object/response/delete_object_response.g.dart
DA:9,1
DA:11,1
DA:12,1
DA:15,0
DA:17,0
LF:5
LH:3
end_of_record
SF:lib/model/rest_api/get_object/request/get_object_request.dart
DA:8,2
DA:10,0
DA:11,0
LF:3
LH:1
end_of_record
SF:lib/model/rest_api/get_object/request/get_object_request.g.dart
DA:9,0
DA:10,0
DA:12,1
DA:13,2
LF:4
LH:2
end_of_record
SF:lib/model/rest_api/get_object/response/get_object_response.dart
DA:8,0
DA:11,0
DA:12,0
LF:3
LH:0
end_of_record
SF:lib/model/rest_api/get_object/response/get_object_response.g.dart
DA:9,0
DA:10,0
DA:12,0
DA:13,0
LF:4
LH:0
end_of_record
SF:lib/model/rest_api/open_ai/generate_image/request/generate_image_request.dart
DA:8,0
DA:13,0
DA:14,0
LF:3
LH:0
end_of_record
SF:lib/model/rest_api/open_ai/generate_image/request/generate_image_request.g.dart
DA:9,0
DA:11,0
DA:12,0
DA:13,0
DA:16,0
DA:18,0
LF:6
LH:0
end_of_record
SF:lib/model/rest_api/open_ai/generate_image/response/generate_image_response.dart
DA:8,1
DA:11,1
DA:12,1
LF:3
LH:3
end_of_record
SF:lib/model/rest_api/open_ai/generate_image/response/generate_image_response.g.dart
DA:9,1
DA:11,2
DA:13,0
DA:15,0
LF:4
LH:2
end_of_record
SF:lib/model/rest_api/open_ai/generate_text/request/generate_text_request.dart
DA:13,0
DA:14,0
DA:15,0
DA:19,0
DA:20,0
LF:5
LH:0
end_of_record
SF:lib/model/rest_api/open_ai/generate_text/request/generate_text_request.g.dart
DA:9,0
DA:10,0
DA:11,0
DA:13,0
DA:14,0
DA:15,0
DA:18,1
DA:20,3
LF:8
LH:2
end_of_record
SF:lib/model/rest_api/open_ai/generate_text/request/message/generate_text_request_message.dart
DA:12,0
DA:13,0
DA:14,0
DA:15,0
LF:4
LH:0
end_of_record
SF:lib/model/rest_api/open_ai/generate_text/request/message/generate_text_request_message.g.dart
DA:9,0
DA:11,0
DA:12,0
DA:13,0
DA:16,0
DA:18,0
LF:6
LH:0
end_of_record
SF:lib/model/rest_api/open_ai/generate_text/response/generate_text_response.dart
DA:12,1
DA:13,1
LF:2
LH:2
end_of_record
SF:lib/model/rest_api/open_ai/generate_text/response/generate_text_response.g.dart
DA:9,1
DA:11,1
DA:12,1
DA:13,1
DA:16,0
DA:18,0
LF:6
LH:4
end_of_record
SF:lib/model/rest_api/put_object/request/put_object_request.dart
DA:11,1
DA:16,0
DA:17,0
DA:18,0
DA:22,0
LF:5
LH:1
end_of_record
SF:lib/model/rest_api/put_object/request/put_object_request.g.dart
DA:9,0
DA:10,0
DA:11,0
DA:12,0
DA:15,1
DA:16,1
DA:17,1
DA:18,1
LF:8
LH:4
end_of_record
SF:lib/model/rest_api/put_object/response/put_object_response.dart
DA:8,1
DA:11,1
DA:12,1
LF:3
LH:3
end_of_record
SF:lib/model/rest_api/put_object/response/put_object_response.g.dart
DA:9,1
DA:10,2
DA:12,0
DA:13,0
LF:4
LH:2
end_of_record
SF:lib/model/rest_api/verify_purchase/request/receipt_request.dart
DA:8,0
DA:12,0
DA:13,0
LF:3
LH:0
end_of_record
SF:lib/model/rest_api/verify_purchase/request/receipt_request.g.dart
DA:9,0
DA:10,0
DA:11,0
DA:14,0
DA:15,0
LF:5
LH:0
end_of_record
SF:lib/model/rest_api/verify_purchase/response/android_receipt_response/android_receipt_response.dart
DA:8,0
DA:23,0
DA:24,0
LF:3
LH:0
end_of_record
SF:lib/model/rest_api/verify_purchase/response/android_receipt_response/android_receipt_response.g.dart
DA:9,0
DA:11,0
DA:12,0
DA:13,0
DA:14,0
DA:15,0
DA:16,0
DA:17,0
DA:18,0
DA:19,0
DA:20,0
DA:21,0
DA:22,0
DA:23,0
DA:26,0
DA:28,0
DA:29,0
DA:30,0
DA:31,0
DA:32,0
DA:33,0
DA:34,0
DA:35,0
DA:36,0
DA:37,0
DA:38,0
DA:39,0
DA:40,0
LF:28
LH:0
end_of_record
SF:lib/model/rest_api/verify_purchase/response/ios_receipt_response/ios_receipt_response.dart
DA:8,0
DA:30,0
DA:31,0
DA:32,0
DA:33,0
DA:34,0
LF:6
LH:0
end_of_record
SF:lib/model/rest_api/verify_purchase/response/ios_receipt_response/ios_receipt_response.g.dart
DA:9,0
DA:10,0
DA:11,0
DA:12,0
DA:13,0
DA:14,0
DA:15,0
DA:16,0
DA:17,0
DA:18,0
DA:19,0
DA:20,0
DA:21,0
DA:22,0
DA:23,0
DA:24,0
DA:25,0
DA:27,0
DA:28,0
DA:29,0
DA:30,0
DA:33,0
DA:34,0
DA:35,0
DA:36,0
DA:37,0
DA:38,0
DA:39,0
DA:40,0
DA:41,0
DA:42,0
DA:43,0
DA:44,0
DA:45,0
DA:46,0
DA:47,0
DA:48,0
DA:49,0
DA:50,0
DA:51,0
DA:52,0
DA:53,0
LF:42
LH:0
end_of_record
SF:lib/model/rest_api/verify_purchase/response/ios_receipt_response/pending_renewal_info/pending_renewal_info.dart
DA:8,0
DA:15,0
DA:16,0
DA:17,0
DA:19,0
LF:5
LH:0
end_of_record
SF:lib/model/rest_api/verify_purchase/response/ios_receipt_response/pending_renewal_info/pending_renewal_info.g.dart
DA:9,0
DA:10,0
DA:11,0
DA:12,0
DA:13,0
DA:14,0
DA:17,0
DA:18,0
DA:19,0
DA:20,0
DA:21,0
DA:22,0
LF:12
LH:0
end_of_record
SF:lib/model/view_model_state/admin/admin_state.dart
DA:8,0
DA:14,0
DA:15,0
LF:3
LH:0
end_of_record
SF:lib/model/view_model_state/admin/admin_state.g.dart
DA:9,0
DA:10,0
DA:11,0
DA:12,0
DA:15,0
DA:16,0
DA:17,0
DA:18,0
DA:19,0
LF:9
LH:0
end_of_record
SF:lib/model/view_model_state/chat/chat_state.dart
DA:9,0
DA:18,0
DA:19,0
LF:3
LH:0
end_of_record
SF:lib/model/view_model_state/chat/chat_state.g.dart
DA:9,0
DA:11,0
DA:12,0
DA:13,0
DA:15,0
DA:16,0
DA:17,0
DA:18,0
DA:21,0
DA:22,0
DA:23,0
DA:24,0
DA:25,0
DA:26,0
DA:27,0
LF:15
LH:0
end_of_record
SF:lib/model/view_model_state/common/image_user/image_user.dart
DA:13,0
DA:14,0
LF:2
LH:0
end_of_record
SF:lib/model/view_model_state/common/image_user/image_user.g.dart
DA:9,0
DA:11,0
DA:13,0
DA:14,0
DA:17,0
DA:18,0
LF:6
LH:0
end_of_record
SF:lib/model/view_model_state/common/user_post/user_post.dart
DA:15,0
DA:16,0
LF:2
LH:0
end_of_record
SF:lib/model/view_model_state/common/user_post/user_post.g.dart
DA:9,0
DA:10,0
DA:12,0
DA:14,0
DA:15,0
DA:18,0
DA:19,0
DA:20,0
DA:21,0
LF:9
LH:0
end_of_record
SF:lib/model/view_model_state/create_post/create_post_state.dart
DA:9,34
DA:20,0
DA:21,0
LF:3
LH:1
end_of_record
SF:lib/model/view_model_state/create_post/create_post_state.g.dart
DA:9,0
DA:10,0
DA:11,0
DA:13,0
DA:14,0
DA:15,0
DA:18,0
DA:19,0
DA:20,0
DA:21,0
DA:22,0
DA:23,0
LF:12
LH:0
end_of_record
SF:lib/model/view_model_state/edit/edit_state.dart
DA:8,0
DA:15,0
DA:16,0
LF:3
LH:0
end_of_record
SF:lib/model/view_model_state/edit/edit_state.g.dart
DA:9,0
DA:10,0
DA:11,0
DA:12,0
DA:13,0
DA:16,0
DA:17,0
DA:18,0
DA:19,0
DA:20,0
DA:21,0
LF:11
LH:0
end_of_record
SF:lib/model/view_model_state/generate_image/generate_image_state.dart
DA:8,34
DA:14,0
DA:15,0
LF:3
LH:1
end_of_record
SF:lib/model/view_model_state/generate_image/generate_image_state.g.dart
DA:9,0
DA:10,0
DA:11,0
DA:12,0
DA:13,0
DA:16,0
DA:17,0
DA:18,0
DA:19,0
DA:20,0
LF:10
LH:0
end_of_record
SF:lib/model/view_model_state/mute_users/mute_users_state.dart
DA:10,0
DA:13,0
DA:14,0
DA:15,0
DA:16,0
LF:5
LH:0
end_of_record
SF:lib/model/view_model_state/mute_users/mute_users_state.g.dart
DA:9,0
DA:10,0
DA:12,0
DA:13,0
DA:14,0
DA:17,0
DA:18,0
LF:7
LH:0
end_of_record
SF:lib/model/view_model_state/posts/posts_state.dart
DA:10,0
DA:13,0
DA:14,0
DA:15,0
LF:4
LH:0
end_of_record
SF:lib/model/view_model_state/posts/posts_state.g.dart
DA:9,0
DA:11,0
DA:12,0
DA:13,0
DA:17,0
DA:18,0
LF:6
LH:0
end_of_record
SF:lib/model/view_model_state/profile/profile_state.dart
DA:11,0
DA:17,0
DA:18,0
DA:19,0
LF:4
LH:0
end_of_record
SF:lib/model/view_model_state/profile/profile_state.g.dart
DA:9,0
DA:10,0
DA:12,0
DA:14,0
DA:15,0
DA:17,0
DA:18,0
DA:19,0
DA:22,0
DA:23,0
DA:24,0
DA:25,0
DA:26,0
LF:13
LH:0
end_of_record
SF:lib/model/view_model_state/purchases/purchases_state.dart
DA:9,0
DA:13,0
DA:14,0
DA:17,0
DA:22,0
DA:23,0
DA:24,0
DA:25,0
DA:29,0
DA:30,0
DA:31,0
LF:11
LH:0
end_of_record
SF:lib/model/view_model_state/purchases_state/purchase_state.dart
DA:11,0
DA:15,0
DA:16,0
DA:17,0
DA:18,0
DA:19,0
DA:20,0
DA:21,0
DA:22,0
LF:9
LH:0
end_of_record
SF:lib/model/view_model_state/purchases_state/purchase_state.g.dart
DA:9,0
DA:10,0
DA:12,0
DA:13,0
DA:14,0
DA:17,0
DA:18,0
LF:7
LH:0
end_of_record
SF:lib/model/view_model_state/ranking_users/ranking_users_state.dart
DA:10,0
DA:13,0
DA:14,0
DA:15,0
DA:16,0
LF:5
LH:0
end_of_record
SF:lib/model/view_model_state/ranking_users/ranking_users_state.g.dart
DA:9,0
DA:11,0
DA:12,0
DA:13,0
DA:16,0
DA:17,0
LF:6
LH:0
end_of_record
SF:lib/model/view_model_state/timelines/timelines_state.dart
DA:11,0
DA:16,0
DA:17,0
DA:18,0
LF:4
LH:0
end_of_record
SF:lib/model/view_model_state/timelines/timelines_state.g.dart
DA:9,0
DA:10,0
DA:12,0
DA:13,0
DA:14,0
DA:17,0
DA:18,0
DA:19,0
DA:23,0
DA:24,0
DA:25,0
DA:26,0
LF:12
LH:0
end_of_record
SF:lib/provider/keep_alive/infrastructure/firebase/firebase_firestore/firebase_firestore_provider.g.dart
DA:9,0
DA:13,0
LF:2
LH:0
end_of_record
SF:lib/provider/keep_alive/infrastructure/firebase/firebase_firestore/firebase_firestore_provider.dart
DA:7,0
DA:8,0
LF:2
LH:0
end_of_record
SF:lib/provider/keep_alive/infrastructure/firebase/firebase_functions/firebase_functions_provider.g.dart
DA:9,0
DA:13,0
LF:2
LH:0
end_of_record
SF:lib/provider/keep_alive/infrastructure/firebase/firebase_functions/firebase_functions_provider.dart
DA:7,0
DA:9,0
LF:2
LH:0
end_of_record
SF:lib/provider/keep_alive/infrastructure/firebase/firebase_remote_config/firebase_remote_config_provider.g.dart
DA:9,0
DA:14,0
LF:2
LH:0
end_of_record
SF:lib/provider/keep_alive/infrastructure/firebase/firebase_remote_config/firebase_remote_config_provider.dart
DA:7,0
DA:9,0
LF:2
LH:0
end_of_record
SF:lib/provider/keep_alive/infrastructure/firebase/firebath_auth/firebase_auth_provider.g.dart
DA:9,0
DA:13,0
LF:2
LH:0
end_of_record
SF:lib/provider/keep_alive/infrastructure/firebase/firebath_auth/firebase_auth_provider.dart
DA:7,0
DA:8,0
LF:2
LH:0
end_of_record
SF:lib/provider/keep_alive/infrastructure/in_app_purchase/in_app_purchase_provider.g.dart
DA:9,0
DA:13,0
DA:27,0
DA:31,0
DA:45,0
DA:50,0
LF:6
LH:0
end_of_record
SF:lib/provider/keep_alive/infrastructure/in_app_purchase/in_app_purchase_provider.dart
DA:9,0
DA:10,0
DA:12,0
DA:13,0
DA:15,0
DA:16,0
LF:6
LH:0
end_of_record
SF:lib/provider/keep_alive/notification/notification_provider.dart
DA:18,0
DA:20,0
DA:27,0
DA:30,0
DA:31,0
DA:32,0
DA:38,0
DA:40,0
DA:41,0
DA:43,0
DA:48,0
DA:49,0
DA:50,0
DA:51,0
DA:52,0
DA:53,0
DA:57,0
DA:58,0
DA:60,0
DA:61,0
DA:65,0
DA:66,0
DA:81,0
DA:85,0
DA:86,0
DA:87,0
DA:91,0
DA:92,0
DA:93,0
DA:95,0
DA:98,0
DA:99,0
DA:101,0
DA:104,0
DA:109,0
DA:110,0
DA:112,0
DA:114,0
LF:38
LH:0
end_of_record
SF:lib/provider/keep_alive/notification/notification_provider.g.dart
DA:9,0
DA:17,0
DA:18,0
DA:33,0
DA:39,0
DA:40,0
LF:6
LH:0
end_of_record
SF:lib/ui_core/flavor_ui_core.dart
DA:4,0
LF:1
LH:0
end_of_record
SF:lib/provider/keep_alive/notifier/current_user/current_user_notifier.dart
DA:20,0
DA:21,0
DA:22,0
DA:23,0
DA:25,0
DA:26,0
DA:28,0
DA:31,0
DA:35,0
DA:38,0
DA:39,0
DA:42,0
DA:43,0
DA:46,0
DA:47,0
DA:50,0
DA:52,0
DA:53,0
DA:54,0
DA:55,0
DA:58,0
DA:59,0
DA:60,0
DA:61,0
DA:64,0
DA:65,0
DA:67,0
DA:69,0
DA:70,0
DA:71,0
DA:72,0
DA:79,0
DA:80,0
DA:81,0
DA:85,0
DA:86,0
DA:87,0
DA:91,0
DA:93,0
DA:94,0
DA:95,0
DA:96,0
DA:97,0
DA:98,0
DA:102,0
DA:103,0
DA:107,0
DA:108,0
DA:109,0
DA:112,0
DA:113,0
DA:114,0
DA:117,0
DA:118,0
DA:121,0
DA:122,0
DA:126,0
DA:128,0
DA:129,0
DA:131,0
DA:134,0
DA:135,0
DA:136,0
DA:137,0
DA:139,0
DA:144,0
DA:145,0
DA:149,0
DA:150,0
DA:151,0
DA:153,0
DA:154,0
DA:155,0
DA:156,0
LF:74
LH:0
end_of_record
SF:lib/provider/keep_alive/notifier/current_user/current_user_notifier.g.dart
DA:9,0
DA:14,0
DA:15,0
LF:3
LH:0
end_of_record
SF:lib/provider/keep_alive/stream/auth/stream_auth_provider.g.dart
DA:9,0
DA:13,0
DA:27,0
DA:31,0
LF:4
LH:0
end_of_record
SF:lib/provider/keep_alive/stream/auth/stream_auth_provider.dart
DA:9,0
DA:11,0
DA:12,0
DA:15,0
DA:17,0
LF:5
LH:0
end_of_record
SF:lib/provider/repository/api/api_repository_provider.g.dart
DA:9,0
DA:13,0
LF:2
LH:0
end_of_record
SF:lib/provider/repository/api/api_repository_provider.dart
DA:8,0
DA:10,0
LF:2
LH:0
end_of_record
SF:lib/provider/repository/auth/auth_repository_provider.g.dart
DA:9,0
DA:13,0
LF:2
LH:0
end_of_record
SF:lib/provider/repository/auth/auth_repository_provider.dart
DA:8,0
DA:10,0
LF:2
LH:0
end_of_record
SF:lib/provider/repository/database/database_repository_provider.g.dart
DA:9,0
DA:14,0
DA:15,0
LF:3
LH:0
end_of_record
SF:lib/provider/repository/database/database_repository_provider.dart
DA:8,0
DA:10,0
LF:2
LH:0
end_of_record
SF:lib/repository/database_repository.dart
DA:20,1
DA:22,3
DA:25,4
DA:26,4
DA:27,3
DA:28,1
DA:29,3
DA:30,1
DA:31,3
DA:32,1
DA:33,2
DA:34,0
DA:35,0
DA:36,3
DA:37,1
DA:38,3
DA:39,0
DA:40,0
DA:41,0
DA:42,0
DA:43,1
DA:44,2
DA:45,0
DA:46,0
DA:48,3
DA:49,3
DA:50,1
DA:51,2
DA:52,2
DA:54,0
DA:55,1
DA:56,2
DA:57,3
DA:58,0
DA:59,0
DA:60,1
DA:61,2
DA:62,0
DA:63,0
DA:64,0
DA:65,0
DA:66,2
DA:67,1
DA:68,2
DA:69,1
DA:70,2
DA:71,0
DA:72,0
DA:74,0
DA:75,0
DA:77,3
DA:78,3
DA:80,3
DA:81,0
DA:82,0
DA:84,1
DA:86,2
DA:87,1
DA:89,0
DA:94,3
DA:96,3
DA:98,3
DA:101,1
DA:106,1
DA:109,0
DA:110,0
DA:114,0
DA:118,0
DA:120,0
DA:122,0
DA:123,0
DA:125,0
DA:127,0
DA:132,0
DA:136,0
DA:138,0
DA:140,0
DA:141,0
DA:143,0
DA:145,0
DA:150,1
DA:155,1
DA:156,1
DA:159,1
DA:163,1
DA:164,1
DA:167,1
DA:169,1
DA:172,0
DA:173,0
DA:177,0
DA:178,0
DA:179,0
DA:182,1
DA:183,3
DA:184,1
DA:187,1
DA:189,1
DA:190,2
DA:191,3
DA:193,1
DA:196,0
DA:197,0
DA:201,1
DA:207,2
DA:208,1
DA:209,1
DA:210,2
DA:211,2
DA:213,1
DA:216,0
DA:222,0
DA:223,0
DA:224,0
DA:225,0
DA:226,0
DA:228,0
DA:231,0
DA:237,0
DA:238,0
DA:239,0
DA:242,0
DA:243,0
DA:244,0
DA:246,0
DA:249,1
DA:255,2
DA:256,3
DA:257,1
DA:258,1
DA:259,2
DA:260,2
DA:262,1
DA:265,1
DA:267,1
DA:268,2
DA:269,1
DA:271,1
DA:274,0
DA:275,0
DA:279,1
DA:284,1
DA:285,1
DA:286,1
DA:287,1
DA:290,0
DA:295,0
DA:296,0
DA:297,0
DA:298,0
DA:301,0
DA:306,0
DA:307,0
DA:308,0
DA:311,0
DA:312,0
DA:315,0
DA:320,0
DA:321,0
DA:322,0
DA:323,0
DA:324,0
DA:327,1
DA:329,1
DA:330,1
DA:331,1
DA:333,0
DA:335,0
DA:340,1
DA:342,1
DA:343,1
DA:344,1
DA:346,0
DA:348,0
DA:353,1
DA:355,1
DA:356,1
DA:357,1
DA:359,2
DA:361,0
DA:366,1
DA:367,1
DA:370,1
DA:372,1
DA:373,1
DA:374,1
DA:375,2
DA:377,0
DA:378,0
DA:382,1
DA:383,2
DA:385,1
DA:386,1
DA:387,1
DA:388,5
DA:389,1
DA:391,0
DA:392,0
DA:396,1
DA:397,2
DA:399,0
DA:400,0
DA:401,0
DA:402,0
DA:403,0
DA:405,0
DA:406,0
DA:410,1
DA:412,1
DA:413,1
DA:414,1
DA:415,5
DA:416,1
DA:418,0
DA:419,0
DA:423,0
DA:424,0
DA:425,0
DA:428,0
DA:430,0
DA:431,0
DA:432,0
DA:433,0
DA:434,0
DA:435,0
DA:437,0
DA:438,0
DA:442,0
DA:443,0
DA:444,0
DA:447,0
DA:449,0
DA:450,0
DA:451,0
DA:452,0
DA:453,0
DA:455,0
DA:456,0
DA:460,0
DA:462,0
DA:463,0
DA:464,0
DA:465,0
DA:466,0
DA:467,0
DA:469,0
DA:470,0
DA:474,0
DA:475,0
DA:477,0
DA:478,0
DA:479,0
DA:480,0
DA:481,0
DA:483,0
DA:484,0
DA:488,0
DA:492,0
DA:494,0
DA:495,0
DA:496,0
DA:497,0
DA:498,0
DA:499,0
DA:501,0
DA:502,0
DA:506,1
DA:508,2
DA:510,1
DA:511,1
DA:512,0
DA:514,1
DA:515,1
DA:516,1
DA:519,0
DA:520,0
DA:524,0
DA:525,0
DA:528,0
DA:530,0
DA:531,0
DA:532,0
DA:533,0
DA:535,0
DA:536,0
DA:540,0
DA:542,0
DA:544,0
DA:545,0
DA:546,0
DA:547,0
DA:549,0
DA:550,0
DA:554,0
DA:559,0
DA:560,0
DA:561,0
DA:562,0
DA:563,0
DA:564,0
DA:566,0
DA:567,0
DA:571,1
DA:572,2
DA:574,0
DA:575,0
DA:576,0
DA:577,0
DA:578,0
DA:580,0
DA:581,0
DA:585,0
DA:589,0
DA:591,0
DA:592,0
DA:593,0
DA:594,0
DA:595,0
DA:596,0
DA:598,0
DA:599,0
DA:605,1
LF:322
LH:128
end_of_record
SF:lib/provider/keep_alive/usecase/file/file_use_case_provider.g.dart
DA:9,0
DA:13,0
LF:2
LH:0
end_of_record
SF:lib/provider/keep_alive/usecase/file/file_use_case_provider.dart
DA:8,0
DA:9,0
DA:10,0
DA:11,0
LF:4
LH:0
end_of_record
SF:lib/provider/repository/local/local_repository_provider.g.dart
DA:9,0
DA:13,0
LF:2
LH:0
end_of_record
SF:lib/provider/repository/local/local_repository_provider.dart
DA:7,0
DA:9,0
LF:2
LH:0
end_of_record
SF:lib/provider/keep_alive/notifier/purchases/purchases_notifier.dart
DA:18,0
DA:19,0
DA:21,0
DA:22,0
DA:23,0
DA:24,0
DA:27,0
DA:29,0
DA:32,0
DA:33,0
DA:34,0
DA:35,0
DA:36,0
DA:37,0
DA:38,0
DA:39,0
DA:40,0
DA:41,0
DA:44,0
DA:45,0
DA:48,0
DA:52,0
DA:53,0
DA:54,0
DA:57,0
DA:58,0
DA:59,0
DA:62,0
DA:64,0
LF:29
LH:0
end_of_record
SF:lib/provider/keep_alive/notifier/purchases/purchases_notifier.g.dart
DA:9,0
DA:13,0
DA:14,0
LF:3
LH:0
end_of_record
SF:lib/provider/keep_alive/stream/purchase/purchase_stream_provider.g.dart
DA:9,0
DA:13,0
LF:2
LH:0
end_of_record
SF:lib/provider/keep_alive/stream/purchase/purchase_stream_provider.dart
DA:8,0
DA:10,0
LF:2
LH:0
end_of_record
SF:lib/provider/repository/purchase/purchase_repository_provider.g.dart
DA:9,0
DA:14,0
DA:15,0
LF:3
LH:0
end_of_record
SF:lib/provider/repository/purchase/purchase_repository_provider.dart
DA:7,0
DA:8,0
DA:9,0
DA:10,0
DA:11,0
LF:5
LH:0
end_of_record
SF:lib/provider/keep_alive/usecase/purchases/purchase_use_case_provider.g.dart
DA:9,0
DA:13,0
LF:2
LH:0
end_of_record
SF:lib/provider/keep_alive/usecase/purchases/purchase_use_case_provider.dart
DA:7,0
DA:9,0
LF:2
LH:0
end_of_record
SF:lib/repository/purchase_repository.dart
DA:11,0
DA:20,0
DA:21,0
DA:23,0
DA:24,0
DA:25,0
DA:28,0
DA:32,0
DA:33,0
DA:35,0
DA:37,0
DA:41,0
DA:43,0
DA:45,0
DA:50,0
DA:51,0
DA:55,0
DA:56,0
DA:58,0
DA:62,0
DA:64,0
DA:65,0
DA:66,0
DA:68,0
DA:73,0
DA:75,0
DA:78,0
DA:79,0
DA:83,0
DA:85,0
DA:88,0
DA:89,0
LF:32
LH:0
end_of_record
SF:lib/ui_core/toast_ui_core.dart
DA:12,0
DA:16,0
DA:19,0
DA:20,0
DA:26,0
DA:27,0
DA:34,0
DA:35,0
DA:38,0
DA:39,0
DA:42,0
DA:43,0
DA:46,0
DA:51,0
DA:54,0
DA:55,0
DA:56,0
DA:57,0
DA:58,0
DA:61,0
DA:71,0
DA:78,0
DA:81,0
DA:82,0
DA:83,0
DA:84,0
DA:85,0
DA:87,0
DA:89,0
DA:90,0
DA:92,0
DA:94,0
LF:32
LH:0
end_of_record
SF:lib/provider/keep_alive/stream/remote_config/remote_config_stream_provider.g.dart
DA:9,0
DA:14,0
LF:2
LH:0
end_of_record
SF:lib/provider/keep_alive/stream/remote_config/remote_config_stream_provider.dart
DA:8,0
DA:10,0
LF:2
LH:0
end_of_record
SF:lib/provider/repository/remote_config/remote_config_repository_provider.g.dart
DA:9,0
DA:14,0
DA:15,0
LF:3
LH:0
end_of_record
SF:lib/provider/repository/remote_config/remote_config_repository_provider.dart
DA:8,0
DA:10,0
LF:2
LH:0
end_of_record
SF:lib/provider/keep_alive/notifier/terms/terms_notifier.dart
DA:8,0
DA:10,0
DA:13,0
DA:14,0
DA:15,0
LF:5
LH:0
end_of_record
SF:lib/provider/keep_alive/notifier/terms/terms_notifier.g.dart
DA:9,0
DA:13,0
DA:14,0
LF:3
LH:0
end_of_record
SF:lib/provider/keep_alive/notifier/tokens/tokens_notifier.dart
DA:19,0
DA:21,0
DA:22,0
DA:23,0
DA:26,0
DA:27,0
DA:28,0
DA:30,0
DA:33,0
DA:34,0
DA:35,0
DA:38,0
DA:39,0
DA:40,0
DA:43,0
DA:44,0
DA:45,0
DA:48,0
DA:49,0
DA:50,0
DA:54,0
DA:55,0
DA:58,0
DA:60,0
DA:61,0
DA:62,0
DA:64,0
DA:68,0
DA:69,0
DA:70,0
DA:72,0
DA:76,0
DA:77,0
DA:78,0
DA:79,0
DA:81,0
DA:85,0
DA:86,0
DA:87,0
DA:91,0
DA:92,0
DA:93,0
DA:94,0
DA:95,0
DA:99,0
DA:100,0
DA:101,0
DA:102,0
DA:104,0
DA:108,0
DA:109,0
DA:110,0
DA:114,0
DA:115,0
DA:116,0
DA:117,0
DA:118,0
DA:122,0
DA:123,0
DA:125,0
DA:126,0
DA:127,0
DA:129,0
DA:133,0
DA:135,0
DA:136,0
DA:137,0
DA:138,0
DA:139,0
DA:142,0
DA:143,0
DA:145,0
DA:146,0
DA:147,0
DA:149,0
DA:153,0
DA:154,0
DA:155,0
DA:156,0
DA:157,0
DA:158,0
DA:161,0
DA:162,0
DA:163,0
DA:164,0
DA:165,0
LF:86
LH:0
end_of_record
SF:lib/provider/keep_alive/notifier/tokens/tokens_notifier.g.dart
DA:9,0
DA:13,0
DA:14,0
LF:3
LH:0
end_of_record
SF:lib/use_case/file_use_case.dart
DA:17,1
DA:20,0
DA:21,0
DA:22,0
DA:23,0
DA:24,0
DA:25,0
DA:28,1
DA:29,1
DA:32,1
DA:35,1
DA:36,2
DA:37,1
DA:38,1
DA:40,1
DA:42,1
DA:50,1
DA:51,2
DA:54,1
DA:55,2
DA:58,0
DA:60,0
DA:61,0
DA:69,0
DA:73,0
DA:74,0
DA:77,0
DA:78,0
DA:79,0
DA:85,0
DA:89,0
DA:90,0
DA:91,0
DA:92,0
DA:97,0
DA:98,0
DA:99,0
DA:103,0
DA:104,0
DA:105,0
DA:106,0
DA:107,0
DA:108,0
DA:109,0
DA:112,0
DA:113,0
LF:46
LH:14
end_of_record
SF:lib/provider/keep_alive/usecase/post/post_use_case_provider.g.dart
DA:9,0
DA:13,0
LF:2
LH:0
end_of_record
SF:lib/provider/keep_alive/usecase/post/post_use_case_provider.dart
DA:9,0
DA:10,0
DA:11,0
DA:12,0
LF:4
LH:0
end_of_record
SF:lib/use_case/post_use_case.dart
DA:13,1
DA:17,1
DA:22,1
DA:23,2
DA:31,1
DA:36,1
DA:37,1
DA:38,2
DA:46,1
DA:51,1
DA:52,2
DA:60,1
DA:65,2
DA:68,1
DA:69,2
DA:70,1
DA:71,1
DA:72,1
DA:73,2
DA:75,1
LF:20
LH:20
end_of_record
SF:lib/provider/keep_alive/usecase/posts/posts_use_case_provider.g.dart
DA:9,0
DA:13,0
LF:2
LH:0
end_of_record
SF:lib/provider/keep_alive/usecase/posts/posts_use_case_provider.dart
DA:8,0
DA:9,0
DA:10,0
DA:11,0
LF:4
LH:0
end_of_record
SF:lib/use_case/posts_use_case.dart
DA:7,0
DA:10,0
DA:11,0
DA:12,0
DA:13,0
DA:14,0
DA:19,0
DA:20,0
DA:23,0
DA:25,0
DA:28,0
DA:29,0
DA:32,0
DA:36,0
DA:37,0
DA:38,0
DA:39,0
DA:40,0
DA:41,0
DA:43,0
DA:44,0
DA:45,0
DA:47,0
DA:48,0
DA:49,0
DA:50,0
LF:26
LH:0
end_of_record
SF:lib/use_case/purchase_use_case.dart
DA:8,0
DA:10,0
DA:13,0
DA:14,0
DA:15,0
LF:5
LH:0
end_of_record
SF:lib/provider/keep_alive/usecase/user/user_use_case_provider.g.dart
DA:9,0
DA:13,0
LF:2
LH:0
end_of_record
SF:lib/provider/keep_alive/usecase/user/user_use_case_provider.dart
DA:7,0
DA:8,0
LF:2
LH:0
end_of_record
SF:lib/use_case/user_use_case.dart
DA:6,0
DA:8,0
DA:10,0
DA:11,0
DA:12,0
DA:13,0
DA:14,0
DA:16,0
DA:17,0
DA:18,0
LF:10
LH:0
end_of_record
SF:lib/repository/api_repository.dart
DA:23,0
DA:26,0
DA:28,0
DA:30,0
DA:34,0
DA:35,0
DA:36,0
DA:37,0
DA:41,0
DA:44,0
DA:45,0
DA:46,0
DA:48,0
DA:49,0
DA:53,0
DA:56,0
DA:57,0
DA:58,0
DA:59,0
DA:61,0
DA:62,0
DA:66,0
DA:71,0
DA:72,0
DA:73,0
DA:74,0
DA:75,0
DA:77,0
DA:78,0
DA:82,0
DA:88,0
DA:89,0
DA:90,0
DA:91,0
DA:93,0
DA:94,0
DA:98,0
DA:103,0
DA:104,0
DA:105,0
DA:106,0
DA:108,0
DA:109,0
DA:113,0
DA:118,0
DA:119,0
DA:120,0
DA:121,0
DA:123,0
DA:124,0
DA:128,0
DA:133,0
DA:134,0
DA:135,0
DA:136,0
DA:138,0
DA:139,0
LF:57
LH:0
end_of_record
SF:lib/repository/local_repository.dart
DA:13,1
DA:16,1
DA:21,3
DA:22,4
DA:24,4
DA:25,1
DA:29,1
DA:34,1
DA:35,3
DA:36,2
DA:37,2
DA:40,0
DA:41,0
DA:45,1
DA:46,2
DA:49,1
DA:50,1
DA:51,1
DA:56,1
DA:58,2
DA:61,0
DA:66,1
DA:68,3
DA:70,0
DA:75,1
DA:77,2
DA:79,0
DA:84,1
DA:86,2
DA:88,0
DA:89,0
DA:93,1
DA:95,3
DA:97,0
DA:101,1
DA:102,1
DA:105,1
DA:106,1
DA:109,1
DA:110,1
DA:113,1
DA:114,1
DA:117,1
DA:118,1
DA:121,1
DA:122,1
DA:125,1
DA:126,1
DA:129,1
DA:130,1
DA:133,1
DA:134,2
DA:135,1
DA:136,1
DA:139,1
DA:140,1
DA:142,3
LF:57
LH:49
end_of_record
SF:lib/provider/view_model/admin/admin_view_model.dart
DA:10,0
DA:11,0
DA:13,0
DA:14,0
DA:15,0
DA:16,0
DA:18,0
DA:25,0
DA:26,0
DA:30,0
DA:31,0
DA:35,0
DA:36,0
LF:13
LH:0
end_of_record
SF:lib/provider/view_model/admin/admin_view_model.g.dart
DA:9,0
DA:13,0
DA:14,0
LF:3
LH:0
end_of_record
SF:lib/provider/view_model/chat/chat_view_model.g.dart
DA:9,0
DA:13,0
DA:15,0
DA:17,0
DA:19,0
DA:20,0
DA:23,0
DA:25,0
DA:27,0
DA:28,0
DA:47,34
DA:50,0
DA:51,0
DA:54,0
DA:58,0
DA:63,0
DA:68,0
DA:72,0
DA:80,0
DA:81,0
DA:82,0
DA:83,0
DA:84,0
DA:85,0
DA:99,0
DA:108,0
DA:113,0
DA:115,0
DA:118,0
DA:120,0
DA:122,0
DA:123,0
DA:124,0
DA:125,0
DA:126,0
DA:127,0
DA:132,0
DA:133,0
DA:138,0
DA:141,0
DA:144,0
DA:146,0
DA:147,0
DA:148,0
DA:151,0
DA:153,0
DA:154,0
DA:155,0
DA:157,0
DA:174,0
DA:176,0
DA:177,0
DA:178,0
DA:179,0
LF:54
LH:1
end_of_record
SF:lib/provider/view_model/chat/chat_view_model.dart
DA:23,0
DA:26,0
DA:28,0
DA:31,0
DA:32,0
DA:34,0
DA:35,0
DA:37,0
DA:41,0
DA:45,0
DA:48,0
DA:51,0
DA:52,0
DA:55,0
DA:59,0
DA:61,0
DA:63,0
DA:64,0
DA:65,0
DA:67,0
DA:69,0
DA:70,0
DA:72,0
DA:73,0
DA:77,0
DA:79,0
DA:80,0
DA:81,0
DA:82,0
DA:83,0
DA:87,0
DA:88,0
DA:89,0
DA:92,0
DA:93,0
DA:94,0
DA:95,0
DA:96,0
DA:99,0
DA:100,0
DA:103,0
DA:104,0
DA:105,0
DA:106,0
DA:107,0
DA:108,0
DA:109,0
DA:113,0
DA:114,0
DA:116,0
DA:117,0
DA:118,0
DA:119,0
DA:120,0
DA:121,0
DA:122,0
DA:125,0
DA:126,0
DA:127,0
DA:128,0
DA:131,0
DA:132,0
DA:133,0
DA:134,0
DA:135,0
DA:143,0
DA:144,0
DA:145,0
DA:147,0
LF:69
LH:0
end_of_record
SF:lib/provider/view_model/create_post/create_post_view_model.dart
DA:22,0
DA:28,0
DA:30,0
DA:33,0
DA:35,0
DA:36,0
DA:40,0
DA:42,0
DA:43,0
DA:48,0
DA:49,0
DA:50,0
DA:53,0
DA:54,0
DA:55,0
DA:58,0
DA:59,0
DA:63,0
DA:64,0
DA:69,0
DA:70,0
DA:74,0
DA:75,0
DA:79,0
DA:85,0
DA:87,0
DA:88,0
DA:89,0
DA:90,0
DA:91,0
DA:94,0
DA:96,0
DA:97,0
DA:98,0
DA:105,0
DA:110,0
DA:111,0
DA:116,0
DA:117,0
DA:120,0
DA:121,0
DA:122,0
DA:123,0
DA:126,0
DA:129,0
DA:130,0
LF:46
LH:0
end_of_record
SF:lib/provider/view_model/create_post/create_post_view_model.g.dart
DA:9,0
DA:14,0
LF:2
LH:0
end_of_record
SF:lib/provider/view_model/edit/edit_view_model.dart
DA:23,0
DA:24,0
DA:25,0
DA:27,0
DA:28,0
DA:29,0
DA:30,0
DA:31,0
DA:40,0
DA:41,0
DA:42,0
DA:44,0
DA:45,0
DA:46,0
DA:48,0
DA:51,0
DA:52,0
DA:56,0
DA:57,0
DA:58,0
DA:59,0
DA:64,0
DA:66,0
DA:70,0
DA:72,0
DA:76,0
DA:77,0
DA:78,0
DA:82,0
DA:86,0
DA:87,0
DA:88,0
DA:89,0
DA:90,0
DA:91,0
DA:94,0
DA:97,0
DA:98,0
DA:100,0
DA:104,0
DA:105,0
DA:107,0
DA:108,0
DA:111,0
DA:112,0
DA:113,0
DA:114,0
DA:115,0
DA:121,0
DA:123,0
DA:128,0
DA:129,0
DA:135,0
DA:139,0
DA:144,0
DA:146,0
DA:147,0
DA:153,0
DA:154,0
LF:59
LH:0
end_of_record
SF:lib/provider/view_model/edit/edit_view_model.g.dart
DA:9,0
DA:13,0
DA:14,0
LF:3
LH:0
end_of_record
SF:lib/provider/view_model/generate_image/generate_image_view_model.dart
DA:11,0
DA:16,0
DA:21,0
DA:24,0
DA:26,0
DA:27,0
DA:29,0
DA:30,0
DA:33,0
DA:35,0
DA:36,0
DA:37,0
LF:12
LH:0
end_of_record
SF:lib/provider/view_model/generate_image/generate_image_view_model.g.dart
DA:9,0
DA:14,0
LF:2
LH:0
end_of_record
SF:lib/provider/view_model/mute_posts/mute_posts_view_model.dart
DA:18,0
DA:19,0
DA:20,0
DA:21,0
DA:22,0
DA:23,0
DA:24,0
DA:26,0
DA:27,0
DA:28,0
DA:29,0
DA:30,0
DA:34,0
DA:35,0
DA:36,0
DA:37,0
DA:38,0
DA:39,0
DA:40,0
DA:42,0
DA:45,0
DA:46,0
DA:50,0
DA:51,0
DA:52,0
DA:54,0
DA:57,0
DA:58,0
DA:60,0
DA:63,0
DA:67,0
DA:69,0
DA:70,0
DA:71,0
DA:72,0
DA:75,0
DA:79,0
DA:80,0
DA:81,0
DA:82,0
DA:83,0
DA:84,0
DA:86,0
DA:87,0
DA:88,0
LF:45
LH:0
end_of_record
SF:lib/provider/view_model/mute_posts/mute_posts_view_model.g.dart
DA:9,0
DA:14,0
DA:15,0
LF:3
LH:0
end_of_record
SF:lib/provider/view_model/mute_users/mute_users_view_model.dart
DA:14,0
DA:15,0
DA:17,0
DA:20,0
DA:21,0
DA:22,0
DA:23,0
DA:24,0
DA:25,0
DA:29,0
DA:30,0
DA:31,0
DA:32,0
DA:33,0
DA:34,0
DA:35,0
DA:37,0
DA:40,0
DA:41,0
DA:42,0
DA:43,0
DA:44,0
DA:45,0
DA:46,0
DA:48,0
DA:49,0
DA:50,0
DA:51,0
DA:52,0
DA:57,0
DA:58,0
DA:62,0
DA:63,0
DA:64,0
DA:69,0
DA:70,0
DA:71,0
DA:72,0
DA:73,0
DA:74,0
LF:40
LH:0
end_of_record
SF:lib/provider/view_model/mute_users/mute_users_view_model.g.dart
DA:9,0
DA:14,0
LF:2
LH:0
end_of_record
SF:lib/provider/view_model/posts/posts_view_model.g.dart
DA:9,0
DA:13,0
DA:15,0
DA:17,0
DA:19,0
DA:20,0
DA:23,0
DA:25,0
DA:27,0
DA:28,0
DA:45,34
DA:48,0
DA:49,0
DA:52,0
DA:56,0
DA:61,0
DA:66,0
DA:70,0
DA:78,0
DA:79,0
DA:80,0
DA:93,0
DA:101,0
DA:105,0
DA:107,0
DA:110,0
DA:112,0
DA:114,0
DA:115,0
DA:116,0
DA:121,0
DA:126,0
DA:128,0
DA:131,0
DA:133,0
DA:134,0
DA:137,0
DA:139,0
DA:140,0
DA:142,0
DA:156,0
DA:158,0
DA:159,0
LF:43
LH:1
end_of_record
SF:lib/provider/view_model/posts/posts_view_model.dart
DA:15,0
DA:17,0
DA:20,0
DA:21,0
DA:23,0
DA:24,0
DA:25,0
DA:27,0
DA:29,0
DA:32,0
DA:34,0
DA:35,0
DA:36,0
DA:37,0
DA:41,0
DA:42,0
DA:43,0
DA:44,0
DA:45,0
DA:46,0
DA:48,0
DA:50,0
DA:52,0
DA:53,0
LF:24
LH:0
end_of_record
SF:lib/provider/view_model/products/products_view_model.dart
DA:15,0
DA:18,0
DA:19,0
DA:22,0
DA:24,0
DA:27,0
DA:28,0
DA:30,0
DA:32,0
DA:33,0
DA:34,0
DA:41,0
DA:42,0
DA:46,0
DA:47,0
DA:49,0
DA:51,0
DA:55,0
DA:56,0
LF:19
LH:0
end_of_record
SF:lib/provider/view_model/products/products_view_model.g.dart
DA:9,0
DA:13,0
DA:14,0
LF:3
LH:0
end_of_record
SF:lib/provider/view_model/profile/profile_view_model.g.dart
DA:9,0
DA:13,0
DA:15,0
DA:17,0
DA:19,0
DA:20,0
DA:23,0
DA:25,0
DA:27,0
DA:28,0
DA:46,34
DA:49,0
DA:50,0
DA:53,0
DA:57,0
DA:62,0
DA:67,0
DA:71,0
DA:80,0
DA:81,0
DA:82,0
DA:95,0
DA:103,0
DA:107,0
DA:109,0
DA:112,0
DA:114,0
DA:116,0
DA:117,0
DA:118,0
DA:123,0
DA:128,0
DA:131,0
DA:134,0
DA:136,0
DA:139,0
DA:141,0
DA:142,0
DA:144,0
DA:159,0
DA:161,0
DA:162,0
LF:42
LH:1
end_of_record
SF:lib/provider/view_model/profile/profile_view_model.dart
DA:19,0
DA:20,0
DA:22,0
DA:25,0
DA:26,0
DA:27,0
DA:28,0
DA:29,0
DA:32,0
DA:33,0
DA:36,0
DA:37,0
DA:38,0
DA:39,0
DA:40,0
DA:44,0
DA:46,0
DA:47,0
DA:48,0
DA:49,0
DA:53,0
DA:57,0
DA:58,0
DA:62,0
DA:63,0
DA:64,0
DA:65,0
DA:68,0
DA:69,0
DA:71,0
DA:72,0
DA:73,0
DA:75,0
DA:79,0
DA:81,0
DA:86,0
DA:87,0
DA:89,0
DA:91,0
DA:94,0
DA:97,0
DA:99,0
DA:100,0
DA:102,0
DA:103,0
DA:104,0
DA:105,0
DA:106,0
DA:107,0
DA:109,0
DA:115,0
DA:117,0
DA:119,0
DA:120,0
DA:121,0
DA:124,0
DA:125,0
DA:127,0
DA:130,0
DA:131,0
DA:132,0
DA:135,0
DA:136,0
DA:137,0
DA:138,0
DA:139,0
DA:140,0
DA:142,0
DA:144,0
DA:145,0
DA:149,0
DA:151,0
DA:153,0
DA:154,0
DA:155,0
DA:158,0
DA:160,0
DA:161,0
DA:162,0
DA:163,0
DA:164,0
DA:165,0
DA:166,0
LF:83
LH:0
end_of_record
SF:lib/provider/view_model/ranking_users/ranking_users_view_model.dart
DA:11,0
DA:12,0
DA:14,0
DA:17,0
DA:18,0
DA:19,0
DA:20,0
DA:21,0
DA:22,0
DA:25,0
DA:26,0
DA:27,0
DA:28,0
DA:29,0
DA:30,0
DA:31,0
DA:32,0
DA:33,0
DA:34,0
LF:19
LH:0
end_of_record
SF:lib/provider/view_model/ranking_users/ranking_users_view_model.g.dart
DA:9,0
DA:14,0
LF:2
LH:0
end_of_record
SF:lib/provider/view_model/timelines/timelines_view_model.dart
DA:15,0
DA:16,0
DA:17,0
DA:18,0
DA:20,0
DA:21,0
DA:22,0
DA:23,0
DA:24,0
DA:25,0
DA:26,0
DA:27,0
DA:28,0
DA:31,0
DA:32,0
DA:35,0
DA:37,0
DA:38,0
DA:41,0
DA:42,0
DA:43,0
DA:44,0
DA:48,0
DA:49,0
DA:50,0
DA:51,0
DA:52,0
DA:53,0
DA:54,0
LF:29
LH:0
end_of_record
SF:lib/provider/view_model/timelines/timelines_view_model.g.dart
DA:9,0
DA:14,0
DA:15,0
LF:3
LH:0
end_of_record
SF:lib/ui_core/chat_ui_core.dart
DA:7,0
DA:8,0
DA:11,0
DA:13,0
DA:15,0
DA:17,0
DA:22,0
DA:27,0
DA:29,0
DA:30,0
DA:31,0
DA:32,0
DA:33,0
DA:34,0
DA:35,0
DA:39,0
DA:40,0
DA:41,0
DA:42,0
DA:46,0
DA:47,0
LF:21
LH:0
end_of_record
SF:lib/ui_core/form_ui_core.dart
DA:4,0
DA:5,0
LF:2
LH:0
end_of_record
SF:lib/ui_core/others.dart
DA:6,0
DA:7,0
DA:8,0
LF:3
LH:0
end_of_record
SF:lib/core/size_core.dart
DA:4,6
DA:5,18
DA:6,3
DA:7,9
DA:8,3
DA:9,6
DA:10,6
DA:11,12
DA:12,1
DA:13,2
DA:14,1
DA:15,2
DA:16,1
DA:17,2
DA:18,1
DA:19,2
DA:20,1
DA:21,1
DA:22,1
LF:19
LH:19
end_of_record
SF:lib/ui_core/padding_core.dart
DA:4,0
DA:5,0
DA:6,0
DA:7,0
DA:8,0
DA:11,0
DA:12,0
DA:13,0
LF:8
LH:0
end_of_record
SF:lib/ui_core/post_ui_core.dart
DA:5,0
DA:11,0
DA:14,0
DA:15,0
DA:16,0
DA:17,0
DA:20,0
DA:21,0
DA:24,0
DA:25,0
DA:28,0
DA:29,0
LF:12
LH:0
end_of_record
SF:lib/ui_core/texts.dart
DA:7,0
DA:8,0
DA:12,35
DA:15,1
DA:17,1
DA:18,1
DA:19,1
DA:20,1
DA:29,1
DA:31,1
DA:33,1
DA:34,1
DA:41,0
DA:43,0
DA:45,0
DA:46,0
DA:47,0
DA:48,0
DA:50,0
DA:58,0
DA:59,0
LF:21
LH:10
end_of_record
SF:lib/ui_core/product_ui_core.dart
DA:4,0
DA:6,0
DA:8,0
DA:10,0
LF:4
LH:0
end_of_record
SF:lib/ui_core/style_utility.dart
DA:4,0
DA:5,0
DA:7,0
LF:3
LH:0
end_of_record
SF:lib/ui_core/text_core.dart
DA:4,0
DA:5,0
DA:6,0
DA:9,0
DA:10,0
LF:5
LH:0
end_of_record
SF:lib/views/common/custom_snack_bar.dart
DA:5,0
DA:7,0
DA:10,0
DA:12,0
DA:15,0
DA:16,0
DA:17,0
DA:18,0
DA:27,0
DA:29,0
LF:10
LH:0
end_of_record
SF:lib/views/common/subscribed_copyable_text.dart
DA:4,0
DA:7,0
DA:9,0
LF:3
LH:0
end_of_record
SF:lib/views/common/async_page/async_screen/async_screen.dart
DA:7,0
DA:10,0
DA:12,0
DA:13,0
DA:14,0
DA:15,0
LF:6
LH:0
end_of_record
SF:lib/views/screen/login_screen.dart
DA:12,0
DA:21,0
DA:23,0
DA:24,0
DA:25,0
DA:27,0
DA:28,0
DA:29,0
DA:34,0
DA:35,0
DA:36,0
DA:42,0
DA:44,0
DA:47,0
DA:51,0
DA:55,0
DA:56,0
DA:58,0
DA:59,0
DA:60,0
DA:61,0
DA:63,0
LF:22
LH:0
end_of_record
SF:lib/views/screen/svg_and_msg_screen.dart
DA:7,68
DA:18,0
DA:20,0
DA:22,0
DA:23,0
DA:25,0
DA:26,0
DA:27,0
DA:28,0
DA:29,0
DA:30,0
DA:35,0
DA:36,0
DA:37,0
DA:38,0
DA:39,0
DA:41,0
DA:43,0
DA:44,0
DA:45,0
DA:46,0
DA:47,0
DA:49,0
DA:50,0
DA:51,0
DA:52,0
LF:26
LH:1
end_of_record
SF:lib/views/chat/components/menu_button.dart
DA:5,1
DA:8,1
DA:10,2
LF:3
LH:3
end_of_record
SF:lib/views/chat/components/msg_card.dart
DA:11,0
DA:26,0
DA:29,0
DA:30,0
DA:31,0
DA:32,0
DA:34,0
DA:35,0
DA:36,0
DA:37,0
DA:38,0
DA:42,0
DA:44,0
DA:45,0
DA:47,0
DA:51,0
DA:52,0
DA:53,0
DA:54,0
DA:55,0
DA:56,0
DA:58,0
DA:60,0
DA:63,0
DA:64,0
DA:66,0
DA:69,0
DA:70,0
DA:72,0
DA:73,0
DA:74,0
DA:75,0
DA:77,0
DA:78,0
DA:82,0
DA:83,0
DA:84,0
DA:86,0
LF:38
LH:0
end_of_record
SF:lib/views/common/async_page/async_page.dart
DA:7,0
DA:10,0
DA:12,0
DA:13,0
DA:14,0
DA:15,0
LF:6
LH:0
end_of_record
SF:lib/views/components/app_bar_action.dart
DA:4,4
DA:7,3
DA:9,3
DA:11,9
LF:4
LH:4
end_of_record
SF:lib/views/components/basic_height_box.dart
DA:5,273
DA:6,2
DA:8,4
LF:3
LH:3
end_of_record
SF:lib/views/components/basic_width_box.dart
DA:4,205
DA:5,2
LF:2
LH:2
end_of_record
SF:lib/views/components/rounded_input_field.dart
DA:6,1
DA:15,1
DA:17,1
DA:18,1
DA:19,1
DA:22,1
DA:23,3
DA:24,1
DA:25,1
DA:26,1
LF:10
LH:10
end_of_record
SF:lib/views/chat/components/delete_post_button.dart
DA:5,2
DA:7,1
DA:9,1
DA:10,1
LF:4
LH:4
end_of_record
SF:lib/views/screen/refresh_screen/components/post_like_button.dart
DA:14,0
DA:21,0
DA:23,0
DA:24,0
DA:25,0
DA:26,0
DA:28,0
DA:29,0
DA:30,0
DA:31,0
DA:33,0
DA:35,0
DA:36,0
DA:37,0
DA:38,0
DA:41,0
DA:42,0
DA:44,0
DA:46,0
DA:47,0
DA:49,0
DA:50,0
DA:52,0
DA:53,0
DA:54,0
DA:55,0
DA:56,0
DA:57,0
DA:62,0
DA:64,0
DA:65,0
DA:66,0
DA:67,0
DA:70,0
DA:71,0
DA:73,0
DA:75,0
DA:76,0
DA:77,0
DA:78,0
DA:79,0
DA:80,0
DA:81,0
DA:82,0
DA:87,0
DA:89,0
DA:92,0
DA:95,0
DA:96,0
DA:97,0
LF:50
LH:0
end_of_record
SF:lib/views/components/circle_image/circle_image.dart
DA:7,2
DA:17,1
DA:19,1
DA:21,3
LF:4
LH:4
end_of_record
SF:lib/views/check_page/components/terms_page.dart
DA:9,34
DA:10,0
DA:12,0
DA:13,0
DA:16,0
DA:17,0
DA:18,0
DA:20,0
DA:21,0
DA:22,0
DA:23,0
DA:25,0
DA:26,0
DA:28,0
DA:29,0
DA:30,0
DA:33,0
DA:34,0
DA:35,0
DA:38,0
DA:41,0
DA:42,0
LF:22
LH:1
end_of_record
SF:lib/views/components/rounded_button.dart
DA:7,2
DA:22,1
DA:24,2
DA:25,1
DA:26,3
DA:27,1
DA:28,2
DA:29,1
DA:30,1
DA:31,3
DA:33,1
DA:35,1
DA:36,1
DA:37,1
DA:38,1
DA:40,3
DA:43,1
DA:44,1
DA:46,3
LF:19
LH:19
end_of_record
SF:lib/views/main/my_home_page.dart
DA:21,0
DA:22,0
DA:24,0
DA:25,0
DA:26,0
DA:27,0
DA:28,0
DA:29,0
DA:30,0
DA:32,0
DA:33,0
DA:34,0
DA:35,0
DA:38,0
DA:40,0
DA:43,0
DA:45,0
DA:46,0
DA:47,0
DA:48,0
DA:55,0
DA:56,0
LF:22
LH:0
end_of_record
SF:lib/views/common/async_page/async_screen/error_screen.dart
DA:4,0
DA:6,0
DA:8,0
LF:3
LH:0
end_of_record
SF:lib/views/screen/loading_screen.dart
DA:5,136
DA:6,0
DA:8,0
DA:10,0
DA:11,0
DA:14,0
DA:16,0
DA:19,0
DA:20,0
LF:9
LH:1
end_of_record
SF:lib/views/common/bottom_navigation_bar_elements.dart
DA:4,0
LF:1
LH:0
end_of_record
SF:lib/views/common/forms_screen.dart
DA:5,0
DA:12,0
DA:14,0
DA:15,0
DA:16,0
DA:17,0
DA:18,0
DA:19,0
DA:20,0
DA:25,0
LF:10
LH:0
end_of_record
SF:lib/views/components/basic_page.dart
DA:4,70
DA:13,1
DA:15,1
DA:16,1
DA:17,4
DA:18,1
DA:19,2
LF:7
LH:7
end_of_record
SF:lib/views/common/ranking_tab_bar_elements.dart
DA:2,0
DA:6,0
DA:7,0
DA:8,0
LF:4
LH:0
end_of_record
SF:lib/views/components/mosaic_card/components/mosaic_post_child.dart
DA:13,0
DA:22,0
DA:24,0
DA:26,0
DA:27,0
DA:28,0
DA:30,0
DA:31,0
DA:33,0
DA:34,0
DA:38,0
DA:39,0
DA:40,0
DA:42,0
DA:43,0
DA:44,0
DA:46,0
DA:47,0
DA:49,0
DA:50,0
DA:51,0
DA:52,0
DA:53,0
DA:55,0
DA:58,0
DA:59,0
DA:60,0
DA:71,0
DA:72,0
LF:29
LH:0
end_of_record
SF:lib/views/components/mosaic_card/components/mosaic_user_child.dart
DA:8,1
DA:18,1
DA:20,1
DA:22,1
DA:23,2
DA:25,1
DA:26,0
LF:7
LH:6
end_of_record
SF:lib/views/components/mosaic_card/mosaic_card.dart
DA:5,2
DA:7,1
DA:9,1
DA:10,1
DA:12,1
DA:13,1
DA:14,1
DA:15,1
DA:22,1
LF:9
LH:9
end_of_record
SF:lib/views/components/official_mark.dart
DA:4,69
DA:5,1
DA:7,1
DA:10,3
LF:4
LH:4
end_of_record
SF:lib/views/components/original_drawer.dart
DA:24,34
DA:25,0
DA:27,0
DA:28,0
DA:29,0
DA:30,0
DA:31,0
DA:32,0
DA:33,0
DA:34,0
DA:35,0
DA:36,0
DA:37,0
DA:38,0
DA:39,0
DA:41,0
DA:42,0
DA:43,0
DA:44,0
DA:45,0
DA:46,0
DA:47,0
DA:50,0
DA:51,0
DA:53,0
DA:54,0
DA:55,0
DA:57,0
DA:58,0
DA:59,0
DA:62,0
DA:63,0
DA:71,0
DA:72,0
DA:74,0
DA:80,0
DA:82,0
DA:83,0
DA:89,0
DA:93,0
DA:94,0
DA:97,0
DA:99,0
DA:100,0
DA:103,0
DA:105,0
DA:107,0
DA:108,0
DA:110,0
DA:112,0
DA:114,0
DA:115,0
DA:117,0
DA:120,0
DA:122,0
DA:123,0
DA:126,0
DA:127,0
DA:131,0
DA:133,0
LF:60
LH:1
end_of_record
SF:lib/views/components/post_card.dart
DA:22,0
DA:31,0
DA:33,0
DA:34,0
DA:36,0
DA:37,0
DA:38,0
DA:39,0
DA:41,0
DA:42,0
DA:43,0
DA:44,0
DA:46,0
DA:51,0
DA:52,0
DA:53,0
DA:54,0
DA:56,0
DA:61,0
DA:62,0
DA:63,0
DA:64,0
DA:65,0
DA:66,0
DA:71,0
DA:72,0
DA:73,0
DA:75,0
DA:78,0
DA:79,0
DA:80,0
DA:81,0
DA:83,0
DA:85,0
DA:86,0
DA:87,0
DA:89,0
DA:91,0
DA:92,0
DA:94,0
DA:96,0
DA:98,0
DA:99,0
DA:100,0
DA:101,0
DA:105,0
DA:106,0
DA:107,0
DA:108,0
DA:110,0
LF:50
LH:0
end_of_record
SF:lib/views/screen/refresh_screen/components/post_msg_button.dart
DA:8,0
DA:15,0
DA:17,0
DA:18,0
DA:20,0
DA:22,0
DA:24,0
DA:27,0
DA:30,0
LF:9
LH:0
end_of_record
SF:lib/views/components/user_card.dart
DA:19,0
DA:27,0
DA:29,0
DA:30,0
DA:31,0
DA:33,0
DA:34,0
DA:35,0
DA:36,0
DA:37,0
DA:38,0
DA:39,0
DA:40,0
DA:46,0
DA:49,0
DA:50,0
DA:51,0
DA:52,0
DA:53,0
DA:58,0
DA:63,0
DA:64,0
DA:65,0
DA:67,0
DA:69,0
DA:71,0
DA:73,0
DA:74,0
DA:77,0
DA:78,0
DA:79,0
DA:81,0
DA:82,0
DA:87,0
DA:88,0
DA:91,0
DA:92,0
LF:37
LH:0
end_of_record
SF:lib/views/create_post/components/form_label.dart
DA:6,70
DA:9,1
DA:11,1
DA:13,1
DA:14,1
DA:15,2
DA:17,1
DA:18,0
LF:8
LH:7
end_of_record
SF:lib/views/create_post/components/original_form.dart
DA:5,0
DA:23,0
DA:25,0
DA:26,0
DA:27,0
DA:28,0
DA:29,0
DA:30,0
DA:31,0
DA:32,0
DA:33,0
LF:11
LH:0
end_of_record
SF:lib/views/components/text_field_container.dart
DA:5,3
DA:9,2
DA:11,4
DA:12,2
DA:13,2
DA:14,2
DA:15,2
DA:17,4
DA:18,2
DA:19,6
DA:20,2
DA:22,2
LF:12
LH:12
end_of_record
SF:lib/views/components/circle_image/components/s3_image.dart
DA:7,2
DA:10,2
DA:12,2
DA:13,2
DA:14,6
DA:17,2
DA:18,2
DA:19,4
DA:20,4
DA:21,2
DA:23,4
LF:11
LH:11
end_of_record
SF:lib/views/loading_page.dart
DA:6,34
DA:7,0
LF:2
LH:1
end_of_record
SF:lib/views/generate_image/components/generated_image.dart
DA:7,2
DA:10,1
DA:13,2
DA:15,1
DA:18,1
DA:21,1
DA:25,1
LF:7
LH:7
end_of_record
SF:lib/views/main/components/main_floating_action_button.dart
DA:7,2
DA:9,1
DA:11,1
DA:12,1
DA:14,0
LF:5
LH:4
end_of_record
SF:lib/views/main/feeds/feeds_page.dart
DA:8,34
DA:9,0
DA:11,0
DA:12,0
DA:13,0
DA:14,0
DA:16,0
DA:17,0
DA:18,0
LF:9
LH:1
end_of_record
SF:lib/views/screen/refresh_screen/posts_refresh_screen.dart
DA:10,0
DA:19,0
DA:21,0
DA:22,0
DA:23,0
DA:24,0
DA:25,0
DA:26,0
DA:27,0
DA:29,0
DA:32,0
DA:37,0
DA:38,0
DA:39,0
DA:41,0
DA:43,0
DA:45,0
DA:47,0
DA:48,0
DA:53,0
DA:54,0
DA:55,0
DA:56,0
DA:57,0
DA:59,0
LF:25
LH:0
end_of_record
SF:lib/views/main/new_posts/new_posts_screen.dart
DA:8,34
DA:9,0
DA:11,0
DA:12,0
DA:13,0
DA:14,0
DA:15,0
DA:17,0
DA:18,0
DA:19,0
LF:10
LH:1
end_of_record
SF:lib/views/main/ranking/ranking_screen.dart
DA:8,34
DA:9,0
DA:11,0
DA:12,0
DA:13,0
DA:14,0
DA:15,0
DA:16,0
DA:17,0
DA:20,0
DA:23,0
DA:24,0
DA:25,0
LF:13
LH:1
end_of_record
SF:lib/views/main/subscribe/subscribe_screen.dart
DA:8,68
DA:9,0
LF:2
LH:1
end_of_record
SF:lib/views/main/ranking/components/post_ranking_screen.dart
DA:8,34
DA:9,0
DA:11,0
DA:12,0
DA:13,0
DA:14,0
DA:16,0
DA:17,0
DA:18,0
LF:9
LH:1
end_of_record
SF:lib/views/main/ranking/components/user_ranking_screen.dart
DA:11,34
DA:12,0
DA:14,0
DA:15,0
DA:16,0
DA:18,0
DA:19,0
DA:20,0
DA:21,0
DA:22,0
DA:23,0
DA:24,0
DA:25,0
DA:26,0
DA:27,0
DA:28,0
DA:29,0
DA:31,0
LF:18
LH:1
end_of_record
SF:lib/views/screen/refresh_screen/users_refresh_screen.dart
DA:8,0
DA:17,0
DA:19,0
DA:20,0
DA:21,0
DA:22,0
DA:23,0
DA:24,0
DA:25,0
DA:27,0
DA:32,0
DA:33,0
DA:34,0
DA:36,0
DA:38,0
DA:40,0
DA:42,0
LF:17
LH:0
end_of_record
SF:lib/views/main/subscribe/components/plan_description.dart
DA:5,34
DA:7,0
DA:9,0
DA:11,0
LF:4
LH:1
end_of_record
SF:lib/views/main/subscribe/components/policy_button.dart
DA:4,34
DA:7,0
DA:9,0
DA:11,0
DA:12,0
DA:13,0
DA:14,0
DA:15,0
DA:17,0
LF:9
LH:1
end_of_record
SF:lib/views/main/subscribe/components/policy_buttons.dart
DA:8,34
DA:9,0
DA:11,0
DA:12,0
DA:14,0
DA:20,0
DA:21,0
LF:7
LH:1
end_of_record
SF:lib/views/main/subscribe/components/product_list.dart
DA:15,34
DA:17,0
DA:19,0
DA:20,0
DA:21,0
DA:22,0
DA:24,0
DA:26,0
DA:28,0
DA:33,0
DA:38,0
DA:39,0
DA:41,0
DA:44,0
DA:45,0
DA:46,0
DA:49,0
DA:51,0
DA:52,0
DA:54,0
DA:56,0
DA:57,0
DA:58,0
DA:59,0
DA:60,0
DA:64,0
DA:67,0
DA:68,0
DA:69,0
DA:74,0
DA:75,0
DA:83,0
DA:85,0
LF:33
LH:1
end_of_record
SF:lib/views/main/subscribe/components/purchase_button.dart
DA:6,0
DA:13,0
DA:16,0
DA:17,0
DA:19,0
DA:22,0
DA:26,0
LF:7
LH:0
end_of_record
SF:lib/views/main/subscribe/components/restore_button.dart
DA:7,34
DA:8,0
DA:10,0
DA:12,0
DA:14,0
DA:15,0
DA:18,0
DA:19,0
DA:20,0
DA:22,0
DA:23,0
DA:24,0
DA:27,0
DA:29,0
DA:31,0
LF:15
LH:1
end_of_record
SF:lib/views/mute/mute_users/component/mute_user_card.dart
DA:9,0
DA:18,0
DA:20,0
DA:21,0
DA:22,0
DA:23,0
LF:6
LH:0
end_of_record
SF:lib/views/screen/gradient_screen.dart
DA:6,0
DA:19,0
DA:21,0
DA:22,0
DA:23,0
DA:24,0
DA:26,0
DA:27,0
DA:29,0
DA:30,0
DA:31,0
DA:32,0
DA:36,0
DA:38,0
DA:39,0
DA:40,0
DA:41,0
DA:42,0
DA:43,0
DA:44,0
DA:45,0
DA:46,0
DA:47,0
DA:48,0
DA:51,0
LF:25
LH:0
end_of_record
SF:lib/views/screen/profile_screen/components/edit_button.dart
DA:7,34
DA:8,0
DA:10,0
DA:11,0
DA:14,0
LF:5
LH:1
end_of_record
SF:lib/views/screen/profile_screen/components/follow_button.dart
DA:5,0
DA:14,0
DA:16,0
DA:17,0
DA:18,0
DA:20,0
LF:6
LH:0
end_of_record
SF:lib/views/screen/profile_screen/profile_screen.dart
DA:23,0
DA:36,0
DA:38,0
DA:39,0
DA:40,0
DA:41,0
DA:43,0
DA:44,0
DA:48,0
DA:49,0
DA:50,0
DA:51,0
DA:52,0
DA:53,0
DA:54,0
DA:55,0
DA:59,0
DA:60,0
DA:62,0
DA:63,0
DA:66,0
DA:68,0
DA:69,0
DA:71,0
DA:72,0
DA:73,0
DA:74,0
DA:75,0
DA:76,0
DA:79,0
DA:80,0
DA:81,0
DA:82,0
DA:84,0
DA:85,0
DA:87,0
DA:89,0
DA:90,0
DA:98,0
LF:39
LH:0
end_of_record
SF:lib/core/date_converter.dart
DA:2,1
DA:3,1
DA:4,2
DA:5,1
DA:6,1
DA:9,1
DA:10,7
DA:13,3
DA:15,1
DA:16,3
DA:17,3
DA:18,3
LF:12
LH:12
end_of_record
SF:lib/ui_core/validator/post_validator.dart
DA:5,1
DA:7,1
DA:8,1
DA:9,1
DA:10,1
DA:11,1
DA:15,1
DA:18,1
DA:19,2
DA:23,1
DA:26,1
DA:27,2
DA:31,1
DA:34,1
DA:35,2
LF:15
LH:15
end_of_record
SF:lib/views/chat/components/latex_text.dart
DA:5,2
DA:7,1
DA:9,2
LF:3
LH:3
end_of_record
