SF:lib/infrastructure/repository/result/result_mixin.dart
DA:6,0
DA:8,0
DA:14,0
DA:18,0
DA:19,0
DA:23,0
DA:24,0
DA:29,0
DA:30,0
DA:34,0
DA:35,0
DA:39,0
DA:40,0
DA:45,0
DA:57,0
DA:82,0
DA:85,0
DA:89,0
DA:92,0
DA:93,0
DA:94,0
DA:95,0
DA:106,447
DA:111,0
DA:113,0
DA:116,0
DA:119,0
DA:120,0
DA:121,0
DA:124,0
DA:126,0
DA:130,0
DA:134,0
DA:136,10
DA:142,20
DA:145,0
DA:151,0
DA:154,0
DA:162,0
DA:164,0
DA:167,0
DA:173,0
DA:176,0
DA:182,0
DA:185,0
DA:193,0
DA:195,0
DA:206,0
DA:208,0
DA:225,0
DA:228,0
DA:232,0
DA:235,0
DA:242,534
DA:247,0
DA:249,0
DA:252,0
DA:255,0
DA:256,0
DA:257,0
DA:260,0
DA:262,0
DA:266,0
DA:270,0
DA:272,3
DA:278,6
DA:281,0
DA:287,0
DA:290,0
DA:298,0
DA:300,0
DA:303,0
DA:309,0
DA:312,0
DA:318,0
DA:321,0
DA:329,0
DA:331,0
DA:342,0
DA:344,0
LF:80
LH:6
end_of_record
SF:lib/infrastructure/repository/remote_config_repository.dart
DA:6,1
DA:8,2
DA:9,2
DA:11,1
DA:12,2
DA:13,1
DA:20,1
DA:21,3
DA:22,1
DA:23,1
DA:27,1
DA:28,4
DA:31,1
DA:32,2
DA:35,4
DA:36,4
LF:16
LH:16
end_of_record
SF:lib/core/util/remote_config_core.dart
DA:5,2
DA:6,2
DA:7,2
DA:8,2
LF:4
LH:4
end_of_record
SF:lib/core/extension/remote_config_key_extension.dart
DA:4,3
DA:5,6
LF:2
LH:2
end_of_record
SF:lib/infrastructure/repository/auth_repository.dart
DA:7,1
DA:11,1
DA:13,2
DA:14,1
DA:17,0
DA:19,1
DA:22,1
DA:23,1
DA:27,0
DA:29,0
DA:30,0
DA:31,0
DA:34,0
DA:36,0
DA:38,0
DA:39,0
DA:40,0
DA:41,0
DA:45,0
DA:47,0
DA:48,0
DA:49,0
DA:52,0
DA:54,0
DA:56,0
DA:57,0
DA:58,0
DA:59,0
DA:63,1
DA:65,2
DA:68,1
DA:69,1
DA:73,1
DA:77,2
DA:79,1
DA:81,1
DA:82,1
DA:83,0
DA:85,1
DA:88,1
DA:91,1
DA:94,1
DA:98,1
DA:102,1
DA:104,2
DA:106,1
DA:108,1
DA:109,1
DA:110,1
DA:113,1
DA:117,1
DA:121,0
DA:122,0
DA:124,0
DA:126,0
DA:128,0
LF:56
LH:29
end_of_record
SF:lib/application/app/flavors.dart
DA:6,0
DA:8,0
DA:10,0
DA:12,0
LF:4
LH:0
end_of_record
SF:lib/application/app/my_app.dart
DA:9,44
DA:10,0
DA:12,0
DA:13,0
DA:14,0
DA:16,0
DA:17,0
DA:19,0
DA:20,0
DA:21,0
LF:10
LH:1
end_of_record
SF:lib/core/provider/keep_alive/app_router/app_router_provider.g.dart
DA:9,0
DA:13,0
LF:2
LH:0
end_of_record
SF:lib/core/provider/keep_alive/app_router/app_router_provider.dart
DA:6,0
DA:7,0
LF:2
LH:0
end_of_record
SF:lib/core/provider/keep_alive/notifier/local_setting/local_setting.dart
DA:9,0
DA:11,0
DA:12,0
DA:13,0
DA:14,0
DA:20,0
DA:21,0
DA:22,0
DA:25,0
DA:26,0
DA:27,0
LF:11
LH:0
end_of_record
SF:lib/core/provider/keep_alive/notifier/local_setting/local_setting.g.dart
DA:9,0
DA:13,0
DA:14,0
LF:3
LH:0
end_of_record
SF:lib/presentation/common/theme_ui_core.dart
DA:5,0
DA:6,0
DA:11,0
DA:12,0
DA:21,0
DA:22,0
DA:25,0
DA:28,0
LF:8
LH:0
end_of_record
SF:lib/application/app/run_app.dart
DA:13,0
DA:14,0
DA:15,0
DA:16,0
DA:17,0
DA:18,0
DA:19,0
DA:20,0
DA:21,0
DA:29,0
DA:31,0
DA:32,0
DA:33,0
DA:34,0
LF:14
LH:0
end_of_record
SF:lib/gen/firebase_options_dev.dart
DA:18,0
DA:20,0
DA:25,0
DA:26,0
DA:28,0
DA:30,0
DA:31,0
DA:35,0
DA:36,0
DA:40,0
DA:41,0
DA:46,0
LF:12
LH:0
end_of_record
SF:lib/gen/firebase_options_prod.dart
DA:18,0
DA:20,0
DA:25,0
DA:26,0
DA:28,0
DA:30,0
DA:31,0
DA:35,0
DA:36,0
DA:40,0
DA:41,0
DA:46,0
LF:12
LH:0
end_of_record
SF:lib/core/provider/overrides/prefs/prefs_provider.g.dart
DA:9,0
DA:13,0
LF:2
LH:0
end_of_record
SF:lib/core/provider/overrides/prefs/prefs_provider.dart
DA:6,0
DA:7,0
LF:2
LH:0
end_of_record
SF:lib/application/use_case/file/file_use_case.dart
DA:6,1
DA:10,1
DA:11,1
DA:14,1
DA:17,1
DA:18,2
DA:19,1
DA:20,1
DA:22,1
DA:24,1
DA:32,1
DA:33,2
DA:36,1
DA:37,2
LF:14
LH:14
end_of_record
SF:lib/infrastructure/model/rest_api/get_object/request/get_object_request.dart
DA:8,2
DA:10,0
DA:11,0
LF:3
LH:1
end_of_record
SF:lib/infrastructure/model/rest_api/get_object/request/get_object_request.g.dart
DA:9,0
DA:10,0
DA:12,1
DA:13,2
LF:4
LH:2
end_of_record
SF:lib/infrastructure/repository/local_repository.dart
DA:27,1
DA:30,1
DA:35,3
DA:36,4
DA:38,4
DA:39,1
DA:43,1
DA:48,1
DA:49,3
DA:50,2
DA:51,2
DA:54,0
DA:55,0
DA:59,1
DA:60,2
DA:63,1
DA:64,1
DA:65,1
DA:70,1
DA:72,2
DA:75,0
DA:80,1
DA:82,3
DA:84,0
DA:89,1
DA:91,2
DA:93,0
DA:98,1
DA:100,2
DA:102,0
DA:103,0
DA:107,1
DA:109,3
DA:111,0
DA:115,1
DA:116,1
DA:119,1
DA:120,1
DA:123,1
DA:124,1
DA:127,1
DA:128,1
DA:131,1
DA:132,1
DA:135,1
DA:136,1
DA:139,1
DA:140,1
DA:143,1
DA:144,1
DA:147,1
DA:148,2
DA:149,1
DA:150,1
DA:153,1
DA:154,1
DA:156,3
LF:57
LH:49
end_of_record
SF:lib/infrastructure/repository/api_repository.dart
DA:23,0
DA:26,0
DA:28,0
DA:30,0
DA:34,0
DA:35,0
DA:36,0
DA:37,0
DA:41,0
DA:44,0
DA:45,0
DA:46,0
DA:48,0
DA:49,0
DA:53,0
DA:56,0
DA:57,0
DA:58,0
DA:59,0
DA:61,0
DA:62,0
DA:66,0
DA:71,0
DA:72,0
DA:73,0
DA:74,0
DA:75,0
DA:77,0
DA:78,0
DA:82,0
DA:88,0
DA:89,0
DA:90,0
DA:91,0
DA:93,0
DA:94,0
DA:98,0
DA:103,0
DA:104,0
DA:105,0
DA:106,0
DA:108,0
DA:109,0
DA:113,0
DA:118,0
DA:119,0
DA:120,0
DA:121,0
DA:123,0
DA:124,0
DA:128,0
DA:133,0
DA:134,0
DA:135,0
DA:136,0
DA:138,0
DA:139,0
LF:57
LH:0
end_of_record
SF:lib/application/use_case/post/delete_post_use_case.dart
DA:7,1
DA:14,1
DA:15,2
DA:16,1
DA:17,1
DA:18,1
DA:19,2
DA:21,0
LF:8
LH:7
end_of_record
SF:lib/infrastructure/model/database_schema/post/post.dart
DA:14,6
DA:38,4
DA:39,0
DA:48,0
DA:49,0
DA:52,0
DA:53,0
DA:55,0
DA:56,0
DA:61,0
DA:62,0
DA:63,3
DA:64,0
DA:65,0
DA:66,0
DA:67,0
DA:68,0
DA:70,0
DA:73,0
DA:74,0
DA:75,0
DA:76,0
DA:77,0
DA:79,0
DA:82,0
DA:83,0
DA:85,0
DA:86,0
DA:87,0
DA:88,0
DA:89,0
DA:92,0
DA:93,0
DA:95,0
DA:96,0
DA:102,0
DA:103,0
LF:37
LH:3
end_of_record
SF:lib/infrastructure/model/database_schema/post/post.g.dart
DA:9,4
DA:10,4
DA:11,2
DA:12,2
DA:13,2
DA:15,2
DA:16,2
DA:17,2
DA:19,2
DA:21,7
DA:23,2
DA:24,4
DA:25,4
DA:27,2
DA:28,2
DA:29,2
DA:31,4
DA:32,4
DA:33,2
DA:34,4
DA:35,4
DA:36,2
DA:37,2
DA:38,2
DA:39,2
DA:40,4
DA:43,2
DA:44,1
DA:45,1
DA:46,1
DA:47,1
DA:48,1
DA:49,1
DA:50,1
DA:51,1
DA:52,1
DA:53,1
DA:54,1
DA:55,1
DA:56,1
DA:57,1
DA:58,1
DA:59,1
DA:60,1
DA:61,1
DA:62,1
DA:63,1
DA:64,1
LF:48
LH:48
end_of_record
SF:lib/infrastructure/repository/database_repository.dart
DA:31,5
DA:33,12
DA:36,20
DA:37,16
DA:38,15
DA:39,1
DA:40,3
DA:41,4
DA:42,12
DA:43,2
DA:44,4
DA:45,0
DA:46,0
DA:47,12
DA:48,1
DA:49,3
DA:50,1
DA:51,2
DA:52,1
DA:53,3
DA:54,4
DA:55,8
DA:56,0
DA:57,0
DA:59,15
DA:60,12
DA:61,4
DA:62,8
DA:63,2
DA:65,0
DA:66,0
DA:67,1
DA:68,2
DA:69,1
DA:70,2
DA:71,0
DA:72,0
DA:73,1
DA:74,2
DA:75,0
DA:76,0
DA:77,0
DA:78,0
DA:79,3
DA:80,1
DA:81,1
DA:82,1
DA:83,2
DA:84,0
DA:85,0
DA:87,0
DA:88,0
DA:90,3
DA:91,3
DA:93,3
DA:94,0
DA:95,0
DA:97,1
DA:99,2
DA:100,1
DA:102,0
DA:107,3
DA:109,3
DA:111,3
DA:114,2
DA:119,2
DA:122,0
DA:123,0
DA:127,0
DA:131,0
DA:133,0
DA:135,0
DA:136,0
DA:138,0
DA:140,0
DA:145,0
DA:149,0
DA:151,0
DA:153,0
DA:154,0
DA:156,0
DA:158,0
DA:163,2
DA:168,2
DA:169,2
DA:172,1
DA:176,1
DA:177,1
DA:180,2
DA:182,2
DA:185,0
DA:186,0
DA:190,0
DA:191,0
DA:192,0
DA:195,2
DA:196,6
DA:197,2
DA:200,4
DA:202,4
DA:203,8
DA:204,12
DA:206,4
DA:209,0
DA:210,0
DA:214,1
DA:220,2
DA:221,1
DA:222,1
DA:223,2
DA:224,2
DA:226,1
DA:229,1
DA:235,2
DA:236,1
DA:237,1
DA:238,2
DA:239,2
DA:241,1
DA:244,1
DA:250,2
DA:251,1
DA:252,3
DA:255,1
DA:256,2
DA:257,2
DA:259,1
DA:262,2
DA:268,4
DA:269,6
DA:270,2
DA:271,2
DA:272,4
DA:273,4
DA:275,2
DA:278,2
DA:280,2
DA:281,4
DA:282,2
DA:284,2
DA:287,0
DA:288,0
DA:292,1
DA:297,1
DA:298,1
DA:299,1
DA:300,1
DA:303,0
DA:308,0
DA:309,0
DA:310,0
DA:311,0
DA:314,0
DA:319,0
DA:320,0
DA:321,0
DA:324,0
DA:325,0
DA:328,1
DA:333,1
DA:334,3
DA:335,1
DA:336,1
DA:337,1
DA:340,1
DA:342,1
DA:343,1
DA:344,1
DA:346,0
DA:348,0
DA:353,1
DA:355,1
DA:356,1
DA:357,1
DA:359,0
DA:361,0
DA:366,2
DA:368,2
DA:369,2
DA:370,2
DA:372,4
DA:374,0
DA:379,1
DA:380,1
DA:383,4
DA:385,4
DA:386,4
DA:387,4
DA:388,14
DA:390,0
DA:391,0
DA:395,1
DA:396,2
DA:398,1
DA:399,1
DA:400,1
DA:401,5
DA:402,1
DA:404,0
DA:405,0
DA:409,1
DA:410,2
DA:412,0
DA:413,0
DA:414,0
DA:415,0
DA:416,0
DA:418,0
DA:419,0
DA:423,1
DA:425,1
DA:426,1
DA:427,1
DA:428,5
DA:429,1
DA:431,0
DA:432,0
DA:436,0
DA:437,0
DA:438,0
DA:441,0
DA:443,0
DA:444,0
DA:445,0
DA:446,0
DA:447,0
DA:448,0
DA:450,0
DA:451,0
DA:455,0
DA:456,0
DA:457,0
DA:460,0
DA:462,0
DA:463,0
DA:464,0
DA:465,0
DA:466,0
DA:468,0
DA:469,0
DA:473,0
DA:475,0
DA:476,0
DA:477,0
DA:478,0
DA:479,0
DA:480,0
DA:482,0
DA:483,0
DA:487,0
DA:488,0
DA:490,0
DA:491,0
DA:492,0
DA:493,0
DA:494,0
DA:496,0
DA:497,0
DA:501,0
DA:505,0
DA:507,0
DA:508,0
DA:509,0
DA:510,0
DA:511,0
DA:512,0
DA:514,0
DA:515,0
DA:519,1
DA:521,2
DA:523,1
DA:524,1
DA:525,0
DA:527,1
DA:528,1
DA:529,1
DA:532,0
DA:533,0
DA:537,0
DA:538,0
DA:541,0
DA:543,0
DA:544,0
DA:545,0
DA:546,0
DA:548,0
DA:549,0
DA:553,0
DA:555,0
DA:557,0
DA:558,0
DA:559,0
DA:560,0
DA:562,0
DA:563,0
DA:567,0
DA:572,0
DA:573,0
DA:574,0
DA:575,0
DA:576,0
DA:577,0
DA:579,0
DA:580,0
DA:584,1
DA:585,2
DA:587,0
DA:588,0
DA:589,0
DA:590,0
DA:591,0
DA:593,0
DA:594,0
DA:598,0
DA:602,0
DA:604,0
DA:605,0
DA:606,0
DA:607,0
DA:608,0
DA:609,0
DA:611,0
DA:612,0
DA:618,4
LF:324
LH:154
end_of_record
SF:lib/application/use_case/post/like_post_use_case.dart
DA:8,1
DA:11,1
DA:16,1
DA:17,2
DA:25,1
DA:26,2
LF:6
LH:6
end_of_record
SF:lib/infrastructure/model/database_schema/post_like/post_like.dart
DA:16,0
DA:17,0
DA:18,1
DA:19,1
DA:21,1
DA:22,1
DA:24,1
LF:7
LH:5
end_of_record
SF:lib/infrastructure/model/database_schema/post_like/post_like.g.dart
DA:9,0
DA:10,0
DA:11,0
DA:12,0
DA:13,0
DA:16,4
DA:17,2
DA:18,2
DA:19,2
DA:20,2
LF:10
LH:5
end_of_record
SF:lib/infrastructure/model/database_schema/tokens/like_post_token/like_post_token.dart
DA:20,0
DA:21,0
DA:22,0
DA:23,0
DA:25,0
DA:26,0
DA:28,0
DA:29,0
DA:30,0
LF:9
LH:0
end_of_record
SF:lib/infrastructure/model/database_schema/tokens/like_post_token/like_post_token.g.dart
DA:9,0
DA:10,0
DA:11,0
DA:12,0
DA:13,0
DA:14,0
DA:15,0
DA:16,0
DA:19,2
DA:20,2
DA:21,2
DA:22,2
DA:23,2
DA:24,2
DA:25,2
DA:26,2
LF:16
LH:8
end_of_record
SF:lib/application/use_case/post/mute_post_use_case.dart
DA:8,1
DA:11,1
DA:16,1
DA:17,2
LF:4
LH:4
end_of_record
SF:lib/infrastructure/model/database_schema/post_mute/post_mute.dart
DA:15,0
DA:16,0
DA:17,1
DA:18,1
DA:20,1
DA:21,1
LF:6
LH:4
end_of_record
SF:lib/infrastructure/model/database_schema/post_mute/post_mute.g.dart
DA:9,0
DA:10,0
DA:11,0
DA:12,0
DA:15,2
DA:16,1
DA:17,1
DA:18,1
LF:8
LH:4
end_of_record
SF:lib/infrastructure/model/database_schema/tokens/mute_post_token/mute_post_token.dart
DA:19,0
DA:20,0
DA:21,0
DA:22,0
DA:24,0
DA:26,0
DA:27,0
DA:28,0
LF:8
LH:0
end_of_record
SF:lib/infrastructure/model/database_schema/tokens/mute_post_token/mute_post_token.g.dart
DA:9,0
DA:10,0
DA:11,0
DA:12,0
DA:13,0
DA:14,0
DA:15,0
DA:18,1
DA:19,1
DA:20,1
DA:21,1
DA:22,1
DA:23,1
DA:24,1
LF:14
LH:7
end_of_record
SF:lib/application/use_case/posts/posts_use_case.dart
DA:7,0
DA:10,0
DA:11,0
DA:12,0
DA:13,0
DA:14,0
DA:19,0
DA:20,0
DA:23,0
DA:25,0
DA:28,0
DA:29,0
DA:32,0
DA:36,0
DA:37,0
DA:38,0
DA:39,0
DA:40,0
DA:41,0
DA:43,0
DA:44,0
DA:45,0
DA:47,0
DA:48,0
DA:49,0
DA:50,0
LF:26
LH:0
end_of_record
SF:lib/presentation/state/common/user_post/user_post.dart
DA:15,0
DA:16,0
LF:2
LH:0
end_of_record
SF:lib/presentation/state/common/user_post/user_post.g.dart
DA:9,0
DA:10,0
DA:12,0
DA:14,0
DA:15,0
DA:18,0
DA:19,0
DA:20,0
DA:21,0
LF:9
LH:0
end_of_record
SF:lib/application/use_case/purchase/purchase_use_case.dart
DA:8,0
DA:10,0
DA:13,0
DA:14,0
DA:15,0
LF:5
LH:0
end_of_record
SF:lib/infrastructure/model/rest_api/verify_purchase/verified_purchase.dart
DA:15,2
DA:22,2
DA:23,2
DA:24,0
DA:25,0
DA:28,0
DA:29,0
DA:30,0
DA:31,0
DA:32,0
DA:33,0
DA:36,0
DA:37,0
DA:38,0
DA:40,0
DA:44,0
DA:45,0
DA:46,0
DA:47,0
DA:50,0
DA:51,0
DA:52,0
DA:55,0
DA:56,0
DA:57,0
DA:58,0
DA:61,0
DA:62,0
DA:65,0
DA:66,0
DA:67,0
DA:69,0
DA:73,0
DA:74,0
DA:75,0
DA:77,0
DA:81,0
DA:82,0
DA:83,0
DA:84,0
DA:86,0
DA:88,0
DA:89,0
DA:91,0
DA:93,0
LF:45
LH:3
end_of_record
SF:lib/infrastructure/model/rest_api/verify_purchase/verified_purchase.g.dart
DA:9,2
DA:10,2
DA:11,2
DA:12,2
DA:13,2
DA:14,2
DA:17,1
DA:18,1
DA:19,1
DA:20,1
DA:21,1
DA:22,1
LF:12
LH:12
end_of_record
SF:lib/application/use_case/user/mute_user_use_case.dart
DA:8,1
DA:11,1
DA:16,1
DA:17,1
DA:18,2
LF:5
LH:5
end_of_record
SF:lib/infrastructure/model/database_schema/tokens/mute_user_token/mute_user_token.dart
DA:20,0
DA:21,0
DA:22,0
DA:23,0
DA:24,0
DA:26,0
DA:28,0
DA:29,0
LF:8
LH:0
end_of_record
SF:lib/infrastructure/model/database_schema/tokens/mute_user_token/mute_user_token.g.dart
DA:9,0
DA:10,0
DA:11,0
DA:12,0
DA:13,0
DA:14,0
DA:15,0
DA:18,1
DA:19,1
DA:20,1
DA:21,1
DA:22,1
DA:23,1
DA:24,1
LF:14
LH:7
end_of_record
SF:lib/infrastructure/model/database_schema/user_mute/user_mute.dart
DA:15,0
DA:16,0
DA:17,1
DA:18,1
DA:19,1
DA:21,1
LF:6
LH:4
end_of_record
SF:lib/infrastructure/model/database_schema/user_mute/user_mute.g.dart
DA:9,0
DA:10,0
DA:11,0
DA:12,0
DA:15,2
DA:16,1
DA:17,1
DA:18,1
LF:8
LH:4
end_of_record
SF:lib/application/use_case/user/user_use_case.dart
DA:6,0
DA:8,0
DA:10,0
DA:11,0
DA:12,0
DA:13,0
DA:14,0
DA:16,0
DA:17,0
DA:18,0
LF:10
LH:0
end_of_record
SF:lib/infrastructure/model/database_schema/public_user/public_user.dart
DA:13,1
DA:38,0
DA:39,0
DA:40,0
DA:46,0
DA:47,0
DA:51,0
DA:52,0
DA:57,0
DA:58,0
DA:61,0
DA:62,0
DA:65,0
DA:66,0
DA:67,0
DA:68,0
DA:69,3
DA:71,0
DA:72,1
DA:73,3
DA:75,2
DA:76,0
DA:77,0
DA:78,0
DA:79,0
DA:80,0
DA:81,0
DA:83,0
DA:84,0
DA:85,0
DA:87,0
DA:88,0
DA:90,0
DA:91,0
DA:92,0
DA:93,0
DA:94,0
DA:97,0
DA:98,0
DA:99,0
DA:101,0
DA:102,0
DA:104,0
LF:43
LH:5
end_of_record
SF:lib/infrastructure/model/database_schema/public_user/public_user.g.dart
DA:9,0
DA:10,0
DA:11,0
DA:12,0
DA:13,0
DA:14,0
DA:15,0
DA:16,0
DA:17,0
DA:18,0
DA:19,0
DA:21,0
DA:22,0
DA:23,0
DA:25,0
DA:26,0
DA:27,0
DA:28,0
DA:29,0
DA:30,0
DA:31,0
DA:32,0
DA:33,0
DA:35,0
DA:36,0
DA:37,0
DA:41,0
DA:42,0
DA:43,0
DA:44,0
DA:45,0
DA:46,0
DA:47,0
DA:48,0
DA:49,0
DA:50,0
DA:51,0
DA:52,0
DA:53,0
DA:54,0
DA:55,0
DA:56,0
DA:57,0
DA:58,0
DA:59,0
DA:60,0
DA:61,0
DA:62,0
DA:63,0
LF:49
LH:0
end_of_record
SF:lib/presentation/state/common/image_user/image_user.dart
DA:13,0
DA:14,0
LF:2
LH:0
end_of_record
SF:lib/presentation/state/common/image_user/image_user.g.dart
DA:9,0
DA:11,0
DA:13,0
DA:14,0
DA:17,0
DA:18,0
LF:6
LH:0
end_of_record
SF:lib/core/constant/generate_image_constants.dart
DA:6,0
DA:8,0
DA:10,0
DA:12,0
LF:4
LH:0
end_of_record
SF:lib/core/extension/custom_date_time_formatting.dart
DA:3,1
DA:4,3
DA:5,3
DA:6,1
DA:10,1
DA:11,9
DA:15,1
DA:17,4
DA:20,1
DA:21,1
DA:22,1
DA:23,1
DA:24,7
DA:25,2
DA:27,2
DA:29,2
DA:30,1
DA:31,2
DA:32,5
DA:34,8
LF:20
LH:20
end_of_record
SF:lib/core/extension/purchase_details_extension.dart
DA:4,2
DA:5,2
DA:6,2
DA:7,2
DA:8,2
DA:9,2
DA:10,4
DA:11,4
DA:12,4
DA:14,2
DA:15,4
DA:16,2
DA:20,1
DA:21,4
DA:22,3
DA:23,3
DA:24,5
LF:17
LH:17
end_of_record
SF:lib/core/extension/shared_preferences_extension.dart
DA:6,1
DA:7,1
DA:11,1
DA:15,2
DA:16,2
DA:20,2
DA:21,6
DA:25,1
DA:26,1
DA:30,1
DA:34,1
DA:35,1
DA:36,1
DA:39,2
DA:43,2
DA:44,2
DA:47,1
DA:48,1
DA:49,1
LF:19
LH:19
end_of_record
SF:lib/core/extension/string_extension.dart
DA:6,1
DA:7,2
DA:8,1
DA:9,2
DA:13,4
DA:14,8
DA:15,4
LF:7
LH:7
end_of_record
SF:lib/presentation/constant/form_consts.dart
DA:40,2
DA:41,4
LF:2
LH:2
end_of_record
SF:lib/core/extension/double_extensions.dart
DA:2,2
DA:3,2
DA:8,6
LF:3
LH:3
end_of_record
SF:lib/presentation/navigation/app_router.dart
DA:25,0
DA:27,0
DA:29,0
DA:30,0
DA:33,0
DA:34,0
DA:35,0
DA:38,0
DA:39,0
DA:42,0
DA:43,0
DA:44,0
DA:45,0
DA:46,0
DA:47,0
DA:48,0
DA:49,0
DA:50,0
DA:51,0
DA:52,0
DA:55,0
DA:56,0
DA:57,0
DA:58,0
LF:24
LH:0
end_of_record
SF:lib/core/provider/keep_alive/infrastructure/firebase/firebase_firestore/firebase_firestore_provider.g.dart
DA:9,0
DA:13,0
LF:2
LH:0
end_of_record
SF:lib/core/provider/keep_alive/infrastructure/firebase/firebase_firestore/firebase_firestore_provider.dart
DA:7,0
DA:8,0
LF:2
LH:0
end_of_record
SF:lib/core/provider/keep_alive/infrastructure/firebase/firebase_functions/firebase_functions_provider.g.dart
DA:9,0
DA:13,0
LF:2
LH:0
end_of_record
SF:lib/core/provider/keep_alive/infrastructure/firebase/firebase_functions/firebase_functions_provider.dart
DA:7,0
DA:9,0
LF:2
LH:0
end_of_record
SF:lib/core/provider/keep_alive/infrastructure/firebase/firebase_remote_config/firebase_remote_config_provider.g.dart
DA:9,0
DA:14,0
LF:2
LH:0
end_of_record
SF:lib/core/provider/keep_alive/infrastructure/firebase/firebase_remote_config/firebase_remote_config_provider.dart
DA:7,0
DA:9,0
LF:2
LH:0
end_of_record
SF:lib/core/provider/keep_alive/infrastructure/firebase/firebath_auth/firebase_auth_provider.g.dart
DA:9,1
DA:13,3
LF:2
LH:2
end_of_record
SF:lib/core/provider/keep_alive/infrastructure/firebase/firebath_auth/firebase_auth_provider.dart
DA:7,1
DA:8,1
LF:2
LH:2
end_of_record
SF:lib/core/provider/keep_alive/infrastructure/in_app_purchase/in_app_purchase_provider.g.dart
DA:9,0
DA:13,0
DA:27,0
DA:31,0
DA:45,0
DA:50,0
LF:6
LH:0
end_of_record
SF:lib/core/provider/keep_alive/infrastructure/in_app_purchase/in_app_purchase_provider.dart
DA:9,0
DA:10,0
DA:12,0
DA:13,0
DA:15,0
DA:16,0
LF:6
LH:0
end_of_record
SF:lib/core/provider/keep_alive/notification/notification_provider.dart
DA:18,0
DA:20,0
DA:27,0
DA:30,0
DA:31,0
DA:32,0
DA:38,0
DA:40,0
DA:41,0
DA:43,0
DA:48,0
DA:49,0
DA:50,0
DA:51,0
DA:52,0
DA:53,0
DA:57,0
DA:58,0
DA:60,0
DA:61,0
DA:65,0
DA:66,0
DA:81,0
DA:85,0
DA:86,0
DA:87,0
DA:91,0
DA:92,0
DA:93,0
DA:95,0
DA:98,0
DA:99,0
DA:101,0
DA:104,0
DA:109,0
DA:110,0
DA:112,0
DA:114,0
LF:38
LH:0
end_of_record
SF:lib/core/provider/keep_alive/notification/notification_provider.g.dart
DA:9,0
DA:17,0
DA:18,0
DA:33,0
DA:39,0
DA:40,0
LF:6
LH:0
end_of_record
SF:lib/presentation/common/flavor_ui_core.dart
DA:4,0
LF:1
LH:0
end_of_record
SF:lib/core/provider/keep_alive/notifier/current_user/current_user_notifier.dart
DA:20,0
DA:21,0
DA:22,0
DA:23,0
DA:25,0
DA:26,0
DA:28,0
DA:31,0
DA:35,0
DA:38,0
DA:39,0
DA:42,0
DA:43,0
DA:46,0
DA:47,0
DA:50,0
DA:52,0
DA:53,0
DA:54,0
DA:55,0
DA:58,0
DA:59,0
DA:60,0
DA:61,0
DA:64,0
DA:65,0
DA:67,0
DA:69,0
DA:70,0
DA:71,0
DA:72,0
DA:79,0
DA:80,0
DA:81,0
DA:85,0
DA:86,0
DA:87,0
DA:91,0
DA:93,0
DA:94,0
DA:95,0
DA:96,0
DA:97,0
DA:98,0
DA:102,0
DA:103,0
DA:107,0
DA:108,0
DA:109,0
DA:112,0
DA:113,0
DA:114,0
DA:117,0
DA:118,0
DA:121,0
DA:122,0
DA:126,0
DA:128,0
DA:129,0
DA:131,0
DA:134,0
DA:135,0
DA:136,0
DA:137,0
DA:139,0
DA:144,0
DA:145,0
DA:149,0
DA:150,0
DA:151,0
DA:153,0
DA:154,0
DA:155,0
DA:156,0
LF:74
LH:0
end_of_record
SF:lib/core/provider/keep_alive/notifier/current_user/current_user_notifier.g.dart
DA:9,0
DA:14,0
DA:15,0
LF:3
LH:0
end_of_record
SF:lib/infrastructure/model/database_schema/private_user/private_user.dart
DA:10,0
DA:22,0
DA:23,0
DA:24,0
DA:25,0
DA:26,0
DA:27,0
LF:7
LH:0
end_of_record
SF:lib/infrastructure/model/database_schema/private_user/private_user.g.dart
DA:9,0
DA:10,0
DA:11,0
DA:12,0
DA:13,0
DA:14,0
DA:15,0
DA:16,0
DA:17,0
DA:18,0
DA:21,0
DA:22,0
DA:23,0
DA:24,0
DA:25,0
DA:26,0
DA:27,0
DA:28,0
DA:29,0
DA:30,0
DA:31,0
LF:21
LH:0
end_of_record
SF:lib/presentation/state/current_user/current_user/current_user_state.dart
DA:9,1
DA:15,0
DA:16,0
DA:17,0
DA:18,0
LF:5
LH:1
end_of_record
SF:lib/presentation/state/current_user/current_user/current_user_state.g.dart
DA:9,0
DA:10,0
DA:12,0
DA:14,0
DA:16,0
DA:18,0
DA:19,0
DA:21,0
DA:24,0
DA:25,0
DA:26,0
DA:27,0
DA:28,0
LF:13
LH:0
end_of_record
SF:lib/core/provider/keep_alive/stream/auth/stream_auth_provider.g.dart
DA:9,0
DA:13,0
DA:27,1
DA:31,3
LF:4
LH:2
end_of_record
SF:lib/core/provider/keep_alive/stream/auth/stream_auth_provider.dart
DA:9,0
DA:11,0
DA:12,0
DA:15,1
DA:17,2
LF:5
LH:2
end_of_record
SF:lib/core/provider/repository/api/api_repository_provider.g.dart
DA:9,0
DA:13,0
LF:2
LH:0
end_of_record
SF:lib/core/provider/repository/api/api_repository_provider.dart
DA:8,0
DA:10,0
LF:2
LH:0
end_of_record
SF:lib/core/provider/repository/auth/auth_repository_provider.g.dart
DA:9,0
DA:13,0
LF:2
LH:0
end_of_record
SF:lib/core/provider/repository/auth/auth_repository_provider.dart
DA:8,0
DA:10,0
LF:2
LH:0
end_of_record
SF:lib/core/provider/repository/database/database_repository_provider.g.dart
DA:9,0
DA:14,0
DA:15,0
LF:3
LH:0
end_of_record
SF:lib/core/provider/repository/database/database_repository_provider.dart
DA:8,0
DA:10,0
LF:2
LH:0
end_of_record
SF:lib/core/util/credential_core.dart
DA:8,0
DA:9,0
DA:10,0
DA:16,0
DA:17,0
DA:18,0
DA:19,0
DA:24,0
DA:25,0
DA:27,0
DA:30,0
DA:32,0
DA:33,0
DA:34,0
LF:14
LH:0
end_of_record
SF:lib/core/provider/keep_alive/usecase/file/file_use_case_provider.g.dart
DA:9,0
DA:13,0
LF:2
LH:0
end_of_record
SF:lib/core/provider/keep_alive/usecase/file/file_use_case_provider.dart
DA:8,0
DA:9,0
DA:10,0
DA:11,0
LF:4
LH:0
end_of_record
SF:lib/presentation/state/local_setting/local_setting_state.dart
DA:8,0
DA:13,0
DA:14,0
LF:3
LH:0
end_of_record
SF:lib/presentation/state/local_setting/local_setting_state.g.dart
DA:9,0
DA:10,0
DA:11,0
DA:12,0
DA:15,0
DA:16,0
DA:17,0
DA:18,0
LF:8
LH:0
end_of_record
SF:lib/core/provider/repository/local/local_repository_provider.g.dart
DA:9,0
DA:13,0
LF:2
LH:0
end_of_record
SF:lib/core/provider/repository/local/local_repository_provider.dart
DA:7,0
DA:9,0
LF:2
LH:0
end_of_record
SF:lib/core/provider/keep_alive/notifier/purchases/purchases_notifier.dart
DA:18,0
DA:19,0
DA:21,0
DA:22,0
DA:23,0
DA:24,0
DA:27,0
DA:29,0
DA:32,0
DA:33,0
DA:34,0
DA:35,0
DA:36,0
DA:37,0
DA:38,0
DA:39,0
DA:40,0
DA:41,0
DA:44,0
DA:45,0
DA:48,0
DA:52,0
DA:53,0
DA:54,0
DA:57,0
DA:58,0
DA:59,0
DA:62,0
DA:64,0
LF:29
LH:0
end_of_record
SF:lib/core/provider/keep_alive/notifier/purchases/purchases_notifier.g.dart
DA:9,0
DA:13,0
DA:14,0
LF:3
LH:0
end_of_record
SF:lib/presentation/state/purchases_state/purchase_state.dart
DA:11,0
DA:15,0
DA:16,0
DA:17,0
DA:18,0
DA:19,0
DA:20,0
DA:21,0
DA:22,0
LF:9
LH:0
end_of_record
SF:lib/presentation/state/purchases_state/purchase_state.g.dart
DA:9,0
DA:10,0
DA:12,0
DA:13,0
DA:14,0
DA:17,0
DA:18,0
LF:7
LH:0
end_of_record
SF:lib/core/provider/keep_alive/stream/purchase/purchase_stream_provider.g.dart
DA:9,0
DA:13,0
LF:2
LH:0
end_of_record
SF:lib/core/provider/keep_alive/stream/purchase/purchase_stream_provider.dart
DA:8,0
DA:10,0
LF:2
LH:0
end_of_record
SF:lib/core/provider/repository/purchase/purchase_repository_provider.g.dart
DA:9,0
DA:14,0
DA:15,0
LF:3
LH:0
end_of_record
SF:lib/core/provider/repository/purchase/purchase_repository_provider.dart
DA:7,0
DA:8,0
DA:9,0
DA:10,0
DA:11,0
LF:5
LH:0
end_of_record
SF:lib/core/provider/keep_alive/usecase/purchases/purchase_use_case_provider.g.dart
DA:9,0
DA:13,0
LF:2
LH:0
end_of_record
SF:lib/core/provider/keep_alive/usecase/purchases/purchase_use_case_provider.dart
DA:7,0
DA:9,0
LF:2
LH:0
end_of_record
SF:lib/infrastructure/repository/purchase_repository.dart
DA:11,0
DA:20,0
DA:21,0
DA:23,0
DA:24,0
DA:25,0
DA:28,0
DA:32,0
DA:33,0
DA:35,0
DA:37,0
DA:41,0
DA:43,0
DA:45,0
DA:50,0
DA:51,0
DA:55,0
DA:56,0
DA:58,0
DA:62,0
DA:64,0
DA:65,0
DA:66,0
DA:68,0
DA:73,0
DA:75,0
DA:78,0
DA:79,0
DA:83,0
DA:85,0
DA:88,0
DA:89,0
LF:32
LH:0
end_of_record
SF:lib/presentation/common/toast_ui_core.dart
DA:12,0
DA:16,0
DA:19,0
DA:20,0
DA:26,0
DA:27,0
DA:34,0
DA:35,0
DA:38,0
DA:39,0
DA:42,0
DA:43,0
DA:46,0
DA:51,0
DA:54,0
DA:55,0
DA:56,0
DA:57,0
DA:58,0
DA:61,0
DA:71,0
DA:78,0
DA:81,0
DA:82,0
DA:83,0
DA:84,0
DA:85,0
DA:87,0
DA:89,0
DA:90,0
DA:92,0
DA:94,0
LF:32
LH:0
end_of_record
SF:lib/core/provider/keep_alive/notifier/remote_config/remote_config_provider.dart
DA:11,0
DA:12,0
DA:13,0
DA:15,0
DA:16,0
DA:17,0
DA:18,0
DA:21,0
DA:22,0
DA:23,0
DA:24,0
LF:11
LH:0
end_of_record
SF:lib/core/provider/keep_alive/notifier/remote_config/remote_config_provider.g.dart
DA:9,0
DA:14,0
DA:15,0
LF:3
LH:0
end_of_record
SF:lib/presentation/state/remote_config/remote_config_state.dart
DA:9,0
DA:14,0
DA:15,0
DA:16,0
DA:17,0
LF:5
LH:0
end_of_record
SF:lib/presentation/state/remote_config/remote_config_state.g.dart
DA:9,0
DA:10,0
DA:11,0
DA:12,0
DA:15,0
DA:16,0
DA:17,0
DA:18,0
LF:8
LH:0
end_of_record
SF:lib/core/provider/keep_alive/stream/remote_config/remote_config_stream_provider.g.dart
DA:9,0
DA:14,0
LF:2
LH:0
end_of_record
SF:lib/core/provider/keep_alive/stream/remote_config/remote_config_stream_provider.dart
DA:8,0
DA:10,0
LF:2
LH:0
end_of_record
SF:lib/core/provider/repository/remote_config/remote_config_repository_provider.g.dart
DA:9,0
DA:14,0
DA:15,0
LF:3
LH:0
end_of_record
SF:lib/core/provider/repository/remote_config/remote_config_repository_provider.dart
DA:8,0
DA:10,0
LF:2
LH:0
end_of_record
SF:lib/core/provider/keep_alive/notifier/terms/terms_notifier.dart
DA:8,0
DA:10,0
DA:13,0
DA:14,0
DA:15,0
LF:5
LH:0
end_of_record
SF:lib/core/provider/keep_alive/notifier/terms/terms_notifier.g.dart
DA:9,0
DA:13,0
DA:14,0
LF:3
LH:0
end_of_record
SF:lib/core/provider/keep_alive/notifier/tokens/tokens_notifier.dart
DA:19,0
DA:21,0
DA:22,0
DA:23,0
DA:26,0
DA:27,0
DA:28,0
DA:30,0
DA:33,0
DA:34,0
DA:35,0
DA:38,0
DA:39,0
DA:40,0
DA:43,0
DA:44,0
DA:45,0
DA:48,0
DA:49,0
DA:50,0
DA:54,0
DA:55,0
DA:58,0
DA:60,0
DA:61,0
DA:62,0
DA:64,0
DA:68,0
DA:69,0
DA:70,0
DA:72,0
DA:76,0
DA:77,0
DA:78,0
DA:79,0
DA:81,0
DA:85,0
DA:86,0
DA:87,0
DA:91,0
DA:92,0
DA:93,0
DA:94,0
DA:95,0
DA:99,0
DA:100,0
DA:101,0
DA:102,0
DA:104,0
DA:108,0
DA:109,0
DA:110,0
DA:114,0
DA:115,0
DA:116,0
DA:117,0
DA:118,0
DA:122,0
DA:123,0
DA:125,0
DA:126,0
DA:127,0
DA:129,0
DA:133,0
DA:135,0
DA:136,0
DA:137,0
DA:138,0
DA:139,0
DA:142,0
DA:143,0
DA:145,0
DA:146,0
DA:147,0
DA:149,0
DA:153,0
DA:154,0
DA:155,0
DA:156,0
DA:157,0
DA:158,0
DA:161,0
DA:162,0
DA:163,0
DA:164,0
DA:165,0
LF:86
LH:0
end_of_record
SF:lib/core/provider/keep_alive/notifier/tokens/tokens_notifier.g.dart
DA:9,0
DA:13,0
DA:14,0
LF:3
LH:0
end_of_record
SF:lib/infrastructure/model/database_schema/tokens/following_token/following_token.dart
DA:12,1
DA:19,0
DA:20,0
DA:21,0
DA:22,0
DA:23,0
DA:24,0
DA:28,0
DA:31,0
LF:9
LH:1
end_of_record
SF:lib/infrastructure/model/database_schema/tokens/following_token/following_token.g.dart
DA:9,0
DA:10,0
DA:11,0
DA:12,0
DA:13,0
DA:14,0
DA:17,1
DA:18,1
DA:19,1
DA:20,1
DA:21,1
DA:22,1
LF:12
LH:6
end_of_record
SF:lib/presentation/state/tokens/tokens_state.dart
DA:12,0
DA:20,0
DA:21,0
DA:22,0
DA:23,0
DA:25,0
DA:27,0
DA:29,0
DA:31,0
DA:32,0
DA:33,0
LF:11
LH:0
end_of_record
SF:lib/presentation/state/tokens/tokens_state.g.dart
DA:9,0
DA:11,0
DA:12,0
DA:13,0
DA:16,0
DA:17,0
DA:18,0
DA:21,0
DA:22,0
DA:23,0
DA:26,0
DA:27,0
DA:28,0
DA:31,0
DA:32,0
DA:33,0
DA:37,0
DA:38,0
DA:39,0
DA:40,0
DA:41,0
DA:42,0
DA:43,0
LF:23
LH:0
end_of_record
SF:lib/core/provider/keep_alive/usecase/post/delete_post/delete_post_use_case_provider.g.dart
DA:9,0
DA:13,0
DA:14,0
LF:3
LH:0
end_of_record
SF:lib/core/provider/keep_alive/usecase/post/delete_post/delete_post_use_case_provider.dart
DA:9,0
DA:10,0
DA:11,0
DA:12,0
LF:4
LH:0
end_of_record
SF:lib/core/provider/keep_alive/usecase/post/like_post/like_post_use_case_provider.g.dart
DA:9,0
DA:13,0
LF:2
LH:0
end_of_record
SF:lib/core/provider/keep_alive/usecase/post/like_post/like_post_use_case_provider.dart
DA:8,0
DA:10,0
LF:2
LH:0
end_of_record
SF:lib/core/provider/keep_alive/usecase/post/mute_post/mute_post_use_case_provider.g.dart
DA:9,0
DA:13,0
LF:2
LH:0
end_of_record
SF:lib/core/provider/keep_alive/usecase/post/mute_post/mute_post_use_case_provider.dart
DA:8,0
DA:10,0
LF:2
LH:0
end_of_record
SF:lib/core/provider/keep_alive/usecase/posts/posts_use_case_provider.g.dart
DA:9,0
DA:13,0
LF:2
LH:0
end_of_record
SF:lib/core/provider/keep_alive/usecase/posts/posts_use_case_provider.dart
DA:8,0
DA:9,0
DA:10,0
DA:11,0
LF:4
LH:0
end_of_record
SF:lib/core/provider/keep_alive/usecase/user/mute_user/mute_user_use_case_provider.g.dart
DA:9,0
DA:13,0
LF:2
LH:0
end_of_record
SF:lib/core/provider/keep_alive/usecase/user/mute_user/mute_user_use_case_provider.dart
DA:8,0
DA:10,0
LF:2
LH:0
end_of_record
SF:lib/core/provider/keep_alive/usecase/user/user_use_case_provider.g.dart
DA:9,0
DA:13,0
LF:2
LH:0
end_of_record
SF:lib/core/provider/keep_alive/usecase/user/user_use_case_provider.dart
DA:7,0
DA:8,0
LF:2
LH:0
end_of_record
SF:lib/core/provider/view_model/admin/admin_view_model.dart
DA:10,0
DA:11,0
DA:13,0
DA:14,0
DA:15,0
DA:16,0
DA:18,0
DA:25,0
DA:26,0
DA:30,0
DA:31,0
DA:35,0
DA:36,0
LF:13
LH:0
end_of_record
SF:lib/core/provider/view_model/admin/admin_view_model.g.dart
DA:9,0
DA:13,0
DA:14,0
LF:3
LH:0
end_of_record
SF:lib/presentation/state/admin/admin_state.dart
DA:8,0
DA:14,0
DA:15,0
LF:3
LH:0
end_of_record
SF:lib/presentation/state/admin/admin_state.g.dart
DA:9,0
DA:10,0
DA:11,0
DA:12,0
DA:15,0
DA:16,0
DA:17,0
DA:18,0
DA:19,0
LF:9
LH:0
end_of_record
SF:lib/core/provider/view_model/chat/chat_view_model.g.dart
DA:9,0
DA:13,0
DA:15,0
DA:17,0
DA:19,0
DA:20,0
DA:23,0
DA:25,0
DA:27,0
DA:28,0
DA:47,44
DA:50,0
DA:51,0
DA:54,0
DA:58,0
DA:63,0
DA:68,0
DA:72,0
DA:80,0
DA:81,0
DA:82,0
DA:83,0
DA:84,0
DA:85,0
DA:99,0
DA:108,0
DA:113,0
DA:115,0
DA:118,0
DA:120,0
DA:122,0
DA:123,0
DA:124,0
DA:125,0
DA:126,0
DA:127,0
DA:132,0
DA:133,0
DA:138,0
DA:141,0
DA:144,0
DA:146,0
DA:147,0
DA:148,0
DA:151,0
DA:153,0
DA:154,0
DA:155,0
DA:157,0
DA:174,0
DA:176,0
DA:177,0
DA:178,0
DA:179,0
LF:54
LH:1
end_of_record
SF:lib/core/provider/view_model/chat/chat_view_model.dart
DA:23,0
DA:26,0
DA:28,0
DA:31,0
DA:32,0
DA:34,0
DA:35,0
DA:37,0
DA:41,0
DA:45,0
DA:48,0
DA:51,0
DA:52,0
DA:55,0
DA:59,0
DA:61,0
DA:63,0
DA:64,0
DA:65,0
DA:67,0
DA:69,0
DA:70,0
DA:72,0
DA:73,0
DA:77,0
DA:79,0
DA:80,0
DA:81,0
DA:82,0
DA:83,0
DA:87,0
DA:88,0
DA:89,0
DA:92,0
DA:93,0
DA:94,0
DA:95,0
DA:96,0
DA:99,0
DA:100,0
DA:103,0
DA:104,0
DA:105,0
DA:106,0
DA:107,0
DA:108,0
DA:109,0
DA:113,0
DA:114,0
DA:116,0
DA:117,0
DA:118,0
DA:119,0
DA:120,0
DA:121,0
DA:122,0
DA:125,0
DA:126,0
DA:127,0
DA:128,0
DA:131,0
DA:132,0
DA:133,0
DA:134,0
DA:135,0
DA:143,0
DA:144,0
DA:145,0
DA:147,0
LF:69
LH:0
end_of_record
SF:lib/infrastructure/model/rest_api/open_ai/generate_text/request/generate_text_request.dart
DA:13,0
DA:14,0
DA:15,0
DA:19,0
DA:20,0
LF:5
LH:0
end_of_record
SF:lib/infrastructure/model/rest_api/open_ai/generate_text/request/generate_text_request.g.dart
DA:9,0
DA:10,0
DA:11,0
DA:13,0
DA:14,0
DA:15,0
DA:18,1
DA:20,3
LF:8
LH:2
end_of_record
SF:lib/infrastructure/model/rest_api/open_ai/generate_text/request/message/generate_text_request_message.dart
DA:12,0
DA:13,0
DA:14,0
DA:15,0
LF:4
LH:0
end_of_record
SF:lib/infrastructure/model/rest_api/open_ai/generate_text/request/message/generate_text_request_message.g.dart
DA:9,0
DA:11,0
DA:12,0
DA:13,0
DA:16,0
DA:18,0
LF:6
LH:0
end_of_record
SF:lib/infrastructure/model/rest_api/open_ai/generate_text/response/generate_text_response.dart
DA:12,1
DA:13,1
LF:2
LH:2
end_of_record
SF:lib/infrastructure/model/rest_api/open_ai/generate_text/response/generate_text_response.g.dart
DA:9,1
DA:11,1
DA:12,1
DA:13,1
DA:16,0
DA:18,0
LF:6
LH:4
end_of_record
SF:lib/presentation/state/chat/chat_state.dart
DA:9,0
DA:18,0
DA:19,0
LF:3
LH:0
end_of_record
SF:lib/presentation/state/chat/chat_state.g.dart
DA:9,0
DA:11,0
DA:12,0
DA:13,0
DA:15,0
DA:16,0
DA:17,0
DA:18,0
DA:21,0
DA:22,0
DA:23,0
DA:24,0
DA:25,0
DA:26,0
DA:27,0
LF:15
LH:0
end_of_record
SF:lib/presentation/notifier/purchases/purchases_notifier.dart
DA:18,0
DA:19,0
DA:21,0
DA:22,0
DA:23,0
DA:24,0
DA:27,0
DA:29,0
DA:32,0
DA:33,0
DA:34,0
DA:35,0
DA:36,0
DA:37,0
DA:38,0
DA:39,0
DA:40,0
DA:41,0
DA:44,0
DA:45,0
DA:48,0
DA:52,0
DA:53,0
DA:54,0
DA:57,0
DA:58,0
DA:59,0
DA:62,0
DA:64,0
LF:29
LH:0
end_of_record
SF:lib/presentation/notifier/purchases/purchases_notifier.g.dart
DA:9,0
DA:13,0
DA:14,0
LF:3
LH:0
end_of_record
SF:lib/infrastructure/model/database_schema/text_message/text_message.dart
DA:15,1
DA:23,0
DA:24,0
DA:25,1
DA:26,1
DA:27,1
DA:28,1
DA:29,1
DA:30,2
DA:31,1
DA:34,1
DA:35,1
DA:36,1
DA:37,1
DA:38,1
DA:39,2
DA:43,2
DA:44,2
DA:45,1
DA:46,1
DA:47,1
DA:48,3
DA:51,2
DA:52,3
DA:53,0
DA:55,0
DA:56,0
DA:58,0
DA:59,0
LF:29
LH:22
end_of_record
SF:lib/infrastructure/model/database_schema/text_message/text_message.g.dart
DA:9,0
DA:10,0
DA:11,0
DA:12,0
DA:13,0
DA:14,0
DA:17,0
DA:18,0
DA:19,0
DA:20,0
DA:21,0
DA:22,0
DA:23,0
LF:13
LH:0
end_of_record
SF:lib/core/provider/view_model/create_post/create_post_view_model.dart
DA:23,2
DA:29,0
DA:31,0
DA:34,0
DA:36,0
DA:37,0
DA:41,0
DA:43,0
DA:44,0
DA:49,0
DA:50,0
DA:53,0
DA:54,0
DA:55,0
DA:58,0
DA:59,0
DA:63,0
DA:64,0
DA:69,0
DA:70,0
DA:74,0
DA:75,0
DA:79,0
DA:85,0
DA:87,0
DA:88,0
DA:89,0
DA:90,0
DA:91,0
DA:94,0
DA:96,0
DA:97,0
DA:98,0
DA:105,0
DA:110,0
DA:111,0
DA:116,0
DA:117,0
DA:120,0
DA:121,0
DA:122,0
DA:123,0
DA:126,0
DA:129,0
DA:130,0
LF:45
LH:1
end_of_record
SF:lib/core/provider/view_model/create_post/create_post_view_model.g.dart
DA:9,2
DA:14,6
LF:2
LH:2
end_of_record
SF:lib/core/util/id_core.dart
DA:4,2
DA:6,2
LF:2
LH:2
end_of_record
SF:lib/core/util/image_core.dart
DA:14,0
DA:15,0
DA:16,0
DA:17,0
DA:18,0
DA:19,0
DA:20,0
DA:23,0
DA:24,0
DA:25,0
DA:26,0
DA:27,0
DA:28,0
DA:31,0
DA:33,0
DA:34,0
DA:42,0
DA:46,0
DA:47,0
DA:50,0
DA:51,0
DA:52,0
DA:58,0
DA:62,0
DA:63,0
DA:64,0
DA:65,0
DA:70,0
DA:71,0
DA:72,0
LF:30
LH:0
end_of_record
SF:lib/infrastructure/model/database_schema/custom_complete_text/custom_complete_text.dart
DA:7,0
DA:10,0
DA:11,0
LF:3
LH:0
end_of_record
SF:lib/infrastructure/model/database_schema/custom_complete_text/custom_complete_text.g.dart
DA:9,0
DA:10,0
DA:12,0
DA:13,0
LF:4
LH:0
end_of_record
SF:lib/presentation/state/create_post/create_post_state.dart
DA:9,46
DA:20,0
DA:21,0
LF:3
LH:1
end_of_record
SF:lib/presentation/state/create_post/create_post_state.g.dart
DA:9,0
DA:10,0
DA:11,0
DA:13,0
DA:14,0
DA:15,0
DA:18,0
DA:19,0
DA:20,0
DA:21,0
DA:22,0
DA:23,0
LF:12
LH:0
end_of_record
SF:lib/presentation/common/image_ui_core.dart
DA:6,0
DA:7,0
LF:2
LH:0
end_of_record
SF:lib/infrastructure/model/rest_api/put_object/request/put_object_request.dart
DA:11,1
DA:16,0
DA:17,0
DA:18,0
DA:22,0
LF:5
LH:1
end_of_record
SF:lib/infrastructure/model/rest_api/put_object/request/put_object_request.g.dart
DA:9,0
DA:10,0
DA:11,0
DA:12,0
DA:15,1
DA:16,1
DA:17,1
DA:18,1
LF:8
LH:4
end_of_record
SF:lib/core/util/aws_s3_core.dart
DA:2,2
DA:3,1
DA:4,1
LF:3
LH:3
end_of_record
SF:lib/core/provider/view_model/edit/edit_view_model.dart
DA:24,1
DA:25,4
DA:26,1
DA:28,1
DA:29,0
DA:30,0
DA:31,1
DA:32,1
DA:41,0
DA:42,0
DA:44,0
DA:45,0
DA:46,0
DA:48,0
DA:51,0
DA:52,0
DA:56,0
DA:57,0
DA:58,0
DA:59,0
DA:64,0
DA:66,0
DA:70,0
DA:72,0
DA:76,0
DA:77,0
DA:78,0
DA:82,0
DA:86,0
DA:87,0
DA:88,0
DA:89,0
DA:90,0
DA:91,0
DA:94,0
DA:97,0
DA:98,0
DA:100,0
DA:104,0
DA:105,0
DA:107,0
DA:108,0
DA:111,0
DA:112,0
DA:113,0
DA:114,0
DA:115,0
DA:121,0
DA:123,0
DA:128,0
DA:129,0
DA:135,0
DA:139,0
DA:144,0
DA:146,0
DA:147,0
DA:153,0
DA:154,0
LF:58
LH:6
end_of_record
SF:lib/core/provider/view_model/edit/edit_view_model.g.dart
DA:9,1
DA:13,2
DA:14,1
LF:3
LH:3
end_of_record
SF:lib/presentation/notifier/current_user/current_user_notifier.dart
DA:20,0
DA:21,0
DA:22,0
DA:23,1
DA:25,1
DA:26,4
DA:28,0
DA:31,0
DA:35,0
DA:38,0
DA:39,0
DA:42,0
DA:43,0
DA:46,0
DA:47,0
DA:50,0
DA:52,0
DA:53,0
DA:54,0
DA:55,0
DA:58,0
DA:59,0
DA:60,0
DA:61,0
DA:64,0
DA:65,0
DA:67,0
DA:69,0
DA:70,0
DA:71,0
DA:72,0
DA:79,0
DA:80,0
DA:81,0
DA:85,0
DA:86,0
DA:87,0
DA:91,0
DA:93,0
DA:94,0
DA:95,0
DA:96,0
DA:97,0
DA:98,0
DA:102,0
DA:103,0
DA:107,0
DA:108,0
DA:109,0
DA:112,0
DA:113,0
DA:114,0
DA:117,0
DA:118,0
DA:121,0
DA:122,0
DA:126,0
DA:128,0
DA:129,0
DA:131,0
DA:134,0
DA:135,0
DA:136,0
DA:137,0
DA:139,0
DA:144,0
DA:145,0
DA:149,0
DA:150,0
DA:151,0
DA:153,0
DA:154,0
DA:155,0
DA:156,0
LF:74
LH:3
end_of_record
SF:lib/presentation/notifier/current_user/current_user_notifier.g.dart
DA:9,1
DA:14,2
DA:15,1
LF:3
LH:3
end_of_record
SF:lib/infrastructure/model/database_schema/user_update_log/user_update_log.dart
DA:19,0
DA:20,0
DA:21,1
DA:27,1
DA:28,1
DA:29,1
DA:30,1
DA:31,1
DA:33,2
LF:9
LH:7
end_of_record
SF:lib/infrastructure/model/database_schema/user_update_log/user_update_log.g.dart
DA:9,0
DA:10,0
DA:11,0
DA:12,0
DA:13,0
DA:14,0
DA:15,0
DA:16,0
DA:19,1
DA:20,1
DA:21,1
DA:22,1
DA:23,1
DA:24,1
DA:25,1
DA:26,1
LF:16
LH:8
end_of_record
SF:lib/presentation/state/edit/edit_state.dart
DA:8,1
DA:15,0
DA:16,0
LF:3
LH:1
end_of_record
SF:lib/presentation/state/edit/edit_state.g.dart
DA:9,0
DA:10,0
DA:11,0
DA:12,0
DA:13,0
DA:16,0
DA:17,0
DA:18,0
DA:19,0
DA:20,0
DA:21,0
LF:11
LH:0
end_of_record
SF:lib/core/provider/view_model/generate_image/generate_image_view_model.dart
DA:11,0
DA:16,0
DA:21,0
DA:24,0
DA:26,0
DA:27,0
DA:29,0
DA:30,0
DA:33,0
DA:35,0
DA:36,0
DA:37,0
LF:12
LH:0
end_of_record
SF:lib/core/provider/view_model/generate_image/generate_image_view_model.g.dart
DA:9,0
DA:14,0
LF:2
LH:0
end_of_record
SF:lib/infrastructure/model/rest_api/open_ai/generate_image/response/generate_image_response.dart
DA:8,1
DA:11,1
DA:12,1
LF:3
LH:3
end_of_record
SF:lib/infrastructure/model/rest_api/open_ai/generate_image/response/generate_image_response.g.dart
DA:9,1
DA:11,2
DA:13,0
DA:15,0
LF:4
LH:2
end_of_record
SF:lib/presentation/state/generate_image/generate_image_state.dart
DA:8,44
DA:14,0
DA:15,0
LF:3
LH:1
end_of_record
SF:lib/presentation/state/generate_image/generate_image_state.g.dart
DA:9,0
DA:10,0
DA:11,0
DA:12,0
DA:13,0
DA:16,0
DA:17,0
DA:18,0
DA:19,0
DA:20,0
LF:10
LH:0
end_of_record
SF:lib/core/provider/view_model/mute_posts/mute_posts_view_model.dart
DA:18,0
DA:19,0
DA:20,0
DA:21,0
DA:22,0
DA:23,0
DA:24,0
DA:26,0
DA:27,0
DA:28,0
DA:29,0
DA:30,0
DA:34,0
DA:35,0
DA:36,0
DA:37,0
DA:38,0
DA:40,0
DA:43,0
DA:45,0
DA:48,0
DA:49,0
DA:53,0
DA:54,0
DA:55,0
DA:57,0
DA:60,0
DA:61,0
DA:63,0
DA:66,0
DA:70,0
DA:72,0
DA:73,0
DA:74,0
DA:75,0
DA:78,0
DA:82,0
DA:83,0
DA:84,0
DA:85,0
DA:86,0
DA:87,0
DA:89,0
DA:90,0
DA:91,0
LF:45
LH:0
end_of_record
SF:lib/core/provider/view_model/mute_posts/mute_posts_view_model.g.dart
DA:9,0
DA:14,0
DA:15,0
LF:3
LH:0
end_of_record
SF:lib/presentation/state/posts/posts_state.dart
DA:10,0
DA:13,0
DA:14,0
DA:15,0
LF:4
LH:0
end_of_record
SF:lib/presentation/state/posts/posts_state.g.dart
DA:9,0
DA:11,0
DA:12,0
DA:13,0
DA:17,0
DA:18,0
LF:6
LH:0
end_of_record
SF:lib/presentation/notifier/tokens/tokens_notifier.dart
DA:19,0
DA:21,0
DA:22,0
DA:23,0
DA:26,0
DA:27,0
DA:28,0
DA:30,0
DA:33,0
DA:34,0
DA:35,0
DA:38,0
DA:39,0
DA:40,0
DA:43,0
DA:44,0
DA:45,0
DA:48,0
DA:49,0
DA:50,0
DA:54,0
DA:55,0
DA:58,0
DA:60,0
DA:61,0
DA:62,0
DA:64,0
DA:68,0
DA:69,0
DA:70,0
DA:72,0
DA:76,0
DA:77,0
DA:78,0
DA:79,0
DA:81,0
DA:85,0
DA:86,0
DA:87,0
DA:91,0
DA:92,0
DA:93,0
DA:94,0
DA:95,0
DA:99,0
DA:100,0
DA:101,0
DA:102,0
DA:104,0
DA:108,0
DA:109,0
DA:110,0
DA:114,0
DA:115,0
DA:116,0
DA:117,0
DA:118,0
DA:122,0
DA:123,0
DA:125,0
DA:126,0
DA:127,0
DA:129,0
DA:133,0
DA:135,0
DA:136,0
DA:137,0
DA:138,0
DA:139,0
DA:142,0
DA:143,0
DA:145,0
DA:146,0
DA:147,0
DA:149,0
DA:153,0
DA:154,0
DA:155,0
DA:156,0
DA:157,0
DA:158,0
DA:161,0
DA:162,0
DA:163,0
DA:164,0
DA:165,0
LF:86
LH:0
end_of_record
SF:lib/presentation/notifier/tokens/tokens_notifier.g.dart
DA:9,0
DA:13,0
DA:14,0
LF:3
LH:0
end_of_record
SF:lib/core/provider/view_model/mute_users/mute_users_view_model.dart
DA:14,0
DA:15,0
DA:17,0
DA:20,0
DA:21,0
DA:22,0
DA:23,0
DA:24,0
DA:25,0
DA:29,0
DA:30,0
DA:31,0
DA:32,0
DA:33,0
DA:35,0
DA:38,0
DA:40,0
DA:43,0
DA:44,0
DA:45,0
DA:46,0
DA:47,0
DA:48,0
DA:49,0
DA:51,0
DA:52,0
DA:53,0
DA:54,0
DA:55,0
DA:60,0
DA:61,0
DA:65,0
DA:66,0
DA:67,0
DA:72,0
DA:73,0
DA:74,0
DA:75,0
DA:76,0
DA:77,0
LF:40
LH:0
end_of_record
SF:lib/core/provider/view_model/mute_users/mute_users_view_model.g.dart
DA:9,0
DA:14,0
LF:2
LH:0
end_of_record
SF:lib/presentation/state/mute_users/mute_users_state.dart
DA:10,0
DA:13,0
DA:14,0
DA:15,0
DA:16,0
LF:5
LH:0
end_of_record
SF:lib/presentation/state/mute_users/mute_users_state.g.dart
DA:9,0
DA:10,0
DA:12,0
DA:13,0
DA:14,0
DA:17,0
DA:18,0
LF:7
LH:0
end_of_record
SF:lib/core/provider/view_model/posts/posts_view_model.g.dart
DA:9,0
DA:13,0
DA:15,0
DA:17,0
DA:19,0
DA:20,0
DA:23,0
DA:25,0
DA:27,0
DA:28,0
DA:45,44
DA:48,0
DA:49,0
DA:52,0
DA:56,0
DA:61,0
DA:66,0
DA:70,0
DA:78,0
DA:79,0
DA:80,0
DA:93,0
DA:101,0
DA:105,0
DA:107,0
DA:110,0
DA:112,0
DA:114,0
DA:115,0
DA:116,0
DA:121,0
DA:126,0
DA:128,0
DA:131,0
DA:133,0
DA:134,0
DA:137,0
DA:139,0
DA:140,0
DA:142,0
DA:156,0
DA:158,0
DA:159,0
LF:43
LH:1
end_of_record
SF:lib/core/provider/view_model/posts/posts_view_model.dart
DA:15,0
DA:17,0
DA:20,0
DA:21,0
DA:23,0
DA:24,0
DA:25,0
DA:27,0
DA:29,0
DA:32,0
DA:34,0
DA:35,0
DA:36,0
DA:37,0
DA:41,0
DA:42,0
DA:43,0
DA:44,0
DA:45,0
DA:46,0
DA:48,0
DA:50,0
DA:52,0
DA:53,0
LF:24
LH:0
end_of_record
SF:lib/core/provider/view_model/products/products_view_model.dart
DA:15,0
DA:18,0
DA:19,0
DA:22,0
DA:24,0
DA:27,0
DA:28,0
DA:30,0
DA:32,0
DA:33,0
DA:34,0
DA:41,0
DA:42,0
DA:46,0
DA:47,0
DA:49,0
DA:51,0
DA:55,0
DA:56,0
LF:19
LH:0
end_of_record
SF:lib/core/provider/view_model/products/products_view_model.g.dart
DA:9,0
DA:13,0
DA:14,0
LF:3
LH:0
end_of_record
SF:lib/core/util/purchases_core.dart
DA:10,0
DA:11,0
DA:12,0
DA:13,0
DA:14,0
DA:16,0
DA:18,0
DA:19,0
DA:21,0
DA:22,0
DA:23,0
DA:26,0
DA:27,0
DA:29,0
DA:30,0
DA:31,0
DA:32,0
DA:35,0
DA:36,0
DA:37,0
DA:38,0
DA:41,0
DA:46,0
DA:47,0
DA:50,0
DA:58,0
DA:62,0
DA:63,0
DA:64,0
DA:66,0
DA:69,0
DA:73,0
DA:80,0
DA:81,0
DA:82,0
DA:87,0
DA:91,0
DA:95,1
DA:97,2
DA:98,1
DA:99,2
LF:41
LH:4
end_of_record
SF:lib/presentation/state/purchases/purchases_state.dart
DA:9,0
DA:13,0
DA:14,0
DA:17,0
DA:22,0
DA:23,0
DA:24,0
DA:25,0
DA:29,0
DA:30,0
DA:31,0
LF:11
LH:0
end_of_record
SF:lib/core/provider/view_model/profile/profile_view_model.g.dart
DA:9,0
DA:13,0
DA:15,0
DA:17,0
DA:19,0
DA:20,0
DA:23,0
DA:25,0
DA:27,0
DA:28,0
DA:46,44
DA:49,0
DA:50,0
DA:53,0
DA:57,0
DA:62,0
DA:67,0
DA:71,0
DA:80,0
DA:81,0
DA:82,0
DA:95,0
DA:103,0
DA:107,0
DA:109,0
DA:112,0
DA:114,0
DA:116,0
DA:117,0
DA:118,0
DA:123,0
DA:128,0
DA:131,0
DA:134,0
DA:136,0
DA:139,0
DA:141,0
DA:142,0
DA:144,0
DA:159,0
DA:161,0
DA:162,0
LF:42
LH:1
end_of_record
SF:lib/core/provider/view_model/profile/profile_view_model.dart
DA:19,0
DA:20,0
DA:22,0
DA:25,0
DA:26,0
DA:27,0
DA:28,0
DA:29,0
DA:32,0
DA:33,0
DA:36,0
DA:37,0
DA:38,0
DA:39,0
DA:40,0
DA:44,0
DA:46,0
DA:47,0
DA:48,0
DA:49,0
DA:53,0
DA:57,0
DA:58,0
DA:62,0
DA:63,0
DA:64,0
DA:65,0
DA:68,0
DA:69,0
DA:71,0
DA:72,0
DA:73,0
DA:75,0
DA:79,0
DA:81,0
DA:86,0
DA:87,0
DA:89,0
DA:91,0
DA:94,0
DA:97,0
DA:99,0
DA:100,0
DA:102,0
DA:103,0
DA:104,0
DA:105,0
DA:106,0
DA:107,0
DA:109,0
DA:115,0
DA:117,0
DA:119,0
DA:120,0
DA:121,0
DA:124,0
DA:125,0
DA:127,0
DA:130,0
DA:131,0
DA:132,0
DA:135,0
DA:136,0
DA:137,0
DA:138,0
DA:139,0
DA:140,0
DA:142,0
DA:144,0
DA:145,0
DA:149,0
DA:151,0
DA:153,0
DA:154,0
DA:155,0
DA:158,0
DA:160,0
DA:161,0
DA:162,0
DA:163,0
DA:164,0
DA:165,0
DA:166,0
LF:83
LH:0
end_of_record
SF:lib/infrastructure/model/database_schema/follower/follower.dart
DA:9,1
DA:15,0
DA:16,0
DA:17,0
DA:18,0
DA:19,0
DA:25,0
LF:7
LH:1
end_of_record
SF:lib/infrastructure/model/database_schema/follower/follower.g.dart
DA:9,0
DA:10,0
DA:11,0
DA:12,0
DA:15,2
DA:16,1
DA:17,1
DA:18,1
LF:8
LH:4
end_of_record
SF:lib/presentation/state/profile/profile_state.dart
DA:11,0
DA:17,0
DA:18,0
DA:19,0
LF:4
LH:0
end_of_record
SF:lib/presentation/state/profile/profile_state.g.dart
DA:9,0
DA:10,0
DA:12,0
DA:14,0
DA:15,0
DA:17,0
DA:18,0
DA:19,0
DA:22,0
DA:23,0
DA:24,0
DA:25,0
DA:26,0
LF:13
LH:0
end_of_record
SF:lib/core/provider/view_model/ranking_users/ranking_users_view_model.dart
DA:11,0
DA:12,0
DA:14,0
DA:17,0
DA:18,0
DA:19,0
DA:20,0
DA:21,0
DA:22,0
DA:25,0
DA:26,0
DA:27,0
DA:28,0
DA:29,0
DA:30,0
DA:31,0
DA:32,0
DA:33,0
DA:34,0
LF:19
LH:0
end_of_record
SF:lib/core/provider/view_model/ranking_users/ranking_users_view_model.g.dart
DA:9,0
DA:14,0
LF:2
LH:0
end_of_record
SF:lib/presentation/state/ranking_users/ranking_users_state.dart
DA:10,0
DA:13,0
DA:14,0
DA:15,0
DA:16,0
LF:5
LH:0
end_of_record
SF:lib/presentation/state/ranking_users/ranking_users_state.g.dart
DA:9,0
DA:11,0
DA:12,0
DA:13,0
DA:16,0
DA:17,0
LF:6
LH:0
end_of_record
SF:lib/core/provider/view_model/timelines/timelines_view_model.dart
DA:15,0
DA:16,0
DA:17,0
DA:18,0
DA:20,0
DA:21,0
DA:22,0
DA:23,0
DA:24,0
DA:25,0
DA:26,0
DA:27,0
DA:28,0
DA:31,0
DA:32,0
DA:35,0
DA:37,0
DA:38,0
DA:41,0
DA:42,0
DA:43,0
DA:44,0
DA:48,0
DA:49,0
DA:50,0
DA:51,0
DA:52,0
DA:53,0
DA:54,0
LF:29
LH:0
end_of_record
SF:lib/core/provider/view_model/timelines/timelines_view_model.g.dart
DA:9,0
DA:14,0
DA:15,0
LF:3
LH:0
end_of_record
SF:lib/presentation/state/timelines/timelines_state.dart
DA:11,0
DA:16,0
DA:17,0
DA:18,0
LF:4
LH:0
end_of_record
SF:lib/presentation/state/timelines/timelines_state.g.dart
DA:9,0
DA:10,0
DA:12,0
DA:13,0
DA:14,0
DA:17,0
DA:18,0
DA:19,0
DA:23,0
DA:24,0
DA:25,0
DA:26,0
LF:12
LH:0
end_of_record
SF:lib/core/util/auth_core.dart
DA:4,1
DA:7,1
LF:2
LH:2
end_of_record
SF:lib/core/util/date_core.dart
DA:2,1
DA:3,1
DA:4,1
DA:7,1
DA:8,1
DA:9,2
DA:12,1
DA:13,1
DA:14,2
LF:9
LH:9
end_of_record
SF:lib/infrastructure/model/database_schema/image_info/original_image_info.dart
DA:4,0
DA:7,0
DA:8,0
DA:9,0
LF:4
LH:0
end_of_record
SF:lib/presentation/common/purchase_ui_core.dart
DA:5,0
DA:7,0
DA:8,0
DA:10,0
DA:11,0
DA:13,0
DA:14,0
DA:16,0
DA:17,0
DA:19,0
DA:20,0
DA:21,0
DA:24,0
DA:25,0
DA:26,0
DA:34,0
DA:35,0
LF:17
LH:0
end_of_record
SF:lib/core/util/route_core.dart
DA:7,0
DA:8,0
DA:11,0
DA:12,0
DA:15,0
DA:16,0
LF:6
LH:0
end_of_record
SF:lib/presentation/page/chat/chat_page.dart
DA:35,0
DA:45,0
DA:46,0
DA:48,0
DA:50,0
DA:51,0
DA:52,0
DA:54,0
DA:55,0
DA:56,0
DA:59,0
DA:60,0
DA:61,0
DA:62,0
DA:63,0
DA:66,0
DA:67,0
DA:69,0
DA:72,0
DA:73,0
DA:74,0
DA:75,0
DA:76,0
DA:78,0
DA:82,0
DA:84,0
DA:85,0
DA:86,0
DA:88,0
DA:90,0
DA:91,0
DA:92,0
DA:93,0
DA:95,0
DA:96,0
DA:97,0
DA:99,0
DA:100,0
DA:102,0
DA:103,0
DA:104,0
DA:105,0
DA:106,0
DA:107,0
DA:109,0
DA:112,0
DA:113,0
DA:114,0
DA:123,0
DA:124,0
DA:125,0
DA:126,0
DA:128,0
DA:130,0
DA:131,0
DA:133,0
DA:134,0
DA:136,0
DA:139,0
DA:144,0
DA:145,0
DA:146,0
DA:153,0
DA:155,0
DA:156,0
DA:157,0
DA:160,0
DA:161,0
DA:162,0
DA:163,0
DA:164,0
DA:169,0
DA:170,0
DA:179,0
DA:180,0
DA:182,0
DA:184,0
DA:185,0
DA:186,0
DA:188,0
DA:189,0
DA:190,0
DA:192,0
DA:193,0
DA:195,0
DA:197,0
DA:199,0
DA:201,0
DA:202,0
DA:207,0
DA:208,0
DA:210,0
DA:212,0
DA:213,0
DA:214,0
DA:215,0
DA:218,0
DA:219,0
DA:220,0
DA:224,0
DA:225,0
DA:227,0
DA:228,0
DA:229,0
LF:104
LH:0
end_of_record
SF:lib/core/util/search_core.dart
DA:4,2
DA:5,2
DA:6,2
DA:7,4
DA:8,2
DA:13,2
DA:14,2
DA:15,2
DA:16,4
DA:19,4
DA:20,2
DA:21,2
DA:25,2
DA:26,1
DA:30,2
DA:32,2
DA:33,2
DA:34,1
DA:37,8
DA:38,4
DA:39,2
DA:40,2
LF:22
LH:22
end_of_record
SF:lib/infrastructure/model/database_schema/detected_image/detected_image.dart
DA:9,4
DA:16,1
DA:17,1
DA:18,0
DA:19,0
LF:5
LH:3
end_of_record
SF:lib/infrastructure/model/database_schema/detected_image/detected_image.g.dart
DA:9,1
DA:10,1
DA:11,1
DA:13,1
DA:14,1
DA:15,1
DA:17,1
DA:18,1
DA:21,2
DA:22,2
DA:23,2
DA:24,2
DA:25,2
DA:26,2
LF:14
LH:14
end_of_record
SF:lib/infrastructure/model/database_schema/moderation_label/moderation_label.dart
DA:13,0
DA:14,0
LF:2
LH:0
end_of_record
SF:lib/infrastructure/model/database_schema/moderation_label/moderation_label.g.dart
DA:9,0
DA:10,0
DA:11,0
DA:12,0
DA:13,0
DA:16,0
DA:17,0
DA:18,0
DA:19,0
DA:20,0
LF:10
LH:0
end_of_record
SF:lib/infrastructure/model/database_schema/detected_text/detected_text.dart
DA:19,2
DA:20,2
LF:2
LH:2
end_of_record
SF:lib/infrastructure/model/database_schema/detected_text/detected_text.g.dart
DA:9,2
DA:10,2
DA:11,2
DA:12,3
DA:13,3
DA:14,2
DA:15,2
DA:18,1
DA:19,1
DA:20,1
DA:21,1
DA:22,1
DA:23,1
DA:24,1
LF:14
LH:14
end_of_record
SF:lib/infrastructure/model/local_schema/save_text_msg/save_text_msg.dart
DA:9,1
DA:17,1
DA:18,1
DA:19,2
DA:20,2
DA:21,1
DA:22,1
DA:23,1
DA:24,2
LF:9
LH:9
end_of_record
SF:lib/infrastructure/model/local_schema/save_text_msg/save_text_msg.g.dart
DA:9,2
DA:10,2
DA:11,1
DA:12,1
DA:13,1
DA:14,1
DA:17,1
DA:18,1
DA:19,2
DA:20,1
DA:21,1
DA:22,1
DA:23,1
LF:13
LH:13
end_of_record
SF:lib/infrastructure/model/database_schema/timeline/timeline.dart
DA:14,0
DA:15,0
LF:2
LH:0
end_of_record
SF:lib/infrastructure/model/database_schema/timeline/timeline.g.dart
DA:9,0
DA:10,0
DA:11,0
DA:12,0
DA:13,0
DA:16,0
DA:17,0
DA:18,0
DA:19,0
DA:20,0
LF:10
LH:0
end_of_record
SF:lib/infrastructure/model/rest_api/delete_object/request/delete_object_request.dart
DA:8,0
DA:11,0
DA:12,0
LF:3
LH:0
end_of_record
SF:lib/infrastructure/model/rest_api/delete_object/request/delete_object_request.g.dart
DA:9,0
DA:10,0
DA:12,0
DA:14,0
LF:4
LH:0
end_of_record
SF:lib/infrastructure/model/rest_api/delete_object/response/delete_object_response.dart
DA:8,2
DA:11,1
DA:12,1
LF:3
LH:3
end_of_record
SF:lib/infrastructure/model/rest_api/delete_object/response/delete_object_response.g.dart
DA:9,1
DA:11,1
DA:12,1
DA:15,0
DA:17,0
LF:5
LH:3
end_of_record
SF:lib/infrastructure/model/rest_api/get_object/response/get_object_response.dart
DA:8,0
DA:11,0
DA:12,0
LF:3
LH:0
end_of_record
SF:lib/infrastructure/model/rest_api/get_object/response/get_object_response.g.dart
DA:9,0
DA:10,0
DA:12,0
DA:13,0
LF:4
LH:0
end_of_record
SF:lib/infrastructure/model/rest_api/open_ai/generate_image/request/generate_image_request.dart
DA:8,0
DA:13,0
DA:14,0
LF:3
LH:0
end_of_record
SF:lib/infrastructure/model/rest_api/open_ai/generate_image/request/generate_image_request.g.dart
DA:9,0
DA:11,0
DA:12,0
DA:13,0
DA:16,0
DA:18,0
LF:6
LH:0
end_of_record
SF:lib/infrastructure/model/rest_api/put_object/response/put_object_response.dart
DA:8,1
DA:11,1
DA:12,1
LF:3
LH:3
end_of_record
SF:lib/infrastructure/model/rest_api/put_object/response/put_object_response.g.dart
DA:9,1
DA:10,2
DA:12,0
DA:13,0
LF:4
LH:2
end_of_record
SF:lib/infrastructure/model/rest_api/verify_purchase/request/receipt_request.dart
DA:8,0
DA:12,0
DA:13,0
LF:3
LH:0
end_of_record
SF:lib/infrastructure/model/rest_api/verify_purchase/request/receipt_request.g.dart
DA:9,0
DA:10,0
DA:11,0
DA:14,0
DA:15,0
LF:5
LH:0
end_of_record
SF:lib/infrastructure/model/rest_api/verify_purchase/response/android_receipt_response/android_receipt_response.dart
DA:8,0
DA:23,0
DA:24,0
LF:3
LH:0
end_of_record
SF:lib/infrastructure/model/rest_api/verify_purchase/response/android_receipt_response/android_receipt_response.g.dart
DA:9,0
DA:11,0
DA:12,0
DA:13,0
DA:14,0
DA:15,0
DA:16,0
DA:17,0
DA:18,0
DA:19,0
DA:20,0
DA:21,0
DA:22,0
DA:23,0
DA:26,0
DA:28,0
DA:29,0
DA:30,0
DA:31,0
DA:32,0
DA:33,0
DA:34,0
DA:35,0
DA:36,0
DA:37,0
DA:38,0
DA:39,0
DA:40,0
LF:28
LH:0
end_of_record
SF:lib/infrastructure/model/rest_api/verify_purchase/response/ios_receipt_response/ios_receipt_response.dart
DA:8,0
DA:30,0
DA:31,0
DA:32,0
DA:33,0
DA:34,0
LF:6
LH:0
end_of_record
SF:lib/infrastructure/model/rest_api/verify_purchase/response/ios_receipt_response/ios_receipt_response.g.dart
DA:9,0
DA:10,0
DA:11,0
DA:12,0
DA:13,0
DA:14,0
DA:15,0
DA:16,0
DA:17,0
DA:18,0
DA:19,0
DA:20,0
DA:21,0
DA:22,0
DA:23,0
DA:24,0
DA:25,0
DA:27,0
DA:28,0
DA:29,0
DA:30,0
DA:33,0
DA:34,0
DA:35,0
DA:36,0
DA:37,0
DA:38,0
DA:39,0
DA:40,0
DA:41,0
DA:42,0
DA:43,0
DA:44,0
DA:45,0
DA:46,0
DA:47,0
DA:48,0
DA:49,0
DA:50,0
DA:51,0
DA:52,0
DA:53,0
LF:42
LH:0
end_of_record
SF:lib/infrastructure/model/rest_api/verify_purchase/response/ios_receipt_response/pending_renewal_info/pending_renewal_info.dart
DA:8,0
DA:15,0
DA:16,0
DA:17,0
DA:19,0
LF:5
LH:0
end_of_record
SF:lib/infrastructure/model/rest_api/verify_purchase/response/ios_receipt_response/pending_renewal_info/pending_renewal_info.g.dart
DA:9,0
DA:10,0
DA:11,0
DA:12,0
DA:13,0
DA:14,0
DA:17,0
DA:18,0
DA:19,0
DA:20,0
DA:21,0
DA:22,0
LF:12
LH:0
end_of_record
SF:lib/core/util/json_core.dart
DA:4,1
DA:5,1
DA:6,1
LF:3
LH:3
end_of_record
SF:lib/presentation/common/chat_ui_core.dart
DA:7,0
DA:8,0
DA:11,0
DA:13,0
DA:15,0
DA:17,0
DA:22,0
DA:27,0
DA:29,0
DA:30,0
DA:31,0
DA:32,0
DA:33,0
DA:34,0
DA:35,0
DA:39,0
DA:40,0
DA:41,0
DA:42,0
DA:46,0
DA:47,0
LF:21
LH:0
end_of_record
SF:lib/core/extension/number_format_extension.dart
DA:2,1
DA:3,1
DA:4,3
DA:5,1
DA:6,3
DA:7,1
DA:8,3
DA:10,1
LF:8
LH:8
end_of_record
SF:lib/presentation/common/form_ui_core.dart
DA:4,0
DA:5,0
LF:2
LH:0
end_of_record
SF:lib/presentation/common/others.dart
DA:6,0
DA:7,0
DA:8,0
LF:3
LH:0
end_of_record
SF:lib/core/util/size_core.dart
DA:4,15
DA:5,45
DA:6,3
DA:7,9
DA:8,3
DA:9,6
DA:10,15
DA:11,30
DA:12,1
DA:13,2
DA:14,1
DA:15,2
DA:16,1
DA:17,2
DA:18,1
DA:19,2
DA:20,1
DA:21,1
DA:22,1
LF:19
LH:19
end_of_record
SF:lib/presentation/common/padding_core.dart
DA:4,0
DA:5,0
DA:6,0
DA:7,0
DA:8,0
DA:11,0
DA:12,0
DA:13,0
LF:8
LH:0
end_of_record
SF:lib/presentation/common/post_ui_core.dart
DA:5,0
DA:11,0
DA:14,0
DA:15,0
DA:16,0
DA:17,0
DA:20,0
DA:21,0
DA:24,0
DA:25,0
DA:28,0
DA:29,0
LF:12
LH:0
end_of_record
SF:lib/presentation/common/texts.dart
DA:7,0
DA:8,0
DA:12,47
DA:15,3
DA:17,3
DA:18,3
DA:19,3
DA:20,3
DA:29,1
DA:31,1
DA:33,1
DA:34,1
DA:41,0
DA:43,0
DA:45,0
DA:46,0
DA:47,0
DA:48,0
DA:50,0
DA:58,0
DA:59,0
LF:21
LH:10
end_of_record
SF:lib/presentation/common/product_ui_core.dart
DA:4,0
DA:6,0
DA:8,0
DA:10,0
LF:4
LH:0
end_of_record
SF:lib/presentation/common/style_utility.dart
DA:4,0
DA:5,0
DA:7,0
LF:3
LH:0
end_of_record
SF:lib/presentation/common/text_core.dart
DA:4,0
DA:5,0
DA:6,0
DA:9,0
DA:10,0
LF:5
LH:0
end_of_record
SF:lib/presentation/page/common/custom_snack_bar.dart
DA:5,0
DA:7,0
DA:10,0
DA:12,0
DA:15,0
DA:16,0
DA:17,0
DA:18,0
DA:27,0
DA:29,0
LF:10
LH:0
end_of_record
SF:lib/presentation/page/common/subscribed_copyable_text.dart
DA:4,0
DA:7,0
DA:9,0
LF:3
LH:0
end_of_record
SF:lib/presentation/component/basic_height_box.dart
DA:5,353
DA:6,9
DA:8,18
LF:3
LH:3
end_of_record
SF:lib/presentation/component/basic_page.dart
DA:4,90
DA:13,1
DA:15,1
DA:16,1
DA:17,4
DA:18,1
DA:19,2
LF:7
LH:7
end_of_record
SF:lib/presentation/component/basic_width_box.dart
DA:4,265
DA:5,2
LF:2
LH:2
end_of_record
SF:lib/presentation/component/circle_image/circle_image.dart
DA:7,2
DA:17,1
DA:19,1
DA:21,3
LF:4
LH:4
end_of_record
SF:lib/presentation/component/circle_image/components/s3_image.dart
DA:7,3
DA:10,3
DA:12,3
DA:13,3
DA:14,9
DA:17,3
DA:18,3
DA:19,5
DA:20,5
DA:21,3
DA:23,6
LF:11
LH:11
end_of_record
SF:lib/presentation/component/mosaic_card/components/mosaic_post_child.dart
DA:13,0
DA:22,0
DA:24,0
DA:26,0
DA:27,0
DA:28,0
DA:30,0
DA:31,0
DA:33,0
DA:34,0
DA:38,0
DA:39,0
DA:40,0
DA:42,0
DA:43,0
DA:44,0
DA:46,0
DA:47,0
DA:49,0
DA:50,0
DA:51,0
DA:52,0
DA:53,0
DA:55,0
DA:58,0
DA:59,0
DA:60,0
DA:71,0
DA:72,0
LF:29
LH:0
end_of_record
SF:lib/presentation/component/mosaic_card/components/mosaic_user_child.dart
DA:8,1
DA:18,1
DA:20,1
DA:22,1
DA:23,2
DA:25,1
DA:26,0
LF:7
LH:6
end_of_record
SF:lib/presentation/component/mosaic_card/mosaic_card.dart
DA:5,2
DA:7,1
DA:9,1
DA:10,1
DA:12,1
DA:13,1
DA:14,1
DA:15,1
DA:22,1
LF:9
LH:9
end_of_record
SF:lib/presentation/component/official_mark.dart
DA:4,89
DA:5,1
DA:7,1
DA:10,3
LF:4
LH:4
end_of_record
SF:lib/presentation/component/original_drawer.dart
DA:24,44
DA:25,0
DA:27,0
DA:28,0
DA:29,0
DA:30,0
DA:31,0
DA:32,0
DA:33,0
DA:34,0
DA:35,0
DA:36,0
DA:37,0
DA:38,0
DA:39,0
DA:41,0
DA:42,0
DA:43,0
DA:44,0
DA:45,0
DA:46,0
DA:47,0
DA:50,0
DA:51,0
DA:53,0
DA:54,0
DA:55,0
DA:57,0
DA:58,0
DA:59,0
DA:62,0
DA:63,0
DA:71,0
DA:72,0
DA:74,0
DA:80,0
DA:82,0
DA:83,0
DA:89,0
DA:93,0
DA:94,0
DA:97,0
DA:99,0
DA:100,0
DA:103,0
DA:105,0
DA:107,0
DA:108,0
DA:110,0
DA:112,0
DA:114,0
DA:115,0
DA:117,0
DA:120,0
DA:122,0
DA:123,0
DA:126,0
DA:127,0
DA:131,0
DA:133,0
LF:60
LH:1
end_of_record
SF:lib/presentation/page/accounts_page.dart
DA:15,44
DA:18,0
DA:20,0
DA:21,0
DA:22,0
DA:23,0
DA:24,0
DA:26,0
DA:27,0
DA:28,0
DA:29,0
DA:30,0
DA:31,0
DA:32,0
DA:34,0
DA:35,0
DA:36,0
DA:38,0
DA:39,0
DA:42,0
DA:43,0
DA:44,0
DA:45,0
DA:46,0
DA:48,0
DA:49,0
DA:53,0
DA:60,0
DA:63,0
LF:29
LH:1
end_of_record
SF:lib/presentation/page/admin_page.dart
DA:10,44
DA:12,0
DA:14,0
DA:16,0
DA:17,0
DA:18,0
DA:19,0
DA:20,0
DA:22,0
DA:23,0
DA:27,0
DA:29,0
DA:31,0
DA:32,0
DA:37,0
DA:38,0
LF:16
LH:1
end_of_record
SF:lib/presentation/page/auth/login_page.dart
DA:11,44
DA:13,0
DA:15,0
DA:16,0
DA:17,0
DA:18,0
DA:19,0
DA:20,0
DA:21,0
DA:22,0
DA:23,0
DA:24,0
DA:25,0
DA:28,0
DA:34,0
DA:35,0
DA:36,0
DA:37,0
DA:38,0
DA:39,0
DA:42,0
LF:21
LH:1
end_of_record
SF:lib/presentation/page/mute/mute_posts/mute_posts_page.dart
DA:10,44
DA:12,0
DA:14,0
DA:15,0
DA:16,0
DA:18,0
DA:19,0
DA:20,0
DA:22,0
DA:23,0
DA:24,0
LF:11
LH:1
end_of_record
SF:lib/presentation/page/mute/mute_users/mute_users_page.dart
DA:15,44
DA:17,0
DA:19,0
DA:20,0
DA:21,0
DA:22,0
DA:23,0
DA:25,0
DA:26,0
DA:27,0
DA:28,0
DA:29,0
DA:30,0
DA:31,0
DA:32,0
DA:33,0
DA:34,0
DA:35,0
DA:39,0
DA:41,0
DA:42,0
DA:43,0
DA:44,0
DA:45,0
DA:47,0
LF:25
LH:1
end_of_record
SF:lib/presentation/page/user_profile_page.dart
DA:10,0
DA:13,0
DA:14,0
DA:16,0
DA:17,0
DA:18,0
DA:19,0
DA:20,0
DA:22,0
DA:23,0
DA:25,0
DA:27,0
DA:28,0
LF:13
LH:0
end_of_record
SF:lib/presentation/component/post_card.dart
DA:22,0
DA:31,0
DA:33,0
DA:34,0
DA:36,0
DA:37,0
DA:38,0
DA:39,0
DA:41,0
DA:42,0
DA:43,0
DA:44,0
DA:46,0
DA:51,0
DA:52,0
DA:53,0
DA:54,0
DA:56,0
DA:61,0
DA:62,0
DA:63,0
DA:64,0
DA:65,0
DA:66,0
DA:71,0
DA:72,0
DA:73,0
DA:75,0
DA:78,0
DA:79,0
DA:80,0
DA:81,0
DA:83,0
DA:85,0
DA:86,0
DA:87,0
DA:89,0
DA:91,0
DA:92,0
DA:94,0
DA:96,0
DA:98,0
DA:99,0
DA:100,0
DA:101,0
DA:105,0
DA:106,0
DA:107,0
DA:108,0
DA:110,0
LF:50
LH:0
end_of_record
SF:lib/presentation/page/common/async_page/async_screen/async_screen.dart
DA:7,0
DA:10,0
DA:12,0
DA:13,0
DA:14,0
DA:15,0
LF:6
LH:0
end_of_record
SF:lib/presentation/page/screen/refresh_screen/components/post_like_button.dart
DA:14,0
DA:21,0
DA:23,0
DA:24,0
DA:25,0
DA:26,0
DA:28,0
DA:29,0
DA:30,0
DA:31,0
DA:33,0
DA:35,0
DA:36,0
DA:37,0
DA:38,0
DA:41,0
DA:42,0
DA:44,0
DA:46,0
DA:47,0
DA:48,0
DA:49,0
DA:50,0
DA:51,0
DA:52,0
DA:53,0
DA:58,0
DA:60,0
DA:61,0
DA:62,0
DA:63,0
DA:66,0
DA:67,0
DA:69,0
DA:71,0
DA:72,0
DA:73,0
DA:74,0
DA:75,0
DA:76,0
DA:77,0
DA:78,0
DA:83,0
DA:85,0
DA:88,0
DA:91,0
DA:92,0
DA:93,0
LF:48
LH:0
end_of_record
SF:lib/presentation/page/screen/refresh_screen/components/post_msg_button.dart
DA:8,0
DA:15,0
DA:17,0
DA:18,0
DA:20,0
DA:22,0
DA:24,0
DA:27,0
DA:30,0
LF:9
LH:0
end_of_record
SF:lib/presentation/component/rounded_button.dart
DA:7,4
DA:22,3
DA:24,6
DA:25,3
DA:26,9
DA:27,3
DA:28,6
DA:29,3
DA:30,3
DA:31,7
DA:33,3
DA:35,3
DA:36,1
DA:37,1
DA:38,1
DA:40,3
DA:43,3
DA:44,3
DA:46,7
LF:19
LH:19
end_of_record
SF:lib/presentation/component/rounded_input_field.dart
DA:6,1
DA:15,1
DA:17,1
DA:18,1
DA:19,1
DA:22,1
DA:23,3
DA:24,1
DA:25,1
DA:26,1
LF:10
LH:10
end_of_record
SF:lib/presentation/component/text_field_container.dart
DA:5,10
DA:9,9
DA:11,18
DA:12,9
DA:13,9
DA:14,9
DA:15,9
DA:17,18
DA:18,9
DA:19,27
DA:20,9
DA:22,9
LF:12
LH:12
end_of_record
SF:lib/presentation/component/user_card.dart
DA:19,0
DA:27,0
DA:29,0
DA:30,0
DA:31,0
DA:33,0
DA:34,0
DA:35,0
DA:36,0
DA:37,0
DA:38,0
DA:39,0
DA:40,0
DA:46,0
DA:49,0
DA:50,0
DA:51,0
DA:52,0
DA:53,0
DA:58,0
DA:63,0
DA:64,0
DA:65,0
DA:67,0
DA:69,0
DA:71,0
DA:73,0
DA:74,0
DA:77,0
DA:78,0
DA:79,0
DA:81,0
DA:82,0
DA:87,0
DA:88,0
DA:91,0
DA:92,0
LF:37
LH:0
end_of_record
SF:lib/presentation/page/auth/logouted_page.dart
DA:7,44
DA:9,0
LF:2
LH:1
end_of_record
SF:lib/presentation/page/auth/reauthenticate_to_delete_page.dart
DA:13,44
DA:15,0
DA:17,0
DA:18,0
DA:19,0
DA:20,0
DA:21,0
DA:22,0
DA:23,0
DA:24,0
DA:25,0
DA:26,0
DA:27,0
DA:29,0
DA:31,0
DA:37,0
DA:40,0
DA:41,0
DA:42,0
DA:43,0
DA:44,0
DA:45,0
DA:47,0
DA:49,0
DA:53,0
LF:25
LH:1
end_of_record
SF:lib/presentation/page/auth/user_deleted_page.dart
DA:7,44
DA:9,0
LF:2
LH:1
end_of_record
SF:lib/presentation/page/maintenance/maintenance_page.dart
DA:10,44
DA:12,0
DA:14,0
DA:15,0
DA:16,0
DA:18,0
DA:20,0
DA:21,0
DA:22,0
DA:24,0
LF:10
LH:1
end_of_record
SF:lib/presentation/page/check_page/first_page.dart
DA:10,44
DA:12,0
DA:14,0
DA:15,0
LF:4
LH:1
end_of_record
SF:lib/presentation/page/create_post/create_post_page.dart
DA:16,44
DA:19,0
DA:21,0
DA:23,0
DA:24,0
DA:25,0
DA:26,0
DA:29,0
DA:31,0
DA:32,0
DA:35,0
DA:38,0
DA:39,0
DA:40,0
DA:41,0
DA:42,0
DA:43,0
DA:45,0
DA:46,0
DA:51,0
DA:53,0
DA:54,0
DA:59,0
DA:61,0
DA:63,0
DA:64,0
LF:26
LH:1
end_of_record
SF:lib/presentation/page/edit/edit_page.dart
DA:17,44
DA:20,0
DA:23,0
DA:24,0
DA:25,0
DA:27,0
DA:28,0
DA:29,0
DA:30,0
DA:31,0
DA:32,0
DA:33,0
DA:35,0
DA:36,0
DA:41,0
DA:43,0
DA:44,0
DA:46,0
DA:47,0
DA:51,0
DA:52,0
DA:53,0
DA:54,0
DA:55,0
DA:56,0
DA:57,0
DA:58,0
DA:59,0
DA:60,0
DA:61,0
DA:66,0
DA:67,0
DA:78,0
DA:79,0
LF:34
LH:1
end_of_record
SF:lib/presentation/page/generate_image/generate_image_page.dart
DA:19,44
DA:21,0
DA:23,0
DA:24,0
DA:25,0
DA:26,0
DA:27,0
DA:28,0
DA:30,0
DA:31,0
DA:32,0
DA:33,0
DA:35,0
DA:37,0
DA:39,0
DA:44,0
DA:47,0
DA:48,0
DA:51,0
DA:52,0
DA:53,0
DA:55,0
DA:56,0
DA:57,0
DA:59,0
DA:61,0
DA:66,0
DA:68,0
DA:69,0
DA:70,0
DA:71,0
DA:73,0
DA:74,0
DA:75,0
DA:77,0
DA:78,0
DA:86,0
DA:87,0
LF:38
LH:1
end_of_record
SF:lib/presentation/page/main/subscribe/subscribe_page.dart
DA:8,44
DA:10,0
LF:2
LH:1
end_of_record
SF:lib/presentation/page/screen/login_screen.dart
DA:12,0
DA:21,0
DA:23,0
DA:24,0
DA:25,0
DA:27,0
DA:28,0
DA:29,0
DA:34,0
DA:35,0
DA:36,0
DA:42,0
DA:44,0
DA:47,0
DA:51,0
DA:55,0
DA:56,0
DA:58,0
DA:59,0
DA:60,0
DA:61,0
DA:63,0
LF:22
LH:0
end_of_record
SF:lib/presentation/page/screen/svg_and_msg_screen.dart
DA:7,88
DA:18,0
DA:20,0
DA:22,0
DA:23,0
DA:25,0
DA:26,0
DA:27,0
DA:28,0
DA:29,0
DA:30,0
DA:35,0
DA:36,0
DA:37,0
DA:38,0
DA:39,0
DA:41,0
DA:43,0
DA:44,0
DA:45,0
DA:46,0
DA:47,0
DA:49,0
DA:50,0
DA:51,0
DA:52,0
LF:26
LH:1
end_of_record
SF:lib/presentation/page/chat/components/menu_button.dart
DA:5,1
DA:8,1
DA:10,2
LF:3
LH:3
end_of_record
SF:lib/presentation/page/chat/components/msg_card.dart
DA:11,0
DA:26,0
DA:29,0
DA:30,0
DA:31,0
DA:32,0
DA:34,0
DA:35,0
DA:36,0
DA:37,0
DA:38,0
DA:42,0
DA:44,0
DA:45,0
DA:47,0
DA:51,0
DA:52,0
DA:53,0
DA:54,0
DA:55,0
DA:56,0
DA:58,0
DA:60,0
DA:63,0
DA:64,0
DA:66,0
DA:69,0
DA:70,0
DA:72,0
DA:73,0
DA:74,0
DA:75,0
DA:77,0
DA:78,0
DA:82,0
DA:83,0
DA:84,0
DA:86,0
LF:38
LH:0
end_of_record
SF:lib/presentation/page/common/async_page/async_page.dart
DA:7,0
DA:10,0
DA:12,0
DA:13,0
DA:14,0
DA:15,0
LF:6
LH:0
end_of_record
SF:lib/presentation/component/app_bar_action.dart
DA:4,4
DA:7,3
DA:9,3
DA:11,9
LF:4
LH:4
end_of_record
SF:lib/presentation/page/chat/components/delete_post_button.dart
DA:5,2
DA:7,1
DA:9,1
DA:10,1
LF:4
LH:4
end_of_record
SF:lib/presentation/page/check_page/components/terms_screen.dart
DA:9,44
DA:10,0
DA:12,0
DA:13,0
DA:16,0
DA:18,0
DA:19,0
DA:20,0
DA:21,0
DA:23,0
DA:24,0
DA:26,0
DA:27,0
DA:28,0
DA:31,0
DA:32,0
DA:33,0
DA:36,0
DA:39,0
DA:40,0
LF:20
LH:1
end_of_record
SF:lib/core/util/url_redirector.dart
DA:6,3
DA:7,0
DA:8,0
DA:12,3
DA:13,0
DA:14,0
DA:18,3
DA:19,0
DA:20,0
LF:9
LH:3
end_of_record
SF:lib/presentation/page/main/my_home_page.dart
DA:21,0
DA:22,0
DA:24,0
DA:25,0
DA:26,0
DA:27,0
DA:28,0
DA:29,0
DA:30,0
DA:32,0
DA:33,0
DA:34,0
DA:35,0
DA:38,0
DA:40,0
DA:41,0
DA:44,0
DA:46,0
DA:47,0
DA:48,0
DA:49,0
DA:56,0
DA:57,0
LF:23
LH:0
end_of_record
SF:lib/presentation/page/common/async_page/async_screen/error_screen.dart
DA:4,0
DA:6,0
DA:8,0
LF:3
LH:0
end_of_record
SF:lib/presentation/page/screen/loading_screen.dart
DA:5,176
DA:6,0
DA:8,0
DA:10,0
DA:11,0
DA:14,0
DA:16,0
DA:19,0
DA:20,0
LF:9
LH:1
end_of_record
SF:lib/presentation/page/common/bottom_navigation_bar_elements.dart
DA:4,0
LF:1
LH:0
end_of_record
SF:lib/presentation/page/common/forms_screen.dart
DA:5,0
DA:12,0
DA:14,0
DA:15,0
DA:16,0
DA:17,0
DA:18,0
DA:19,0
DA:20,0
DA:25,0
LF:10
LH:0
end_of_record
SF:lib/presentation/page/common/ranking_tab_bar_elements.dart
DA:2,0
DA:6,0
DA:7,0
DA:8,0
LF:4
LH:0
end_of_record
SF:lib/presentation/page/create_post/components/create_post_form.dart
DA:11,1
DA:22,1
DA:24,3
DA:26,1
DA:27,2
DA:28,1
DA:29,1
DA:30,1
DA:31,1
DA:35,1
DA:36,1
DA:38,2
DA:39,1
DA:41,1
DA:42,2
DA:43,1
DA:45,1
DA:46,2
DA:47,1
LF:19
LH:19
end_of_record
SF:lib/presentation/page/create_post/components/description_field.dart
DA:7,2
DA:16,2
DA:18,2
DA:19,2
DA:24,2
DA:25,2
DA:31,2
DA:32,2
DA:33,2
DA:35,2
DA:36,0
LF:11
LH:10
end_of_record
SF:lib/presentation/page/create_post/components/system_prompt_field.dart
DA:7,2
DA:16,2
DA:18,2
DA:19,2
DA:24,2
DA:25,2
DA:28,2
DA:29,2
DA:30,2
DA:32,4
DA:33,0
DA:37,2
LF:12
LH:11
end_of_record
SF:lib/presentation/page/create_post/components/title_field.dart
DA:9,2
DA:18,2
DA:20,2
DA:21,2
DA:23,2
DA:24,2
DA:27,2
DA:28,2
DA:29,4
DA:31,2
DA:32,0
DA:33,1
DA:34,0
LF:13
LH:11
end_of_record
SF:lib/presentation/page/create_post/components/form_label.dart
DA:6,222
DA:9,8
DA:11,8
DA:13,8
DA:14,8
DA:15,16
DA:17,8
DA:18,0
LF:8
LH:7
end_of_record
SF:lib/presentation/page/create_post/components/original_form.dart
DA:5,7
DA:23,7
DA:25,7
DA:26,7
DA:27,7
DA:28,7
DA:29,7
DA:30,7
DA:31,7
DA:32,7
DA:33,7
LF:11
LH:11
end_of_record
SF:lib/presentation/page/create_post/components/image_picker_widget.dart
DA:12,1
DA:21,1
DA:23,3
DA:24,2
DA:26,1
DA:29,1
DA:31,1
DA:32,1
DA:33,1
DA:37,1
DA:38,1
DA:44,1
DA:45,1
DA:46,1
DA:49,1
DA:56,45
DA:58,1
DA:60,1
DA:61,0
DA:62,1
DA:64,4
LF:21
LH:20
end_of_record
SF:lib/presentation/page/create_post/components/submit_button_widget.dart
DA:5,2
DA:14,1
DA:16,1
DA:19,2
DA:20,2
LF:5
LH:5
end_of_record
SF:lib/presentation/page/edit/components/bio_field.dart
DA:7,2
DA:16,2
DA:18,2
DA:19,2
DA:21,2
DA:22,2
DA:25,2
DA:26,2
DA:27,2
DA:29,2
DA:30,1
LF:11
LH:11
end_of_record
SF:lib/presentation/page/edit/components/edit_profile_form.dart
DA:9,1
DA:18,1
DA:20,3
DA:22,1
DA:23,1
DA:24,1
DA:25,1
DA:26,1
DA:30,1
DA:32,1
DA:33,2
DA:34,1
DA:37,1
DA:38,2
DA:39,1
LF:15
LH:15
end_of_record
SF:lib/presentation/page/edit/components/username_field.dart
DA:9,2
DA:18,2
DA:20,2
DA:21,2
DA:23,2
DA:24,2
DA:26,2
DA:27,2
DA:28,4
DA:30,2
DA:31,1
DA:35,1
DA:36,0
LF:13
LH:12
end_of_record
SF:lib/presentation/page/edit/components/profile_image_widget.dart
DA:6,1
DA:15,1
DA:17,3
DA:20,1
DA:21,1
DA:22,1
DA:24,2
LF:7
LH:7
end_of_record
SF:lib/presentation/page/edit/components/update_button_widget.dart
DA:5,1
DA:9,1
DA:11,2
LF:3
LH:3
end_of_record
SF:lib/presentation/page/loading_page.dart
DA:6,44
DA:7,0
LF:2
LH:1
end_of_record
SF:lib/presentation/page/generate_image/components/generated_image.dart
DA:7,2
DA:10,1
DA:13,2
DA:15,1
DA:18,1
DA:21,1
DA:25,1
LF:7
LH:7
end_of_record
SF:lib/presentation/page/main/components/main_floating_action_button.dart
DA:7,2
DA:9,1
DA:11,1
DA:12,1
DA:14,0
LF:5
LH:4
end_of_record
SF:lib/presentation/page/main/feeds/feeds_page.dart
DA:8,44
DA:9,0
DA:11,0
DA:12,0
DA:13,0
DA:14,0
DA:16,0
DA:17,0
DA:18,0
LF:9
LH:1
end_of_record
SF:lib/presentation/page/screen/refresh_screen/posts_refresh_screen.dart
DA:10,0
DA:19,0
DA:21,0
DA:22,0
DA:23,0
DA:24,0
DA:25,0
DA:26,0
DA:27,0
DA:29,0
DA:32,0
DA:37,0
DA:38,0
DA:39,0
DA:41,0
DA:43,0
DA:45,0
DA:47,0
DA:48,0
DA:53,0
DA:54,0
DA:55,0
DA:56,0
DA:57,0
DA:59,0
LF:25
LH:0
end_of_record
SF:lib/presentation/page/main/new_posts/new_posts_screen.dart
DA:8,44
DA:9,0
DA:11,0
DA:12,0
DA:13,0
DA:14,0
DA:15,0
DA:17,0
DA:18,0
DA:19,0
LF:10
LH:1
end_of_record
SF:lib/presentation/page/main/ranking/ranking_screen.dart
DA:8,44
DA:9,0
DA:11,0
DA:12,0
DA:13,0
DA:14,0
DA:15,0
DA:16,0
DA:17,0
DA:20,0
DA:23,0
DA:24,0
DA:25,0
LF:13
LH:1
end_of_record
SF:lib/presentation/page/main/subscribe/subscribe_screen.dart
DA:8,88
DA:9,0
LF:2
LH:1
end_of_record
SF:lib/presentation/page/main/ranking/components/post_ranking_screen.dart
DA:8,44
DA:9,0
DA:11,0
DA:12,0
DA:13,0
DA:14,0
DA:16,0
DA:17,0
DA:18,0
LF:9
LH:1
end_of_record
SF:lib/presentation/page/main/ranking/components/user_ranking_screen.dart
DA:11,44
DA:12,0
DA:14,0
DA:15,0
DA:16,0
DA:18,0
DA:19,0
DA:20,0
DA:21,0
DA:22,0
DA:23,0
DA:24,0
DA:25,0
DA:26,0
DA:27,0
DA:28,0
DA:29,0
DA:31,0
LF:18
LH:1
end_of_record
SF:lib/presentation/page/screen/refresh_screen/users_refresh_screen.dart
DA:8,0
DA:17,0
DA:19,0
DA:20,0
DA:21,0
DA:22,0
DA:23,0
DA:24,0
DA:25,0
DA:27,0
DA:32,0
DA:33,0
DA:34,0
DA:36,0
DA:38,0
DA:40,0
DA:42,0
LF:17
LH:0
end_of_record
SF:lib/presentation/page/main/subscribe/components/plan_description.dart
DA:5,44
DA:7,0
DA:9,0
DA:11,0
LF:4
LH:1
end_of_record
SF:lib/presentation/page/main/subscribe/components/policy_button.dart
DA:4,44
DA:7,0
DA:9,0
DA:11,0
DA:12,0
DA:13,0
DA:14,0
DA:15,0
DA:17,0
LF:9
LH:1
end_of_record
SF:lib/presentation/page/main/subscribe/components/policy_buttons.dart
DA:8,44
DA:9,0
DA:11,0
DA:12,0
DA:14,0
DA:20,0
DA:21,0
LF:7
LH:1
end_of_record
SF:lib/presentation/page/main/subscribe/components/product_list.dart
DA:15,44
DA:17,0
DA:19,0
DA:20,0
DA:21,0
DA:22,0
DA:24,0
DA:26,0
DA:28,0
DA:33,0
DA:38,0
DA:39,0
DA:41,0
DA:44,0
DA:45,0
DA:46,0
DA:49,0
DA:51,0
DA:52,0
DA:54,0
DA:56,0
DA:57,0
DA:58,0
DA:59,0
DA:60,0
DA:64,0
DA:67,0
DA:68,0
DA:69,0
DA:74,0
DA:75,0
DA:83,0
DA:85,0
LF:33
LH:1
end_of_record
SF:lib/presentation/page/main/subscribe/components/purchase_button.dart
DA:6,0
DA:13,0
DA:16,0
DA:17,0
DA:19,0
DA:22,0
DA:26,0
LF:7
LH:0
end_of_record
SF:lib/presentation/page/main/subscribe/components/restore_button.dart
DA:7,44
DA:8,0
DA:10,0
DA:12,0
DA:14,0
DA:15,0
DA:18,0
DA:19,0
DA:20,0
DA:22,0
DA:23,0
DA:24,0
DA:27,0
DA:29,0
DA:31,0
LF:15
LH:1
end_of_record
SF:lib/presentation/page/mute/mute_users/component/mute_user_card.dart
DA:9,0
DA:18,0
DA:20,0
DA:21,0
DA:22,0
DA:23,0
LF:6
LH:0
end_of_record
SF:lib/presentation/page/screen/gradient_screen.dart
DA:6,0
DA:19,0
DA:21,0
DA:22,0
DA:23,0
DA:24,0
DA:26,0
DA:27,0
DA:29,0
DA:30,0
DA:31,0
DA:32,0
DA:36,0
DA:38,0
DA:39,0
DA:40,0
DA:41,0
DA:42,0
DA:43,0
DA:44,0
DA:45,0
DA:46,0
DA:47,0
DA:48,0
DA:51,0
LF:25
LH:0
end_of_record
SF:lib/presentation/page/screen/profile_screen/components/edit_button.dart
DA:7,44
DA:8,0
DA:10,0
DA:11,0
DA:14,0
LF:5
LH:1
end_of_record
SF:lib/presentation/page/screen/profile_screen/components/follow_button.dart
DA:5,0
DA:14,0
DA:16,0
DA:17,0
DA:18,0
DA:20,0
LF:6
LH:0
end_of_record
SF:lib/presentation/page/screen/profile_screen/profile_screen.dart
DA:23,0
DA:36,0
DA:38,0
DA:39,0
DA:40,0
DA:41,0
DA:43,0
DA:44,0
DA:48,0
DA:49,0
DA:50,0
DA:51,0
DA:52,0
DA:53,0
DA:54,0
DA:55,0
DA:59,0
DA:60,0
DA:62,0
DA:63,0
DA:66,0
DA:68,0
DA:69,0
DA:71,0
DA:72,0
DA:73,0
DA:74,0
DA:75,0
DA:76,0
DA:79,0
DA:80,0
DA:81,0
DA:82,0
DA:84,0
DA:85,0
DA:87,0
DA:89,0
DA:90,0
DA:98,0
LF:39
LH:0
end_of_record
SF:lib/core/util/date_converter.dart
DA:2,1
DA:3,1
DA:4,2
DA:5,1
DA:6,1
DA:9,1
DA:10,7
DA:13,3
DA:15,1
DA:16,3
DA:17,3
DA:18,3
LF:12
LH:12
end_of_record
SF:lib/presentation/common/validator/post_validator.dart
DA:5,1
DA:7,1
DA:8,1
DA:9,1
DA:10,1
DA:11,1
DA:15,1
DA:18,1
DA:19,2
DA:23,1
DA:26,1
DA:27,2
DA:31,1
DA:34,1
DA:35,2
LF:15
LH:15
end_of_record
SF:lib/presentation/page/chat/components/latex_text.dart
DA:5,2
DA:7,1
DA:9,2
LF:3
LH:3
end_of_record
